   1              		.syntax unified
   2              		.cpu cortex-m3
   3              		.fpu softvfp
   4              		.eabi_attribute 20, 1
   5              		.eabi_attribute 21, 1
   6              		.eabi_attribute 23, 3
   7              		.eabi_attribute 24, 1
   8              		.eabi_attribute 25, 1
   9              		.eabi_attribute 26, 1
  10              		.eabi_attribute 30, 6
  11              		.eabi_attribute 34, 1
  12              		.eabi_attribute 18, 4
  13              		.thumb
  14              		.file	"opensensors.c"
  15              		.text
  16              	.Ltext0:
  17              		.cfi_sections	.debug_frame
  18              		.section	.rodata
  19              		.align	2
  22              	rreg_uriquery:
  23 0000 683D7563 		.ascii	"h=ucb\000"
  23      6200
  24 0006 0000     		.align	2
  27              	infoBoardname:
  28 0008 43433235 		.ascii	"CC2538\000"
  28      333800
  29 000f 00       		.align	2
  32              	infouCName:
  33 0010 43433235 		.ascii	"CC2538\000"
  33      333800
  34 0017 00       		.align	2
  37              	infoRadioName:
  38 0018 43433235 		.ascii	"CC2538 SoC\000"
  38      33382053 
  38      6F4300
  39 0023 00       		.align	2
  42              	infoStackName:
  43 0024 4F70656E 		.ascii	"OpenWSN \000"
  43      57534E20 
  43      00
  44              		.comm	opensensors_vars,88,4
  45 002d 000000   		.text
  46              		.align	2
  47              		.global	opensensors_init
  48              		.thumb
  49              		.thumb_func
  51              	opensensors_init:
  52              	.LFB0:
  53              		.file 1 "build/openmote-cc2538_armgcc/drivers/common/opensensors.c"
   1:build/openmote-cc2538_armgcc/drivers/common/opensensors.c **** /**
   2:build/openmote-cc2538_armgcc/drivers/common/opensensors.c **** \brief Definition of the "opensensors" driver.
   3:build/openmote-cc2538_armgcc/drivers/common/opensensors.c **** 
   4:build/openmote-cc2538_armgcc/drivers/common/opensensors.c **** \author Nicola Accettura <nicola.accettura@eecs.berkeley.edu>, March 2015.
   5:build/openmote-cc2538_armgcc/drivers/common/opensensors.c **** */
   6:build/openmote-cc2538_armgcc/drivers/common/opensensors.c **** 
   7:build/openmote-cc2538_armgcc/drivers/common/opensensors.c **** #include "opendefs.h"
   8:build/openmote-cc2538_armgcc/drivers/common/opensensors.c **** #include "opensensors.h"
   9:build/openmote-cc2538_armgcc/drivers/common/opensensors.c **** #include "sensors.h"
  10:build/openmote-cc2538_armgcc/drivers/common/opensensors.c **** 
  11:build/openmote-cc2538_armgcc/drivers/common/opensensors.c **** //=========================== defines =========================================
  12:build/openmote-cc2538_armgcc/drivers/common/opensensors.c **** 
  13:build/openmote-cc2538_armgcc/drivers/common/opensensors.c **** //=========================== variables =======================================
  14:build/openmote-cc2538_armgcc/drivers/common/opensensors.c **** 
  15:build/openmote-cc2538_armgcc/drivers/common/opensensors.c **** opensensors_vars_t opensensors_vars;
  16:build/openmote-cc2538_armgcc/drivers/common/opensensors.c **** 
  17:build/openmote-cc2538_armgcc/drivers/common/opensensors.c **** //=========================== prototypes ======================================
  18:build/openmote-cc2538_armgcc/drivers/common/opensensors.c **** 
  19:build/openmote-cc2538_armgcc/drivers/common/opensensors.c **** void opensensors_register(
  20:build/openmote-cc2538_armgcc/drivers/common/opensensors.c ****    uint8_t sensorType
  21:build/openmote-cc2538_armgcc/drivers/common/opensensors.c **** );
  22:build/openmote-cc2538_armgcc/drivers/common/opensensors.c **** 
  23:build/openmote-cc2538_armgcc/drivers/common/opensensors.c **** //=========================== public ==========================================
  24:build/openmote-cc2538_armgcc/drivers/common/opensensors.c **** 
  25:build/openmote-cc2538_armgcc/drivers/common/opensensors.c **** /**
  26:build/openmote-cc2538_armgcc/drivers/common/opensensors.c ****    \brief Initialize OpenSensors
  27:build/openmote-cc2538_armgcc/drivers/common/opensensors.c **** */
  28:build/openmote-cc2538_armgcc/drivers/common/opensensors.c **** void opensensors_init(void) {
  54              		.loc 1 28 0
  55              		.cfi_startproc
  56              		@ args = 0, pretend = 0, frame = 8
  57              		@ frame_needed = 1, uses_anonymous_args = 0
  58 0000 80B5     		push	{r7, lr}
  59              		.cfi_def_cfa_offset 8
  60              		.cfi_offset 7, -8
  61              		.cfi_offset 14, -4
  62 0002 82B0     		sub	sp, sp, #8
  63              		.cfi_def_cfa_offset 16
  64 0004 00AF     		add	r7, sp, #0
  65              		.cfi_def_cfa_register 7
  29:build/openmote-cc2538_armgcc/drivers/common/opensensors.c ****    uint8_t sensorType;
  30:build/openmote-cc2538_armgcc/drivers/common/opensensors.c ****    
  31:build/openmote-cc2538_armgcc/drivers/common/opensensors.c ****    memset(&opensensors_vars,0,sizeof(opensensors_vars_t));
  66              		.loc 1 31 0
  67 0006 40F20000 		movw	r0, #:lower16:opensensors_vars
  68 000a C0F20000 		movt	r0, #:upper16:opensensors_vars
  69 000e 0021     		movs	r1, #0
  70 0010 5822     		movs	r2, #88
  71 0012 FFF7FEFF 		bl	memset
  32:build/openmote-cc2538_armgcc/drivers/common/opensensors.c ****    for (sensorType=SENSOR_ZERO+1;sensorType<SENSOR_LAST;sensorType++) {
  72              		.loc 1 32 0
  73 0016 0123     		movs	r3, #1
  74 0018 FB71     		strb	r3, [r7, #7]
  75 001a 06E0     		b	.L2
  76              	.L3:
  33:build/openmote-cc2538_armgcc/drivers/common/opensensors.c ****       opensensors_register(sensorType);
  77              		.loc 1 33 0 discriminator 2
  78 001c FB79     		ldrb	r3, [r7, #7]	@ zero_extendqisi2
  79 001e 1846     		mov	r0, r3
  80 0020 FFF7FEFF 		bl	opensensors_register
  32:build/openmote-cc2538_armgcc/drivers/common/opensensors.c ****    for (sensorType=SENSOR_ZERO+1;sensorType<SENSOR_LAST;sensorType++) {
  81              		.loc 1 32 0 discriminator 2
  82 0024 FB79     		ldrb	r3, [r7, #7]	@ zero_extendqisi2
  83 0026 0133     		adds	r3, r3, #1
  84 0028 FB71     		strb	r3, [r7, #7]
  85              	.L2:
  32:build/openmote-cc2538_armgcc/drivers/common/opensensors.c ****    for (sensorType=SENSOR_ZERO+1;sensorType<SENSOR_LAST;sensorType++) {
  86              		.loc 1 32 0 is_stmt 0 discriminator 1
  87 002a FB79     		ldrb	r3, [r7, #7]	@ zero_extendqisi2
  88 002c 082B     		cmp	r3, #8
  89 002e F5D9     		bls	.L3
  34:build/openmote-cc2538_armgcc/drivers/common/opensensors.c ****    }
  35:build/openmote-cc2538_armgcc/drivers/common/opensensors.c **** }
  90              		.loc 1 35 0 is_stmt 1
  91 0030 0837     		adds	r7, r7, #8
  92 0032 BD46     		mov	sp, r7
  93              		@ sp needed
  94 0034 80BD     		pop	{r7, pc}
  95              		.cfi_endproc
  96              	.LFE0:
  98 0036 00BF     		.align	2
  99              		.global	opensensors_getNumSensors
 100              		.thumb
 101              		.thumb_func
 103              	opensensors_getNumSensors:
 104              	.LFB1:
  36:build/openmote-cc2538_armgcc/drivers/common/opensensors.c **** 
  37:build/openmote-cc2538_armgcc/drivers/common/opensensors.c **** /**
  38:build/openmote-cc2538_armgcc/drivers/common/opensensors.c ****    \brief Return the number of registered OpenSensors
  39:build/openmote-cc2538_armgcc/drivers/common/opensensors.c ****    \returns the number of registered OpenSensors.
  40:build/openmote-cc2538_armgcc/drivers/common/opensensors.c **** */
  41:build/openmote-cc2538_armgcc/drivers/common/opensensors.c **** uint8_t opensensors_getNumSensors(void) {
 105              		.loc 1 41 0
 106              		.cfi_startproc
 107              		@ args = 0, pretend = 0, frame = 0
 108              		@ frame_needed = 1, uses_anonymous_args = 0
 109              		@ link register save eliminated.
 110 0038 80B4     		push	{r7}
 111              		.cfi_def_cfa_offset 4
 112              		.cfi_offset 7, -4
 113 003a 00AF     		add	r7, sp, #0
 114              		.cfi_def_cfa_register 7
  42:build/openmote-cc2538_armgcc/drivers/common/opensensors.c ****    return opensensors_vars.numSensors;
 115              		.loc 1 42 0
 116 003c 40F20003 		movw	r3, #:lower16:opensensors_vars
 117 0040 C0F20003 		movt	r3, #:upper16:opensensors_vars
 118 0044 93F85430 		ldrb	r3, [r3, #84]	@ zero_extendqisi2
  43:build/openmote-cc2538_armgcc/drivers/common/opensensors.c **** }
 119              		.loc 1 43 0
 120 0048 1846     		mov	r0, r3
 121 004a BD46     		mov	sp, r7
 122              		@ sp needed
 123 004c 5DF8047B 		ldr	r7, [sp], #4
 124 0050 7047     		bx	lr
 125              		.cfi_endproc
 126              	.LFE1:
 128 0052 00BF     		.align	2
 129              		.global	opensensors_getResource
 130              		.thumb
 131              		.thumb_func
 133              	opensensors_getResource:
 134              	.LFB2:
  44:build/openmote-cc2538_armgcc/drivers/common/opensensors.c **** 
  45:build/openmote-cc2538_armgcc/drivers/common/opensensors.c **** /**
  46:build/openmote-cc2538_armgcc/drivers/common/opensensors.c ****    \brief Return an OpenSensors resource structure
  47:build/openmote-cc2538_armgcc/drivers/common/opensensors.c ****    \param[in] index Index of the OpenSensors resource within Opensensors vars.
  48:build/openmote-cc2538_armgcc/drivers/common/opensensors.c ****    \returns the OpenSensors resource within Opensensors vars.
  49:build/openmote-cc2538_armgcc/drivers/common/opensensors.c **** */
  50:build/openmote-cc2538_armgcc/drivers/common/opensensors.c **** opensensors_resource_desc_t* opensensors_getResource(uint8_t index) {
 135              		.loc 1 50 0
 136              		.cfi_startproc
 137              		@ args = 0, pretend = 0, frame = 8
 138              		@ frame_needed = 1, uses_anonymous_args = 0
 139              		@ link register save eliminated.
 140 0054 80B4     		push	{r7}
 141              		.cfi_def_cfa_offset 4
 142              		.cfi_offset 7, -4
 143 0056 83B0     		sub	sp, sp, #12
 144              		.cfi_def_cfa_offset 16
 145 0058 00AF     		add	r7, sp, #0
 146              		.cfi_def_cfa_register 7
 147 005a 0346     		mov	r3, r0
 148 005c FB71     		strb	r3, [r7, #7]
  51:build/openmote-cc2538_armgcc/drivers/common/opensensors.c ****    return &(opensensors_vars.opensensors_resource[index]);
 149              		.loc 1 51 0
 150 005e FA79     		ldrb	r2, [r7, #7]	@ zero_extendqisi2
 151 0060 1346     		mov	r3, r2
 152 0062 5B00     		lsls	r3, r3, #1
 153 0064 1344     		add	r3, r3, r2
 154 0066 9B00     		lsls	r3, r3, #2
 155 0068 40F20002 		movw	r2, #:lower16:opensensors_vars
 156 006c C0F20002 		movt	r2, #:upper16:opensensors_vars
 157 0070 1344     		add	r3, r3, r2
  52:build/openmote-cc2538_armgcc/drivers/common/opensensors.c **** }
 158              		.loc 1 52 0
 159 0072 1846     		mov	r0, r3
 160 0074 0C37     		adds	r7, r7, #12
 161 0076 BD46     		mov	sp, r7
 162              		@ sp needed
 163 0078 5DF8047B 		ldr	r7, [sp], #4
 164 007c 7047     		bx	lr
 165              		.cfi_endproc
 166              	.LFE2:
 168 007e 00BF     		.align	2
 169              		.global	opensensors_register
 170              		.thumb
 171              		.thumb_func
 173              	opensensors_register:
 174              	.LFB3:
  53:build/openmote-cc2538_armgcc/drivers/common/opensensors.c **** 
  54:build/openmote-cc2538_armgcc/drivers/common/opensensors.c **** //=========================== private =========================================
  55:build/openmote-cc2538_armgcc/drivers/common/opensensors.c **** 
  56:build/openmote-cc2538_armgcc/drivers/common/opensensors.c **** /**
  57:build/openmote-cc2538_armgcc/drivers/common/opensensors.c ****    \brief Register a OpenSensors resource
  58:build/openmote-cc2538_armgcc/drivers/common/opensensors.c **** 
  59:build/openmote-cc2538_armgcc/drivers/common/opensensors.c ****    \param[in] sensorType the sensor type representation.
  60:build/openmote-cc2538_armgcc/drivers/common/opensensors.c **** */
  61:build/openmote-cc2538_armgcc/drivers/common/opensensors.c **** void opensensors_register(uint8_t sensorType) {
 175              		.loc 1 61 0
 176              		.cfi_startproc
 177              		@ args = 0, pretend = 0, frame = 8
 178              		@ frame_needed = 1, uses_anonymous_args = 0
 179 0080 90B5     		push	{r4, r7, lr}
 180              		.cfi_def_cfa_offset 12
 181              		.cfi_offset 4, -12
 182              		.cfi_offset 7, -8
 183              		.cfi_offset 14, -4
 184 0082 83B0     		sub	sp, sp, #12
 185              		.cfi_def_cfa_offset 24
 186 0084 00AF     		add	r7, sp, #0
 187              		.cfi_def_cfa_register 7
 188 0086 0346     		mov	r3, r0
 189 0088 FB71     		strb	r3, [r7, #7]
  62:build/openmote-cc2538_armgcc/drivers/common/opensensors.c ****    if (sensors_is_present(sensorType)) {
 190              		.loc 1 62 0
 191 008a FB79     		ldrb	r3, [r7, #7]	@ zero_extendqisi2
 192 008c 1846     		mov	r0, r3
 193 008e FFF7FEFF 		bl	sensors_is_present
 194 0092 0346     		mov	r3, r0
 195 0094 002B     		cmp	r3, #0
 196 0096 4DD0     		beq	.L8
  63:build/openmote-cc2538_armgcc/drivers/common/opensensors.c ****       opensensors_vars.opensensors_resource[opensensors_vars.numSensors].sensorType      = sensorTy
 197              		.loc 1 63 0
 198 0098 40F20003 		movw	r3, #:lower16:opensensors_vars
 199 009c C0F20003 		movt	r3, #:upper16:opensensors_vars
 200 00a0 93F85430 		ldrb	r3, [r3, #84]	@ zero_extendqisi2
 201 00a4 1946     		mov	r1, r3
 202 00a6 40F20002 		movw	r2, #:lower16:opensensors_vars
 203 00aa C0F20002 		movt	r2, #:upper16:opensensors_vars
 204 00ae 0B46     		mov	r3, r1
 205 00b0 5B00     		lsls	r3, r3, #1
 206 00b2 0B44     		add	r3, r3, r1
 207 00b4 9B00     		lsls	r3, r3, #2
 208 00b6 1344     		add	r3, r3, r2
 209 00b8 FA79     		ldrb	r2, [r7, #7]
 210 00ba 1A70     		strb	r2, [r3]
  64:build/openmote-cc2538_armgcc/drivers/common/opensensors.c ****       opensensors_vars.opensensors_resource[opensensors_vars.numSensors].callbackRead    = sensors_
 211              		.loc 1 64 0
 212 00bc 40F20003 		movw	r3, #:lower16:opensensors_vars
 213 00c0 C0F20003 		movt	r3, #:upper16:opensensors_vars
 214 00c4 93F85430 		ldrb	r3, [r3, #84]	@ zero_extendqisi2
 215 00c8 1C46     		mov	r4, r3
 216 00ca FB79     		ldrb	r3, [r7, #7]	@ zero_extendqisi2
 217 00cc 1846     		mov	r0, r3
 218 00ce FFF7FEFF 		bl	sensors_getCallbackRead
 219 00d2 0146     		mov	r1, r0
 220 00d4 40F20002 		movw	r2, #:lower16:opensensors_vars
 221 00d8 C0F20002 		movt	r2, #:upper16:opensensors_vars
 222 00dc 2346     		mov	r3, r4
 223 00de 5B00     		lsls	r3, r3, #1
 224 00e0 2344     		add	r3, r3, r4
 225 00e2 9B00     		lsls	r3, r3, #2
 226 00e4 1344     		add	r3, r3, r2
 227 00e6 0433     		adds	r3, r3, #4
 228 00e8 1960     		str	r1, [r3]
  65:build/openmote-cc2538_armgcc/drivers/common/opensensors.c ****       opensensors_vars.opensensors_resource[opensensors_vars.numSensors].callbackConvert = sensors_
 229              		.loc 1 65 0
 230 00ea 40F20003 		movw	r3, #:lower16:opensensors_vars
 231 00ee C0F20003 		movt	r3, #:upper16:opensensors_vars
 232 00f2 93F85430 		ldrb	r3, [r3, #84]	@ zero_extendqisi2
 233 00f6 1C46     		mov	r4, r3
 234 00f8 FB79     		ldrb	r3, [r7, #7]	@ zero_extendqisi2
 235 00fa 1846     		mov	r0, r3
 236 00fc FFF7FEFF 		bl	sensors_getCallbackConvert
 237 0100 0146     		mov	r1, r0
 238 0102 40F20002 		movw	r2, #:lower16:opensensors_vars
 239 0106 C0F20002 		movt	r2, #:upper16:opensensors_vars
 240 010a 2346     		mov	r3, r4
 241 010c 5B00     		lsls	r3, r3, #1
 242 010e 2344     		add	r3, r3, r4
 243 0110 9B00     		lsls	r3, r3, #2
 244 0112 1344     		add	r3, r3, r2
 245 0114 0833     		adds	r3, r3, #8
 246 0116 1960     		str	r1, [r3]
  66:build/openmote-cc2538_armgcc/drivers/common/opensensors.c ****       opensensors_vars.numSensors++;
 247              		.loc 1 66 0
 248 0118 40F20003 		movw	r3, #:lower16:opensensors_vars
 249 011c C0F20003 		movt	r3, #:upper16:opensensors_vars
 250 0120 93F85430 		ldrb	r3, [r3, #84]	@ zero_extendqisi2
 251 0124 0133     		adds	r3, r3, #1
 252 0126 DAB2     		uxtb	r2, r3
 253 0128 40F20003 		movw	r3, #:lower16:opensensors_vars
 254 012c C0F20003 		movt	r3, #:upper16:opensensors_vars
 255 0130 83F85420 		strb	r2, [r3, #84]
 256              	.L8:
  67:build/openmote-cc2538_armgcc/drivers/common/opensensors.c ****    }
  68:build/openmote-cc2538_armgcc/drivers/common/opensensors.c **** }
 257              		.loc 1 68 0
 258 0134 0C37     		adds	r7, r7, #12
 259 0136 BD46     		mov	sp, r7
 260              		@ sp needed
 261 0138 90BD     		pop	{r4, r7, pc}
 262              		.cfi_endproc
 263              	.LFE3:
 265              	.Letext0:
 266              		.file 2 "/usr/include/newlib/machine/_default_types.h"
 267              		.file 3 "/usr/include/newlib/stdint.h"
 268              		.file 4 "bsp/boards/sensors.h"
 269              		.file 5 "build/openmote-cc2538_armgcc/drivers/common/opensensors.h"
 270              		.file 6 "bsp/boards/openmote-cc2538/board_info.h"
 271              		.file 7 "inc/opendefs.h"
DEFINED SYMBOLS
                            *ABS*:0000000000000000 opensensors.c
     /tmp/ccixUnka.s:19     .rodata:0000000000000000 $d
     /tmp/ccixUnka.s:22     .rodata:0000000000000000 rreg_uriquery
     /tmp/ccixUnka.s:27     .rodata:0000000000000008 infoBoardname
     /tmp/ccixUnka.s:32     .rodata:0000000000000010 infouCName
     /tmp/ccixUnka.s:37     .rodata:0000000000000018 infoRadioName
     /tmp/ccixUnka.s:42     .rodata:0000000000000024 infoStackName
                            *COM*:0000000000000058 opensensors_vars
     /tmp/ccixUnka.s:46     .text:0000000000000000 $t
     /tmp/ccixUnka.s:51     .text:0000000000000000 opensensors_init
     /tmp/ccixUnka.s:173    .text:0000000000000080 opensensors_register
     /tmp/ccixUnka.s:103    .text:0000000000000038 opensensors_getNumSensors
     /tmp/ccixUnka.s:133    .text:0000000000000054 opensensors_getResource
                     .debug_frame:0000000000000010 $d
                           .group:0000000000000000 wm4.1.08074afb2ccc9da754fae8e3ee0f577b
                           .group:0000000000000000 wm4.features.h.22.6a4ca7cd053637cc1d0db6c16f39b2d7
                           .group:0000000000000000 wm4._default_types.h.15.8b2cb27e528498f8ff711db085d6e489
                           .group:0000000000000000 wm4.stdint.h.20.796e373797e732130a803d4c0338fa1b
                           .group:0000000000000000 wm4.toolchain_defs.h.2.e5fd326231d01413e5361944b26cde07
                           .group:0000000000000000 wm4.newlib.h.8.fec018e441fee7bfa1923812ad010f97
                           .group:0000000000000000 wm4.config.h.212.4163ef2871a828c674038d036b081cfd
                           .group:0000000000000000 wm4._ansi.h.23.5644b60c990a4800b02a6e654e88f93a
                           .group:0000000000000000 wm4.stddef.h.39.daafd3d79fe2f3a84d2d73d7d4e706f8
                           .group:0000000000000000 wm4.lock.h.2.9bc98482741e5e2a9450b12934a684ea
                           .group:0000000000000000 wm4._types.h.54.d3d34a3b7f3cc230cd159baf022b4b08
                           .group:0000000000000000 wm4.stddef.h.158.61317cdbfb4026324507d123a50b0fd6
                           .group:0000000000000000 wm4.reent.h.17.8bd9e4098e0428508c282cad794fae43
                           .group:0000000000000000 wm4.cdefs.h.47.339223046f475c9f2d5db3a9118d7c65
                           .group:0000000000000000 wm4.string.h.15.dab3980bf35408a4c507182805e2de3a
                           .group:0000000000000000 wm4.stddef.h.158.a7efb00f6cbc6f43213b50e183c9830c
                           .group:0000000000000000 wm4.string.h.126.6ff3aa59129e7f66b2c273baf353e066
                           .group:0000000000000000 wm4.stdbool.h.29.1c9ee6859ce8145f7838a4f2549ccec2
                           .group:0000000000000000 wm4.hw_types.h.67.b10589a0806dcc2d274d6fab6b736519
                           .group:0000000000000000 wm4.interrupt.h.41.272fc4ec0e276feb439e7974d0f77eaf
                           .group:0000000000000000 wm4.board_info.h.22.aeb00002354a4949fff54190040e37af
                           .group:0000000000000000 wm4.opendefs.h.23.16dafe2a30b31097968a5d4db894173a

UNDEFINED SYMBOLS
memset
sensors_is_present
sensors_getCallbackRead
sensors_getCallbackConvert
