   1              		.syntax unified
   2              		.cpu cortex-m3
   3              		.fpu softvfp
   4              		.eabi_attribute 20, 1
   5              		.eabi_attribute 21, 1
   6              		.eabi_attribute 23, 3
   7              		.eabi_attribute 24, 1
   8              		.eabi_attribute 25, 1
   9              		.eabi_attribute 26, 1
  10              		.eabi_attribute 30, 6
  11              		.eabi_attribute 34, 1
  12              		.eabi_attribute 18, 4
  13              		.thumb
  14              		.file	"icmpv6.c"
  15              		.text
  16              	.Ltext0:
  17              		.cfi_sections	.debug_frame
  18              		.section	.rodata
  19              		.align	2
  22              	rreg_uriquery:
  23 0000 683D7563 		.ascii	"h=ucb\000"
  23      6200
  24 0006 0000     		.align	2
  27              	infoBoardname:
  28 0008 43433235 		.ascii	"CC2538\000"
  28      333800
  29 000f 00       		.align	2
  32              	infouCName:
  33 0010 43433235 		.ascii	"CC2538\000"
  33      333800
  34 0017 00       		.align	2
  37              	infoRadioName:
  38 0018 43433235 		.ascii	"CC2538 SoC\000"
  38      33382053 
  38      6F4300
  39 0023 00       		.align	2
  42              	infoStackName:
  43 0024 4F70656E 		.ascii	"OpenWSN \000"
  43      57534E20 
  43      00
  44 002d 000000   		.align	2
  47              	all_routers_multicast:
  48 0030 FF       		.byte	-1
  49 0031 02       		.byte	2
  50 0032 00       		.byte	0
  51 0033 00       		.byte	0
  52 0034 00       		.byte	0
  53 0035 00       		.byte	0
  54 0036 00       		.byte	0
  55 0037 00       		.byte	0
  56 0038 00       		.byte	0
  57 0039 00       		.byte	0
  58 003a 00       		.byte	0
  59 003b 00       		.byte	0
  60 003c 00       		.byte	0
  61 003d 00       		.byte	0
  62 003e 00       		.byte	0
  63 003f 1A       		.byte	26
  64              		.text
  65              		.align	2
  66              		.global	icmpv6_init
  67              		.thumb
  68              		.thumb_func
  70              	icmpv6_init:
  71              	.LFB0:
  72              		.file 1 "build/openmote-cc2538_armgcc/openstack/03b-IPv6/icmpv6.c"
   1:build/openmote-cc2538_armgcc/openstack/03b-IPv6/icmpv6.c **** #include "opendefs.h"
   2:build/openmote-cc2538_armgcc/openstack/03b-IPv6/icmpv6.c **** #include "icmpv6.h"
   3:build/openmote-cc2538_armgcc/openstack/03b-IPv6/icmpv6.c **** #include "icmpv6echo.h"
   4:build/openmote-cc2538_armgcc/openstack/03b-IPv6/icmpv6.c **** #include "icmpv6rpl.h"
   5:build/openmote-cc2538_armgcc/openstack/03b-IPv6/icmpv6.c **** #include "forwarding.h"
   6:build/openmote-cc2538_armgcc/openstack/03b-IPv6/icmpv6.c **** #include "openqueue.h"
   7:build/openmote-cc2538_armgcc/openstack/03b-IPv6/icmpv6.c **** #include "openserial.h"
   8:build/openmote-cc2538_armgcc/openstack/03b-IPv6/icmpv6.c **** 
   9:build/openmote-cc2538_armgcc/openstack/03b-IPv6/icmpv6.c **** //=========================== variables =======================================
  10:build/openmote-cc2538_armgcc/openstack/03b-IPv6/icmpv6.c **** 
  11:build/openmote-cc2538_armgcc/openstack/03b-IPv6/icmpv6.c **** //=========================== prototypes ======================================
  12:build/openmote-cc2538_armgcc/openstack/03b-IPv6/icmpv6.c **** 
  13:build/openmote-cc2538_armgcc/openstack/03b-IPv6/icmpv6.c **** //=========================== public ==========================================
  14:build/openmote-cc2538_armgcc/openstack/03b-IPv6/icmpv6.c **** 
  15:build/openmote-cc2538_armgcc/openstack/03b-IPv6/icmpv6.c **** void icmpv6_init() {
  73              		.loc 1 15 0
  74              		.cfi_startproc
  75              		@ args = 0, pretend = 0, frame = 0
  76              		@ frame_needed = 1, uses_anonymous_args = 0
  77              		@ link register save eliminated.
  78 0000 80B4     		push	{r7}
  79              		.cfi_def_cfa_offset 4
  80              		.cfi_offset 7, -4
  81 0002 00AF     		add	r7, sp, #0
  82              		.cfi_def_cfa_register 7
  16:build/openmote-cc2538_armgcc/openstack/03b-IPv6/icmpv6.c **** }
  83              		.loc 1 16 0
  84 0004 BD46     		mov	sp, r7
  85              		@ sp needed
  86 0006 5DF8047B 		ldr	r7, [sp], #4
  87 000a 7047     		bx	lr
  88              		.cfi_endproc
  89              	.LFE0:
  91              		.align	2
  92              		.global	icmpv6_send
  93              		.thumb
  94              		.thumb_func
  96              	icmpv6_send:
  97              	.LFB1:
  17:build/openmote-cc2538_armgcc/openstack/03b-IPv6/icmpv6.c **** 
  18:build/openmote-cc2538_armgcc/openstack/03b-IPv6/icmpv6.c **** owerror_t icmpv6_send(OpenQueueEntry_t* msg) {
  98              		.loc 1 18 0
  99              		.cfi_startproc
 100              		@ args = 0, pretend = 0, frame = 8
 101              		@ frame_needed = 1, uses_anonymous_args = 0
 102 000c 80B5     		push	{r7, lr}
 103              		.cfi_def_cfa_offset 8
 104              		.cfi_offset 7, -8
 105              		.cfi_offset 14, -4
 106 000e 82B0     		sub	sp, sp, #8
 107              		.cfi_def_cfa_offset 16
 108 0010 00AF     		add	r7, sp, #0
 109              		.cfi_def_cfa_register 7
 110 0012 7860     		str	r0, [r7, #4]
  19:build/openmote-cc2538_armgcc/openstack/03b-IPv6/icmpv6.c ****    msg->owner       = COMPONENT_ICMPv6;
 111              		.loc 1 19 0
 112 0014 7B68     		ldr	r3, [r7, #4]
 113 0016 1322     		movs	r2, #19
 114 0018 5A70     		strb	r2, [r3, #1]
  20:build/openmote-cc2538_armgcc/openstack/03b-IPv6/icmpv6.c ****    msg->l4_protocol = IANA_ICMPv6;
 115              		.loc 1 20 0
 116 001a 7B68     		ldr	r3, [r7, #4]
 117 001c 3A22     		movs	r2, #58
 118 001e 5A72     		strb	r2, [r3, #9]
  21:build/openmote-cc2538_armgcc/openstack/03b-IPv6/icmpv6.c ****    return forwarding_send(msg);
 119              		.loc 1 21 0
 120 0020 7868     		ldr	r0, [r7, #4]
 121 0022 FFF7FEFF 		bl	forwarding_send
 122 0026 0346     		mov	r3, r0
  22:build/openmote-cc2538_armgcc/openstack/03b-IPv6/icmpv6.c **** }
 123              		.loc 1 22 0
 124 0028 1846     		mov	r0, r3
 125 002a 0837     		adds	r7, r7, #8
 126 002c BD46     		mov	sp, r7
 127              		@ sp needed
 128 002e 80BD     		pop	{r7, pc}
 129              		.cfi_endproc
 130              	.LFE1:
 132              		.align	2
 133              		.global	icmpv6_sendDone
 134              		.thumb
 135              		.thumb_func
 137              	icmpv6_sendDone:
 138              	.LFB2:
  23:build/openmote-cc2538_armgcc/openstack/03b-IPv6/icmpv6.c **** 
  24:build/openmote-cc2538_armgcc/openstack/03b-IPv6/icmpv6.c **** void icmpv6_sendDone(OpenQueueEntry_t* msg, owerror_t error) {
 139              		.loc 1 24 0
 140              		.cfi_startproc
 141              		@ args = 0, pretend = 0, frame = 8
 142              		@ frame_needed = 1, uses_anonymous_args = 0
 143 0030 80B5     		push	{r7, lr}
 144              		.cfi_def_cfa_offset 8
 145              		.cfi_offset 7, -8
 146              		.cfi_offset 14, -4
 147 0032 82B0     		sub	sp, sp, #8
 148              		.cfi_def_cfa_offset 16
 149 0034 00AF     		add	r7, sp, #0
 150              		.cfi_def_cfa_register 7
 151 0036 7860     		str	r0, [r7, #4]
 152 0038 0B46     		mov	r3, r1
 153 003a FB70     		strb	r3, [r7, #3]
  25:build/openmote-cc2538_armgcc/openstack/03b-IPv6/icmpv6.c ****    msg->owner = COMPONENT_ICMPv6;
 154              		.loc 1 25 0
 155 003c 7B68     		ldr	r3, [r7, #4]
 156 003e 1322     		movs	r2, #19
 157 0040 5A70     		strb	r2, [r3, #1]
  26:build/openmote-cc2538_armgcc/openstack/03b-IPv6/icmpv6.c ****    switch (msg->l4_sourcePortORicmpv6Type) {
 158              		.loc 1 26 0
 159 0042 7B68     		ldr	r3, [r7, #4]
 160 0044 9B89     		ldrh	r3, [r3, #12]
 161 0046 802B     		cmp	r3, #128
 162 0048 10DB     		blt	.L5
 163 004a 812B     		cmp	r3, #129
 164 004c 02DD     		ble	.L6
 165 004e 9B2B     		cmp	r3, #155
 166 0050 06D0     		beq	.L7
 167 0052 0BE0     		b	.L5
 168              	.L6:
  27:build/openmote-cc2538_armgcc/openstack/03b-IPv6/icmpv6.c ****       case IANA_ICMPv6_ECHO_REQUEST:
  28:build/openmote-cc2538_armgcc/openstack/03b-IPv6/icmpv6.c ****       case IANA_ICMPv6_ECHO_REPLY:
  29:build/openmote-cc2538_armgcc/openstack/03b-IPv6/icmpv6.c ****          icmpv6echo_sendDone(msg, error);
 169              		.loc 1 29 0
 170 0054 FB78     		ldrb	r3, [r7, #3]	@ zero_extendqisi2
 171 0056 7868     		ldr	r0, [r7, #4]
 172 0058 1946     		mov	r1, r3
 173 005a FFF7FEFF 		bl	icmpv6echo_sendDone
  30:build/openmote-cc2538_armgcc/openstack/03b-IPv6/icmpv6.c ****          break;
 174              		.loc 1 30 0
 175 005e 11E0     		b	.L4
 176              	.L7:
  31:build/openmote-cc2538_armgcc/openstack/03b-IPv6/icmpv6.c ****       case IANA_ICMPv6_RPL:
  32:build/openmote-cc2538_armgcc/openstack/03b-IPv6/icmpv6.c ****          icmpv6rpl_sendDone(msg, error);
 177              		.loc 1 32 0
 178 0060 FB78     		ldrb	r3, [r7, #3]	@ zero_extendqisi2
 179 0062 7868     		ldr	r0, [r7, #4]
 180 0064 1946     		mov	r1, r3
 181 0066 FFF7FEFF 		bl	icmpv6rpl_sendDone
  33:build/openmote-cc2538_armgcc/openstack/03b-IPv6/icmpv6.c ****          break;
 182              		.loc 1 33 0
 183 006a 0BE0     		b	.L4
 184              	.L5:
  34:build/openmote-cc2538_armgcc/openstack/03b-IPv6/icmpv6.c ****       default:
  35:build/openmote-cc2538_armgcc/openstack/03b-IPv6/icmpv6.c ****          openserial_printCritical(COMPONENT_ICMPv6,ERR_UNSUPPORTED_ICMPV6_TYPE,
 185              		.loc 1 35 0
 186 006c 7B68     		ldr	r3, [r7, #4]
 187 006e 9B89     		ldrh	r3, [r3, #12]
 188 0070 1320     		movs	r0, #19
 189 0072 0B21     		movs	r1, #11
 190 0074 1A46     		mov	r2, r3
 191 0076 0023     		movs	r3, #0
 192 0078 FFF7FEFF 		bl	openserial_printCritical
  36:build/openmote-cc2538_armgcc/openstack/03b-IPv6/icmpv6.c ****                                (errorparameter_t)msg->l4_sourcePortORicmpv6Type,
  37:build/openmote-cc2538_armgcc/openstack/03b-IPv6/icmpv6.c ****                                (errorparameter_t)0);
  38:build/openmote-cc2538_armgcc/openstack/03b-IPv6/icmpv6.c ****          // free the corresponding packet buffer
  39:build/openmote-cc2538_armgcc/openstack/03b-IPv6/icmpv6.c ****          openqueue_freePacketBuffer(msg);
 193              		.loc 1 39 0
 194 007c 7868     		ldr	r0, [r7, #4]
 195 007e FFF7FEFF 		bl	openqueue_freePacketBuffer
  40:build/openmote-cc2538_armgcc/openstack/03b-IPv6/icmpv6.c ****          break;
 196              		.loc 1 40 0
 197 0082 00BF     		nop
 198              	.L4:
  41:build/openmote-cc2538_armgcc/openstack/03b-IPv6/icmpv6.c ****    }
  42:build/openmote-cc2538_armgcc/openstack/03b-IPv6/icmpv6.c **** }
 199              		.loc 1 42 0
 200 0084 0837     		adds	r7, r7, #8
 201 0086 BD46     		mov	sp, r7
 202              		@ sp needed
 203 0088 80BD     		pop	{r7, pc}
 204              		.cfi_endproc
 205              	.LFE2:
 207 008a 00BF     		.align	2
 208              		.global	icmpv6_receive
 209              		.thumb
 210              		.thumb_func
 212              	icmpv6_receive:
 213              	.LFB3:
  43:build/openmote-cc2538_armgcc/openstack/03b-IPv6/icmpv6.c **** 
  44:build/openmote-cc2538_armgcc/openstack/03b-IPv6/icmpv6.c **** void icmpv6_receive(OpenQueueEntry_t* msg) {
 214              		.loc 1 44 0
 215              		.cfi_startproc
 216              		@ args = 0, pretend = 0, frame = 8
 217              		@ frame_needed = 1, uses_anonymous_args = 0
 218 008c 80B5     		push	{r7, lr}
 219              		.cfi_def_cfa_offset 8
 220              		.cfi_offset 7, -8
 221              		.cfi_offset 14, -4
 222 008e 82B0     		sub	sp, sp, #8
 223              		.cfi_def_cfa_offset 16
 224 0090 00AF     		add	r7, sp, #0
 225              		.cfi_def_cfa_register 7
 226 0092 7860     		str	r0, [r7, #4]
  45:build/openmote-cc2538_armgcc/openstack/03b-IPv6/icmpv6.c ****    msg->owner = COMPONENT_ICMPv6;
 227              		.loc 1 45 0
 228 0094 7B68     		ldr	r3, [r7, #4]
 229 0096 1322     		movs	r2, #19
 230 0098 5A70     		strb	r2, [r3, #1]
  46:build/openmote-cc2538_armgcc/openstack/03b-IPv6/icmpv6.c ****    msg->l4_sourcePortORicmpv6Type = ((ICMPv6_ht*)(msg->payload))->type;
 231              		.loc 1 46 0
 232 009a 7B68     		ldr	r3, [r7, #4]
 233 009c 5B68     		ldr	r3, [r3, #4]
 234 009e 1B78     		ldrb	r3, [r3]	@ zero_extendqisi2
 235 00a0 1A46     		mov	r2, r3
 236 00a2 7B68     		ldr	r3, [r7, #4]
 237 00a4 9A81     		strh	r2, [r3, #12]	@ movhi
  47:build/openmote-cc2538_armgcc/openstack/03b-IPv6/icmpv6.c ****    switch (msg->l4_sourcePortORicmpv6Type) {
 238              		.loc 1 47 0
 239 00a6 7B68     		ldr	r3, [r7, #4]
 240 00a8 9B89     		ldrh	r3, [r3, #12]
 241 00aa 802B     		cmp	r3, #128
 242 00ac 0CDB     		blt	.L10
 243 00ae 812B     		cmp	r3, #129
 244 00b0 02DD     		ble	.L11
 245 00b2 9B2B     		cmp	r3, #155
 246 00b4 04D0     		beq	.L12
 247 00b6 07E0     		b	.L10
 248              	.L11:
  48:build/openmote-cc2538_armgcc/openstack/03b-IPv6/icmpv6.c ****       case IANA_ICMPv6_ECHO_REQUEST:
  49:build/openmote-cc2538_armgcc/openstack/03b-IPv6/icmpv6.c ****       case IANA_ICMPv6_ECHO_REPLY:
  50:build/openmote-cc2538_armgcc/openstack/03b-IPv6/icmpv6.c ****          icmpv6echo_receive(msg);
 249              		.loc 1 50 0
 250 00b8 7868     		ldr	r0, [r7, #4]
 251 00ba FFF7FEFF 		bl	icmpv6echo_receive
  51:build/openmote-cc2538_armgcc/openstack/03b-IPv6/icmpv6.c ****          break;
 252              		.loc 1 51 0
 253 00be 0FE0     		b	.L9
 254              	.L12:
  52:build/openmote-cc2538_armgcc/openstack/03b-IPv6/icmpv6.c ****       case IANA_ICMPv6_RPL:
  53:build/openmote-cc2538_armgcc/openstack/03b-IPv6/icmpv6.c ****          icmpv6rpl_receive(msg);
 255              		.loc 1 53 0
 256 00c0 7868     		ldr	r0, [r7, #4]
 257 00c2 FFF7FEFF 		bl	icmpv6rpl_receive
  54:build/openmote-cc2538_armgcc/openstack/03b-IPv6/icmpv6.c ****          break;
 258              		.loc 1 54 0
 259 00c6 0BE0     		b	.L9
 260              	.L10:
  55:build/openmote-cc2538_armgcc/openstack/03b-IPv6/icmpv6.c ****       default:
  56:build/openmote-cc2538_armgcc/openstack/03b-IPv6/icmpv6.c ****          openserial_printError(COMPONENT_ICMPv6,ERR_UNSUPPORTED_ICMPV6_TYPE,
 261              		.loc 1 56 0
 262 00c8 7B68     		ldr	r3, [r7, #4]
 263 00ca 9B89     		ldrh	r3, [r3, #12]
 264 00cc 1320     		movs	r0, #19
 265 00ce 0B21     		movs	r1, #11
 266 00d0 1A46     		mov	r2, r3
 267 00d2 0123     		movs	r3, #1
 268 00d4 FFF7FEFF 		bl	openserial_printError
  57:build/openmote-cc2538_armgcc/openstack/03b-IPv6/icmpv6.c ****                                (errorparameter_t)msg->l4_sourcePortORicmpv6Type,
  58:build/openmote-cc2538_armgcc/openstack/03b-IPv6/icmpv6.c ****                                (errorparameter_t)1);
  59:build/openmote-cc2538_armgcc/openstack/03b-IPv6/icmpv6.c ****          // free the corresponding packet buffer
  60:build/openmote-cc2538_armgcc/openstack/03b-IPv6/icmpv6.c ****          openqueue_freePacketBuffer(msg);
 269              		.loc 1 60 0
 270 00d8 7868     		ldr	r0, [r7, #4]
 271 00da FFF7FEFF 		bl	openqueue_freePacketBuffer
  61:build/openmote-cc2538_armgcc/openstack/03b-IPv6/icmpv6.c ****          break;
 272              		.loc 1 61 0
 273 00de 00BF     		nop
 274              	.L9:
  62:build/openmote-cc2538_armgcc/openstack/03b-IPv6/icmpv6.c ****    }
  63:build/openmote-cc2538_armgcc/openstack/03b-IPv6/icmpv6.c **** }...
 275              		.loc 1 63 0
 276 00e0 0837     		adds	r7, r7, #8
 277 00e2 BD46     		mov	sp, r7
 278              		@ sp needed
 279 00e4 80BD     		pop	{r7, pc}
 280              		.cfi_endproc
 281              	.LFE3:
 283              	.Letext0:
 284              		.file 2 "/usr/include/newlib/machine/_default_types.h"
 285              		.file 3 "/usr/include/newlib/stdint.h"
 286              		.file 4 "inc/opendefs.h"
 287              		.file 5 "build/openmote-cc2538_armgcc/openstack/03b-IPv6/icmpv6.h"
 288              		.file 6 "bsp/boards/openmote-cc2538/board_info.h"
 289              		.file 7 "build/openmote-cc2538_armgcc/openstack/03b-IPv6/icmpv6rpl.h"
DEFINED SYMBOLS
                            *ABS*:0000000000000000 icmpv6.c
     /tmp/ccRq4OOB.s:19     .rodata:0000000000000000 $d
     /tmp/ccRq4OOB.s:22     .rodata:0000000000000000 rreg_uriquery
     /tmp/ccRq4OOB.s:27     .rodata:0000000000000008 infoBoardname
     /tmp/ccRq4OOB.s:32     .rodata:0000000000000010 infouCName
     /tmp/ccRq4OOB.s:37     .rodata:0000000000000018 infoRadioName
     /tmp/ccRq4OOB.s:42     .rodata:0000000000000024 infoStackName
     /tmp/ccRq4OOB.s:47     .rodata:0000000000000030 all_routers_multicast
     /tmp/ccRq4OOB.s:65     .text:0000000000000000 $t
     /tmp/ccRq4OOB.s:70     .text:0000000000000000 icmpv6_init
     /tmp/ccRq4OOB.s:96     .text:000000000000000c icmpv6_send
     /tmp/ccRq4OOB.s:137    .text:0000000000000030 icmpv6_sendDone
     /tmp/ccRq4OOB.s:212    .text:000000000000008c icmpv6_receive
                     .debug_frame:0000000000000010 $d
                           .group:0000000000000000 wm4.1.08074afb2ccc9da754fae8e3ee0f577b
                           .group:0000000000000000 wm4.features.h.22.6a4ca7cd053637cc1d0db6c16f39b2d7
                           .group:0000000000000000 wm4._default_types.h.15.8b2cb27e528498f8ff711db085d6e489
                           .group:0000000000000000 wm4.stdint.h.20.796e373797e732130a803d4c0338fa1b
                           .group:0000000000000000 wm4.toolchain_defs.h.2.e5fd326231d01413e5361944b26cde07
                           .group:0000000000000000 wm4.newlib.h.8.fec018e441fee7bfa1923812ad010f97
                           .group:0000000000000000 wm4.config.h.212.4163ef2871a828c674038d036b081cfd
                           .group:0000000000000000 wm4._ansi.h.23.5644b60c990a4800b02a6e654e88f93a
                           .group:0000000000000000 wm4.stddef.h.39.daafd3d79fe2f3a84d2d73d7d4e706f8
                           .group:0000000000000000 wm4.lock.h.2.9bc98482741e5e2a9450b12934a684ea
                           .group:0000000000000000 wm4._types.h.54.d3d34a3b7f3cc230cd159baf022b4b08
                           .group:0000000000000000 wm4.stddef.h.158.61317cdbfb4026324507d123a50b0fd6
                           .group:0000000000000000 wm4.reent.h.17.8bd9e4098e0428508c282cad794fae43
                           .group:0000000000000000 wm4.cdefs.h.47.339223046f475c9f2d5db3a9118d7c65
                           .group:0000000000000000 wm4.string.h.15.dab3980bf35408a4c507182805e2de3a
                           .group:0000000000000000 wm4.stddef.h.158.a7efb00f6cbc6f43213b50e183c9830c
                           .group:0000000000000000 wm4.string.h.126.6ff3aa59129e7f66b2c273baf353e066
                           .group:0000000000000000 wm4.stdbool.h.29.1c9ee6859ce8145f7838a4f2549ccec2
                           .group:0000000000000000 wm4.hw_types.h.67.b10589a0806dcc2d274d6fab6b736519
                           .group:0000000000000000 wm4.interrupt.h.41.272fc4ec0e276feb439e7974d0f77eaf
                           .group:0000000000000000 wm4.board_info.h.22.aeb00002354a4949fff54190040e37af
                           .group:0000000000000000 wm4.opendefs.h.23.16dafe2a30b31097968a5d4db894173a
                           .group:0000000000000000 wm4.opentimers.h.8.044f2d040a134cdb0ddb58adfc2508be
                           .group:0000000000000000 wm4.icmpv6rpl.h.15.0573bca2230f8b0d62a096dd795549d0
                           .group:0000000000000000 wm4.iphc.h.2.9e7d9d56ac728a3c0b3014283a59854e
                           .group:0000000000000000 wm4.IEEE802154.h.2.38fb510ed33a23a9a0660164e6dfab69
                           .group:0000000000000000 wm4.openserial.h.9.0a357d13b4113cc69ceb77572df48861

UNDEFINED SYMBOLS
forwarding_send
icmpv6echo_sendDone
icmpv6rpl_sendDone
openserial_printCritical
openqueue_freePacketBuffer
icmpv6echo_receive
icmpv6rpl_receive
openserial_printError
