   1              		.syntax unified
   2              		.cpu cortex-m3
   3              		.fpu softvfp
   4              		.eabi_attribute 20, 1
   5              		.eabi_attribute 21, 1
   6              		.eabi_attribute 23, 3
   7              		.eabi_attribute 24, 1
   8              		.eabi_attribute 25, 1
   9              		.eabi_attribute 26, 1
  10              		.eabi_attribute 30, 6
  11              		.eabi_attribute 34, 1
  12              		.eabi_attribute 18, 4
  13              		.thumb
  14              		.file	"eui64.c"
  15              		.text
  16              	.Ltext0:
  17              		.cfi_sections	.debug_frame
  18              		.align	2
  19              		.global	eui64_get
  20              		.thumb
  21              		.thumb_func
  23              	eui64_get:
  24              	.LFB0:
  25              		.file 1 "build/openmote-cc2538_armgcc/bsp/boards/openmote-cc2538/eui64.c"
   1:build/openmote-cc2538_armgcc/bsp/boards/openmote-cc2538/eui64.c **** /**
   2:build/openmote-cc2538_armgcc/bsp/boards/openmote-cc2538/eui64.c ****  * Author: Xavier Vilajosana (xvilajosana@eecs.berkeley.edu)
   3:build/openmote-cc2538_armgcc/bsp/boards/openmote-cc2538/eui64.c ****  *         Pere Tuset (peretuset@openmote.com)
   4:build/openmote-cc2538_armgcc/bsp/boards/openmote-cc2538/eui64.c ****  * Date:   July 2013
   5:build/openmote-cc2538_armgcc/bsp/boards/openmote-cc2538/eui64.c ****  * Description: CC2538-specific definition of the "eui64" bsp module.
   6:build/openmote-cc2538_armgcc/bsp/boards/openmote-cc2538/eui64.c ****  */
   7:build/openmote-cc2538_armgcc/bsp/boards/openmote-cc2538/eui64.c **** 
   8:build/openmote-cc2538_armgcc/bsp/boards/openmote-cc2538/eui64.c **** #include <string.h>
   9:build/openmote-cc2538_armgcc/bsp/boards/openmote-cc2538/eui64.c **** 
  10:build/openmote-cc2538_armgcc/bsp/boards/openmote-cc2538/eui64.c **** #include "eui64.h"
  11:build/openmote-cc2538_armgcc/bsp/boards/openmote-cc2538/eui64.c **** 
  12:build/openmote-cc2538_armgcc/bsp/boards/openmote-cc2538/eui64.c **** //=========================== defines =========================================
  13:build/openmote-cc2538_armgcc/bsp/boards/openmote-cc2538/eui64.c **** 
  14:build/openmote-cc2538_armgcc/bsp/boards/openmote-cc2538/eui64.c **** #define BSP_EUI64_ADDRESS_HI_H      ( 0x0028002F )
  15:build/openmote-cc2538_armgcc/bsp/boards/openmote-cc2538/eui64.c **** #define BSP_EUI64_ADDRESS_HI_L      ( 0x0028002C )
  16:build/openmote-cc2538_armgcc/bsp/boards/openmote-cc2538/eui64.c **** #define BSP_EUI64_ADDRESS_LO_H      ( 0x0028002B )
  17:build/openmote-cc2538_armgcc/bsp/boards/openmote-cc2538/eui64.c **** #define BSP_EUI64_ADDRESS_LO_L      ( 0x00280028 )
  18:build/openmote-cc2538_armgcc/bsp/boards/openmote-cc2538/eui64.c **** 
  19:build/openmote-cc2538_armgcc/bsp/boards/openmote-cc2538/eui64.c **** //=========================== variables =======================================
  20:build/openmote-cc2538_armgcc/bsp/boards/openmote-cc2538/eui64.c **** 
  21:build/openmote-cc2538_armgcc/bsp/boards/openmote-cc2538/eui64.c **** //=========================== prototypes ======================================
  22:build/openmote-cc2538_armgcc/bsp/boards/openmote-cc2538/eui64.c **** 
  23:build/openmote-cc2538_armgcc/bsp/boards/openmote-cc2538/eui64.c **** //=========================== public ==========================================
  24:build/openmote-cc2538_armgcc/bsp/boards/openmote-cc2538/eui64.c **** 
  25:build/openmote-cc2538_armgcc/bsp/boards/openmote-cc2538/eui64.c **** void eui64_get(uint8_t* addressToWrite) {
  26              		.loc 1 25 0
  27              		.cfi_startproc
  28              		@ args = 0, pretend = 0, frame = 16
  29              		@ frame_needed = 1, uses_anonymous_args = 0
  30              		@ link register save eliminated.
  31 0000 80B4     		push	{r7}
  32              		.cfi_def_cfa_offset 4
  33              		.cfi_offset 7, -4
  34 0002 85B0     		sub	sp, sp, #20
  35              		.cfi_def_cfa_offset 24
  36 0004 00AF     		add	r7, sp, #0
  37              		.cfi_def_cfa_register 7
  38 0006 7860     		str	r0, [r7, #4]
  26:build/openmote-cc2538_armgcc/bsp/boards/openmote-cc2538/eui64.c ****    uint8_t* eui64_flash;
  27:build/openmote-cc2538_armgcc/bsp/boards/openmote-cc2538/eui64.c ****    
  28:build/openmote-cc2538_armgcc/bsp/boards/openmote-cc2538/eui64.c ****    eui64_flash = (uint8_t*)BSP_EUI64_ADDRESS_LO_H;
  39              		.loc 1 28 0
  40 0008 2B23     		movs	r3, #43
  41 000a C0F22803 		movt	r3, 40
  42 000e FB60     		str	r3, [r7, #12]
  29:build/openmote-cc2538_armgcc/bsp/boards/openmote-cc2538/eui64.c ****    while(eui64_flash >= (uint8_t*)BSP_EUI64_ADDRESS_LO_L) {
  43              		.loc 1 29 0
  44 0010 07E0     		b	.L2
  45              	.L3:
  30:build/openmote-cc2538_armgcc/bsp/boards/openmote-cc2538/eui64.c ****       *addressToWrite++ = *eui64_flash--;
  46              		.loc 1 30 0
  47 0012 7B68     		ldr	r3, [r7, #4]
  48 0014 5A1C     		adds	r2, r3, #1
  49 0016 7A60     		str	r2, [r7, #4]
  50 0018 FA68     		ldr	r2, [r7, #12]
  51 001a 511E     		subs	r1, r2, #1
  52 001c F960     		str	r1, [r7, #12]
  53 001e 1278     		ldrb	r2, [r2]	@ zero_extendqisi2
  54 0020 1A70     		strb	r2, [r3]
  55              	.L2:
  29:build/openmote-cc2538_armgcc/bsp/boards/openmote-cc2538/eui64.c ****    while(eui64_flash >= (uint8_t*)BSP_EUI64_ADDRESS_LO_L) {
  56              		.loc 1 29 0 discriminator 1
  57 0022 FB68     		ldr	r3, [r7, #12]
  58 0024 B3F1281F 		cmp	r3, #2621480
  59 0028 F3D2     		bcs	.L3
  31:build/openmote-cc2538_armgcc/bsp/boards/openmote-cc2538/eui64.c ****    }
  32:build/openmote-cc2538_armgcc/bsp/boards/openmote-cc2538/eui64.c ****    
  33:build/openmote-cc2538_armgcc/bsp/boards/openmote-cc2538/eui64.c ****    eui64_flash = (uint8_t*)BSP_EUI64_ADDRESS_HI_H;
  60              		.loc 1 33 0
  61 002a 2F23     		movs	r3, #47
  62 002c C0F22803 		movt	r3, 40
  63 0030 FB60     		str	r3, [r7, #12]
  34:build/openmote-cc2538_armgcc/bsp/boards/openmote-cc2538/eui64.c ****    while(eui64_flash >= (uint8_t*)BSP_EUI64_ADDRESS_HI_L) {
  64              		.loc 1 34 0
  65 0032 07E0     		b	.L4
  66              	.L5:
  35:build/openmote-cc2538_armgcc/bsp/boards/openmote-cc2538/eui64.c ****       *addressToWrite++ = *eui64_flash--;
  67              		.loc 1 35 0
  68 0034 7B68     		ldr	r3, [r7, #4]
  69 0036 5A1C     		adds	r2, r3, #1
  70 0038 7A60     		str	r2, [r7, #4]
  71 003a FA68     		ldr	r2, [r7, #12]
  72 003c 511E     		subs	r1, r2, #1
  73 003e F960     		str	r1, [r7, #12]
  74 0040 1278     		ldrb	r2, [r2]	@ zero_extendqisi2
  75 0042 1A70     		strb	r2, [r3]
  76              	.L4:
  34:build/openmote-cc2538_armgcc/bsp/boards/openmote-cc2538/eui64.c ****    while(eui64_flash >= (uint8_t*)BSP_EUI64_ADDRESS_HI_L) {
  77              		.loc 1 34 0 discriminator 1
  78 0044 FA68     		ldr	r2, [r7, #12]
  79 0046 2B23     		movs	r3, #43
  80 0048 C0F22803 		movt	r3, 40
  81 004c 9A42     		cmp	r2, r3
  82 004e F1D8     		bhi	.L5
  36:build/openmote-cc2538_armgcc/bsp/boards/openmote-cc2538/eui64.c ****    }
  37:build/openmote-cc2538_armgcc/bsp/boards/openmote-cc2538/eui64.c **** }
  83              		.loc 1 37 0
  84 0050 1437     		adds	r7, r7, #20
  85 0052 BD46     		mov	sp, r7
  86              		@ sp needed
  87 0054 5DF8047B 		ldr	r7, [sp], #4
  88 0058 7047     		bx	lr
  89              		.cfi_endproc
  90              	.LFE0:
  92              	.Letext0:
  93              		.file 2 "/usr/include/newlib/machine/_default_types.h"
  94              		.file 3 "/usr/include/newlib/stdint.h"
DEFINED SYMBOLS
                            *ABS*:0000000000000000 eui64.c
     /tmp/ccMhiML7.s:18     .text:0000000000000000 $t
     /tmp/ccMhiML7.s:23     .text:0000000000000000 eui64_get
                     .debug_frame:0000000000000010 $d
                           .group:0000000000000000 wm4.1.08074afb2ccc9da754fae8e3ee0f577b
                           .group:0000000000000000 wm4.newlib.h.8.fec018e441fee7bfa1923812ad010f97
                           .group:0000000000000000 wm4.features.h.22.6a4ca7cd053637cc1d0db6c16f39b2d7
                           .group:0000000000000000 wm4.config.h.212.4163ef2871a828c674038d036b081cfd
                           .group:0000000000000000 wm4._ansi.h.23.5644b60c990a4800b02a6e654e88f93a
                           .group:0000000000000000 wm4.stddef.h.39.daafd3d79fe2f3a84d2d73d7d4e706f8
                           .group:0000000000000000 wm4._default_types.h.6.9e4229723f5523536bc8f574589d6a99
                           .group:0000000000000000 wm4.lock.h.2.9bc98482741e5e2a9450b12934a684ea
                           .group:0000000000000000 wm4._types.h.54.d3d34a3b7f3cc230cd159baf022b4b08
                           .group:0000000000000000 wm4.stddef.h.158.61317cdbfb4026324507d123a50b0fd6
                           .group:0000000000000000 wm4.reent.h.17.8bd9e4098e0428508c282cad794fae43
                           .group:0000000000000000 wm4.cdefs.h.47.339223046f475c9f2d5db3a9118d7c65
                           .group:0000000000000000 wm4.string.h.15.dab3980bf35408a4c507182805e2de3a
                           .group:0000000000000000 wm4.stddef.h.158.a7efb00f6cbc6f43213b50e183c9830c
                           .group:0000000000000000 wm4.string.h.126.6ff3aa59129e7f66b2c273baf353e066
                           .group:0000000000000000 wm4.stdint.h.10.d0f8e374834fcfc2e296d5d5fe82f02a

NO UNDEFINED SYMBOLS
