   1              		.syntax unified
   2              		.cpu cortex-m3
   3              		.fpu softvfp
   4              		.eabi_attribute 20, 1
   5              		.eabi_attribute 21, 1
   6              		.eabi_attribute 23, 3
   7              		.eabi_attribute 24, 1
   8              		.eabi_attribute 25, 1
   9              		.eabi_attribute 26, 1
  10              		.eabi_attribute 30, 6
  11              		.eabi_attribute 34, 1
  12              		.eabi_attribute 18, 4
  13              		.thumb
  14              		.file	"IEEE802154_dummy_security.c"
  15              		.text
  16              	.Ltext0:
  17              		.cfi_sections	.debug_frame
  18              		.section	.rodata
  19              		.align	2
  22              	rreg_uriquery:
  23 0000 683D7563 		.ascii	"h=ucb\000"
  23      6200
  24 0006 0000     		.align	2
  27              	infoBoardname:
  28 0008 43433235 		.ascii	"CC2538\000"
  28      333800
  29 000f 00       		.align	2
  32              	infouCName:
  33 0010 43433235 		.ascii	"CC2538\000"
  33      333800
  34 0017 00       		.align	2
  37              	infoRadioName:
  38 0018 43433235 		.ascii	"CC2538 SoC\000"
  38      33382053 
  38      6F4300
  39 0023 00       		.align	2
  42              	infoStackName:
  43 0024 4F70656E 		.ascii	"OpenWSN \000"
  43      57534E20 
  43      00
  44              		.text
  45              		.align	2
  46              		.thumb
  47              		.thumb_func
  49              	init:
  50              	.LFB0:
  51              		.file 1 "build/openmote-cc2538_armgcc/openstack/02a-MAClow/IEEE802154_dummy_security.c"
   1:build/openmote-cc2538_armgcc/openstack/02a-MAClow/IEEE802154_dummy_security.c **** /**
   2:build/openmote-cc2538_armgcc/openstack/02a-MAClow/IEEE802154_dummy_security.c **** \brief Dummy IEEE802154 security implementation that is linked when security is disabled.
   3:build/openmote-cc2538_armgcc/openstack/02a-MAClow/IEEE802154_dummy_security.c ****   
   4:build/openmote-cc2538_armgcc/openstack/02a-MAClow/IEEE802154_dummy_security.c **** \author Malisa Vucinic <malishav@gmail.com>, June 2015.
   5:build/openmote-cc2538_armgcc/openstack/02a-MAClow/IEEE802154_dummy_security.c **** */
   6:build/openmote-cc2538_armgcc/openstack/02a-MAClow/IEEE802154_dummy_security.c **** 
   7:build/openmote-cc2538_armgcc/openstack/02a-MAClow/IEEE802154_dummy_security.c **** #include "IEEE802154_dummy_security.h"
   8:build/openmote-cc2538_armgcc/openstack/02a-MAClow/IEEE802154_dummy_security.c **** 
   9:build/openmote-cc2538_armgcc/openstack/02a-MAClow/IEEE802154_dummy_security.c **** static void init(void) {
  52              		.loc 1 9 0
  53              		.cfi_startproc
  54              		@ args = 0, pretend = 0, frame = 0
  55              		@ frame_needed = 1, uses_anonymous_args = 0
  56              		@ link register save eliminated.
  57 0000 80B4     		push	{r7}
  58              		.cfi_def_cfa_offset 4
  59              		.cfi_offset 7, -4
  60 0002 00AF     		add	r7, sp, #0
  61              		.cfi_def_cfa_register 7
  10:build/openmote-cc2538_armgcc/openstack/02a-MAClow/IEEE802154_dummy_security.c ****    return;
  62              		.loc 1 10 0
  63 0004 00BF     		nop
  11:build/openmote-cc2538_armgcc/openstack/02a-MAClow/IEEE802154_dummy_security.c **** }
  64              		.loc 1 11 0
  65 0006 BD46     		mov	sp, r7
  66              		@ sp needed
  67 0008 5DF8047B 		ldr	r7, [sp], #4
  68 000c 7047     		bx	lr
  69              		.cfi_endproc
  70              	.LFE0:
  72 000e 00BF     		.align	2
  73              		.thumb
  74              		.thumb_func
  76              	prependAuxiliarySecurityHeader:
  77              	.LFB1:
  12:build/openmote-cc2538_armgcc/openstack/02a-MAClow/IEEE802154_dummy_security.c **** 
  13:build/openmote-cc2538_armgcc/openstack/02a-MAClow/IEEE802154_dummy_security.c **** static void prependAuxiliarySecurityHeader(OpenQueueEntry_t* msg){
  78              		.loc 1 13 0
  79              		.cfi_startproc
  80              		@ args = 0, pretend = 0, frame = 8
  81              		@ frame_needed = 1, uses_anonymous_args = 0
  82              		@ link register save eliminated.
  83 0010 80B4     		push	{r7}
  84              		.cfi_def_cfa_offset 4
  85              		.cfi_offset 7, -4
  86 0012 83B0     		sub	sp, sp, #12
  87              		.cfi_def_cfa_offset 16
  88 0014 00AF     		add	r7, sp, #0
  89              		.cfi_def_cfa_register 7
  90 0016 7860     		str	r0, [r7, #4]
  14:build/openmote-cc2538_armgcc/openstack/02a-MAClow/IEEE802154_dummy_security.c ****    return;
  91              		.loc 1 14 0
  92 0018 00BF     		nop
  15:build/openmote-cc2538_armgcc/openstack/02a-MAClow/IEEE802154_dummy_security.c **** }
  93              		.loc 1 15 0
  94 001a 0C37     		adds	r7, r7, #12
  95 001c BD46     		mov	sp, r7
  96              		@ sp needed
  97 001e 5DF8047B 		ldr	r7, [sp], #4
  98 0022 7047     		bx	lr
  99              		.cfi_endproc
 100              	.LFE1:
 102              		.align	2
 103              		.thumb
 104              		.thumb_func
 106              	retrieveAuxiliarySecurityHeader:
 107              	.LFB2:
  16:build/openmote-cc2538_armgcc/openstack/02a-MAClow/IEEE802154_dummy_security.c **** 
  17:build/openmote-cc2538_armgcc/openstack/02a-MAClow/IEEE802154_dummy_security.c **** static void retrieveAuxiliarySecurityHeader(OpenQueueEntry_t* msg, ieee802154_header_iht* tempheade
 108              		.loc 1 17 0
 109              		.cfi_startproc
 110              		@ args = 0, pretend = 0, frame = 8
 111              		@ frame_needed = 1, uses_anonymous_args = 0
 112              		@ link register save eliminated.
 113 0024 80B4     		push	{r7}
 114              		.cfi_def_cfa_offset 4
 115              		.cfi_offset 7, -4
 116 0026 83B0     		sub	sp, sp, #12
 117              		.cfi_def_cfa_offset 16
 118 0028 00AF     		add	r7, sp, #0
 119              		.cfi_def_cfa_register 7
 120 002a 7860     		str	r0, [r7, #4]
 121 002c 3960     		str	r1, [r7]
  18:build/openmote-cc2538_armgcc/openstack/02a-MAClow/IEEE802154_dummy_security.c ****    return;
 122              		.loc 1 18 0
 123 002e 00BF     		nop
  19:build/openmote-cc2538_armgcc/openstack/02a-MAClow/IEEE802154_dummy_security.c **** }
 124              		.loc 1 19 0
 125 0030 0C37     		adds	r7, r7, #12
 126 0032 BD46     		mov	sp, r7
 127              		@ sp needed
 128 0034 5DF8047B 		ldr	r7, [sp], #4
 129 0038 7047     		bx	lr
 130              		.cfi_endproc
 131              	.LFE2:
 133 003a 00BF     		.align	2
 134              		.thumb
 135              		.thumb_func
 137              	outgoingFrame:
 138              	.LFB3:
  20:build/openmote-cc2538_armgcc/openstack/02a-MAClow/IEEE802154_dummy_security.c **** 
  21:build/openmote-cc2538_armgcc/openstack/02a-MAClow/IEEE802154_dummy_security.c **** static owerror_t outgoingFrame(OpenQueueEntry_t* msg) {
 139              		.loc 1 21 0
 140              		.cfi_startproc
 141              		@ args = 0, pretend = 0, frame = 8
 142              		@ frame_needed = 1, uses_anonymous_args = 0
 143              		@ link register save eliminated.
 144 003c 80B4     		push	{r7}
 145              		.cfi_def_cfa_offset 4
 146              		.cfi_offset 7, -4
 147 003e 83B0     		sub	sp, sp, #12
 148              		.cfi_def_cfa_offset 16
 149 0040 00AF     		add	r7, sp, #0
 150              		.cfi_def_cfa_register 7
 151 0042 7860     		str	r0, [r7, #4]
  22:build/openmote-cc2538_armgcc/openstack/02a-MAClow/IEEE802154_dummy_security.c ****    return E_SUCCESS;
 152              		.loc 1 22 0
 153 0044 0023     		movs	r3, #0
  23:build/openmote-cc2538_armgcc/openstack/02a-MAClow/IEEE802154_dummy_security.c **** }
 154              		.loc 1 23 0
 155 0046 1846     		mov	r0, r3
 156 0048 0C37     		adds	r7, r7, #12
 157 004a BD46     		mov	sp, r7
 158              		@ sp needed
 159 004c 5DF8047B 		ldr	r7, [sp], #4
 160 0050 7047     		bx	lr
 161              		.cfi_endproc
 162              	.LFE3:
 164 0052 00BF     		.align	2
 165              		.thumb
 166              		.thumb_func
 168              	incomingFrame:
 169              	.LFB4:
  24:build/openmote-cc2538_armgcc/openstack/02a-MAClow/IEEE802154_dummy_security.c **** 
  25:build/openmote-cc2538_armgcc/openstack/02a-MAClow/IEEE802154_dummy_security.c **** static owerror_t incomingFrame(OpenQueueEntry_t* msg) {
 170              		.loc 1 25 0
 171              		.cfi_startproc
 172              		@ args = 0, pretend = 0, frame = 8
 173              		@ frame_needed = 1, uses_anonymous_args = 0
 174              		@ link register save eliminated.
 175 0054 80B4     		push	{r7}
 176              		.cfi_def_cfa_offset 4
 177              		.cfi_offset 7, -4
 178 0056 83B0     		sub	sp, sp, #12
 179              		.cfi_def_cfa_offset 16
 180 0058 00AF     		add	r7, sp, #0
 181              		.cfi_def_cfa_register 7
 182 005a 7860     		str	r0, [r7, #4]
  26:build/openmote-cc2538_armgcc/openstack/02a-MAClow/IEEE802154_dummy_security.c ****    return E_SUCCESS;
 183              		.loc 1 26 0
 184 005c 0023     		movs	r3, #0
  27:build/openmote-cc2538_armgcc/openstack/02a-MAClow/IEEE802154_dummy_security.c **** }
 185              		.loc 1 27 0
 186 005e 1846     		mov	r0, r3
 187 0060 0C37     		adds	r7, r7, #12
 188 0062 BD46     		mov	sp, r7
 189              		@ sp needed
 190 0064 5DF8047B 		ldr	r7, [sp], #4
 191 0068 7047     		bx	lr
 192              		.cfi_endproc
 193              	.LFE4:
 195 006a 00BF     		.align	2
 196              		.thumb
 197              		.thumb_func
 199              	authenticationTagLen:
 200              	.LFB5:
  28:build/openmote-cc2538_armgcc/openstack/02a-MAClow/IEEE802154_dummy_security.c **** 
  29:build/openmote-cc2538_armgcc/openstack/02a-MAClow/IEEE802154_dummy_security.c **** static uint8_t authenticationTagLen(uint8_t sec_level) {
 201              		.loc 1 29 0
 202              		.cfi_startproc
 203              		@ args = 0, pretend = 0, frame = 8
 204              		@ frame_needed = 1, uses_anonymous_args = 0
 205              		@ link register save eliminated.
 206 006c 80B4     		push	{r7}
 207              		.cfi_def_cfa_offset 4
 208              		.cfi_offset 7, -4
 209 006e 83B0     		sub	sp, sp, #12
 210              		.cfi_def_cfa_offset 16
 211 0070 00AF     		add	r7, sp, #0
 212              		.cfi_def_cfa_register 7
 213 0072 0346     		mov	r3, r0
 214 0074 FB71     		strb	r3, [r7, #7]
  30:build/openmote-cc2538_armgcc/openstack/02a-MAClow/IEEE802154_dummy_security.c ****    return (uint8_t) 0;
 215              		.loc 1 30 0
 216 0076 0023     		movs	r3, #0
  31:build/openmote-cc2538_armgcc/openstack/02a-MAClow/IEEE802154_dummy_security.c **** }
 217              		.loc 1 31 0
 218 0078 1846     		mov	r0, r3
 219 007a 0C37     		adds	r7, r7, #12
 220 007c BD46     		mov	sp, r7
 221              		@ sp needed
 222 007e 5DF8047B 		ldr	r7, [sp], #4
 223 0082 7047     		bx	lr
 224              		.cfi_endproc
 225              	.LFE5:
 227              		.align	2
 228              		.thumb
 229              		.thumb_func
 231              	auxiliaryHeaderLen:
 232              	.LFB6:
  32:build/openmote-cc2538_armgcc/openstack/02a-MAClow/IEEE802154_dummy_security.c **** 
  33:build/openmote-cc2538_armgcc/openstack/02a-MAClow/IEEE802154_dummy_security.c **** static uint8_t auxiliaryHeaderLen(uint8_t kid, uint8_t sup, uint8_t size) {
 233              		.loc 1 33 0
 234              		.cfi_startproc
 235              		@ args = 0, pretend = 0, frame = 8
 236              		@ frame_needed = 1, uses_anonymous_args = 0
 237              		@ link register save eliminated.
 238 0084 80B4     		push	{r7}
 239              		.cfi_def_cfa_offset 4
 240              		.cfi_offset 7, -4
 241 0086 83B0     		sub	sp, sp, #12
 242              		.cfi_def_cfa_offset 16
 243 0088 00AF     		add	r7, sp, #0
 244              		.cfi_def_cfa_register 7
 245 008a 1346     		mov	r3, r2
 246 008c 0246     		mov	r2, r0
 247 008e FA71     		strb	r2, [r7, #7]
 248 0090 0A46     		mov	r2, r1
 249 0092 BA71     		strb	r2, [r7, #6]
 250 0094 7B71     		strb	r3, [r7, #5]
  34:build/openmote-cc2538_armgcc/openstack/02a-MAClow/IEEE802154_dummy_security.c ****    return (uint8_t) 0;
 251              		.loc 1 34 0
 252 0096 0023     		movs	r3, #0
  35:build/openmote-cc2538_armgcc/openstack/02a-MAClow/IEEE802154_dummy_security.c **** }
 253              		.loc 1 35 0
 254 0098 1846     		mov	r0, r3
 255 009a 0C37     		adds	r7, r7, #12
 256 009c BD46     		mov	sp, r7
 257              		@ sp needed
 258 009e 5DF8047B 		ldr	r7, [sp], #4
 259 00a2 7047     		bx	lr
 260              		.cfi_endproc
 261              	.LFE6:
 263              		.global	IEEE802154_dummy_security
 264              		.section	.rodata
 265 002d 000000   		.align	2
 268              	IEEE802154_dummy_security:
 269 0030 00000000 		.word	init
 270 0034 00000000 		.word	prependAuxiliarySecurityHeader
 271 0038 00000000 		.word	retrieveAuxiliarySecurityHeader
 272 003c 00000000 		.word	outgoingFrame
 273 0040 00000000 		.word	incomingFrame
 274 0044 00000000 		.word	authenticationTagLen
 275 0048 00000000 		.word	auxiliaryHeaderLen
 276              		.text
 277              	.Letext0:
 278              		.file 2 "/usr/include/newlib/machine/_default_types.h"
 279              		.file 3 "/usr/include/newlib/stdint.h"
 280              		.file 4 "inc/opendefs.h"
 281              		.file 5 "build/openmote-cc2538_armgcc/openstack/02a-MAClow/IEEE802154.h"
 282              		.file 6 "build/openmote-cc2538_armgcc/openstack/02a-MAClow/ieee802154_security_driver.h"
 283              		.file 7 "bsp/boards/openmote-cc2538/board_info.h"
DEFINED SYMBOLS
                            *ABS*:0000000000000000 IEEE802154_dummy_security.c
     /tmp/cc7U1QLv.s:19     .rodata:0000000000000000 $d
     /tmp/cc7U1QLv.s:22     .rodata:0000000000000000 rreg_uriquery
     /tmp/cc7U1QLv.s:27     .rodata:0000000000000008 infoBoardname
     /tmp/cc7U1QLv.s:32     .rodata:0000000000000010 infouCName
     /tmp/cc7U1QLv.s:37     .rodata:0000000000000018 infoRadioName
     /tmp/cc7U1QLv.s:42     .rodata:0000000000000024 infoStackName
     /tmp/cc7U1QLv.s:45     .text:0000000000000000 $t
     /tmp/cc7U1QLv.s:49     .text:0000000000000000 init
     /tmp/cc7U1QLv.s:76     .text:0000000000000010 prependAuxiliarySecurityHeader
     /tmp/cc7U1QLv.s:106    .text:0000000000000024 retrieveAuxiliarySecurityHeader
     /tmp/cc7U1QLv.s:137    .text:000000000000003c outgoingFrame
     /tmp/cc7U1QLv.s:168    .text:0000000000000054 incomingFrame
     /tmp/cc7U1QLv.s:199    .text:000000000000006c authenticationTagLen
     /tmp/cc7U1QLv.s:231    .text:0000000000000084 auxiliaryHeaderLen
     /tmp/cc7U1QLv.s:268    .rodata:0000000000000030 IEEE802154_dummy_security
                     .debug_frame:0000000000000010 $d
                           .group:0000000000000000 wm4.1.08074afb2ccc9da754fae8e3ee0f577b
                           .group:0000000000000000 wm4.features.h.22.6a4ca7cd053637cc1d0db6c16f39b2d7
                           .group:0000000000000000 wm4._default_types.h.15.8b2cb27e528498f8ff711db085d6e489
                           .group:0000000000000000 wm4.stdint.h.20.796e373797e732130a803d4c0338fa1b
                           .group:0000000000000000 wm4.toolchain_defs.h.2.e5fd326231d01413e5361944b26cde07
                           .group:0000000000000000 wm4.newlib.h.8.fec018e441fee7bfa1923812ad010f97
                           .group:0000000000000000 wm4.config.h.212.4163ef2871a828c674038d036b081cfd
                           .group:0000000000000000 wm4._ansi.h.23.5644b60c990a4800b02a6e654e88f93a
                           .group:0000000000000000 wm4.stddef.h.39.daafd3d79fe2f3a84d2d73d7d4e706f8
                           .group:0000000000000000 wm4.lock.h.2.9bc98482741e5e2a9450b12934a684ea
                           .group:0000000000000000 wm4._types.h.54.d3d34a3b7f3cc230cd159baf022b4b08
                           .group:0000000000000000 wm4.stddef.h.158.61317cdbfb4026324507d123a50b0fd6
                           .group:0000000000000000 wm4.reent.h.17.8bd9e4098e0428508c282cad794fae43
                           .group:0000000000000000 wm4.cdefs.h.47.339223046f475c9f2d5db3a9118d7c65
                           .group:0000000000000000 wm4.string.h.15.dab3980bf35408a4c507182805e2de3a
                           .group:0000000000000000 wm4.stddef.h.158.a7efb00f6cbc6f43213b50e183c9830c
                           .group:0000000000000000 wm4.string.h.126.6ff3aa59129e7f66b2c273baf353e066
                           .group:0000000000000000 wm4.stdbool.h.29.1c9ee6859ce8145f7838a4f2549ccec2
                           .group:0000000000000000 wm4.hw_types.h.67.b10589a0806dcc2d274d6fab6b736519
                           .group:0000000000000000 wm4.interrupt.h.41.272fc4ec0e276feb439e7974d0f77eaf
                           .group:0000000000000000 wm4.board_info.h.22.aeb00002354a4949fff54190040e37af
                           .group:0000000000000000 wm4.opendefs.h.23.16dafe2a30b31097968a5d4db894173a
                           .group:0000000000000000 wm4.IEEE802154.h.2.38fb510ed33a23a9a0660164e6dfab69
                           .group:0000000000000000 wm4.ieee802154_security_driver.h.26.4d4fd7280cd44bf0e9f782e08ce14308

NO UNDEFINED SYMBOLS
