   1              		.syntax unified
   2              		.cpu cortex-m3
   3              		.fpu softvfp
   4              		.eabi_attribute 20, 1
   5              		.eabi_attribute 21, 1
   6              		.eabi_attribute 23, 3
   7              		.eabi_attribute 24, 1
   8              		.eabi_attribute 25, 1
   9              		.eabi_attribute 26, 1
  10              		.eabi_attribute 30, 6
  11              		.eabi_attribute 34, 1
  12              		.eabi_attribute 18, 4
  13              		.thumb
  14              		.file	"idmanager.c"
  15              		.text
  16              	.Ltext0:
  17              		.cfi_sections	.debug_frame
  18              		.section	.rodata
  19              		.align	2
  22              	rreg_uriquery:
  23 0000 683D7563 		.ascii	"h=ucb\000"
  23      6200
  24 0006 0000     		.align	2
  27              	infoBoardname:
  28 0008 43433235 		.ascii	"CC2538\000"
  28      333800
  29 000f 00       		.align	2
  32              	infouCName:
  33 0010 43433235 		.ascii	"CC2538\000"
  33      333800
  34 0017 00       		.align	2
  37              	infoRadioName:
  38 0018 43433235 		.ascii	"CC2538 SoC\000"
  38      33382053 
  38      6F4300
  39 0023 00       		.align	2
  42              	infoStackName:
  43 0024 4F70656E 		.ascii	"OpenWSN \000"
  43      57534E20 
  43      00
  44 002d 000000   		.align	2
  47              	all_routers_multicast:
  48 0030 FF       		.byte	-1
  49 0031 02       		.byte	2
  50 0032 00       		.byte	0
  51 0033 00       		.byte	0
  52 0034 00       		.byte	0
  53 0035 00       		.byte	0
  54 0036 00       		.byte	0
  55 0037 00       		.byte	0
  56 0038 00       		.byte	0
  57 0039 00       		.byte	0
  58 003a 00       		.byte	0
  59 003b 00       		.byte	0
  60 003c 00       		.byte	0
  61 003d 00       		.byte	0
  62 003e 00       		.byte	0
  63 003f 1A       		.byte	26
  64              		.comm	idmanager_vars,70,4
  65              		.text
  66              		.align	2
  67              		.global	idmanager_init
  68              		.thumb
  69              		.thumb_func
  71              	idmanager_init:
  72              	.LFB0:
  73              		.file 1 "build/openmote-cc2538_armgcc/openstack/cross-layers/idmanager.c"
   1:build/openmote-cc2538_armgcc/openstack/cross-layers/idmanager.c **** #include "opendefs.h"
   2:build/openmote-cc2538_armgcc/openstack/cross-layers/idmanager.c **** #include "idmanager.h"
   3:build/openmote-cc2538_armgcc/openstack/cross-layers/idmanager.c **** #include "eui64.h"
   4:build/openmote-cc2538_armgcc/openstack/cross-layers/idmanager.c **** #include "packetfunctions.h"
   5:build/openmote-cc2538_armgcc/openstack/cross-layers/idmanager.c **** #include "openserial.h"
   6:build/openmote-cc2538_armgcc/openstack/cross-layers/idmanager.c **** #include "neighbors.h"
   7:build/openmote-cc2538_armgcc/openstack/cross-layers/idmanager.c **** #include "schedule.h"
   8:build/openmote-cc2538_armgcc/openstack/cross-layers/idmanager.c **** 
   9:build/openmote-cc2538_armgcc/openstack/cross-layers/idmanager.c **** //=========================== variables =======================================
  10:build/openmote-cc2538_armgcc/openstack/cross-layers/idmanager.c **** 
  11:build/openmote-cc2538_armgcc/openstack/cross-layers/idmanager.c **** idmanager_vars_t idmanager_vars;
  12:build/openmote-cc2538_armgcc/openstack/cross-layers/idmanager.c **** 
  13:build/openmote-cc2538_armgcc/openstack/cross-layers/idmanager.c **** //=========================== prototypes ======================================
  14:build/openmote-cc2538_armgcc/openstack/cross-layers/idmanager.c **** 
  15:build/openmote-cc2538_armgcc/openstack/cross-layers/idmanager.c **** //=========================== public ==========================================
  16:build/openmote-cc2538_armgcc/openstack/cross-layers/idmanager.c **** 
  17:build/openmote-cc2538_armgcc/openstack/cross-layers/idmanager.c **** void idmanager_init() {
  74              		.loc 1 17 0
  75              		.cfi_startproc
  76              		@ args = 0, pretend = 0, frame = 0
  77              		@ frame_needed = 1, uses_anonymous_args = 0
  78 0000 80B5     		push	{r7, lr}
  79              		.cfi_def_cfa_offset 8
  80              		.cfi_offset 7, -8
  81              		.cfi_offset 14, -4
  82 0002 00AF     		add	r7, sp, #0
  83              		.cfi_def_cfa_register 7
  18:build/openmote-cc2538_armgcc/openstack/cross-layers/idmanager.c ****    
  19:build/openmote-cc2538_armgcc/openstack/cross-layers/idmanager.c ****    // reset local variables
  20:build/openmote-cc2538_armgcc/openstack/cross-layers/idmanager.c ****    memset(&idmanager_vars, 0, sizeof(idmanager_vars_t));
  84              		.loc 1 20 0
  85 0004 40F20000 		movw	r0, #:lower16:idmanager_vars
  86 0008 C0F20000 		movt	r0, #:upper16:idmanager_vars
  87 000c 0021     		movs	r1, #0
  88 000e 4622     		movs	r2, #70
  89 0010 FFF7FEFF 		bl	memset
  21:build/openmote-cc2538_armgcc/openstack/cross-layers/idmanager.c ****    // this is used to not wakeup in non-activeslot
  22:build/openmote-cc2538_armgcc/openstack/cross-layers/idmanager.c ****    idmanager_vars.slotSkip             = FALSE;
  90              		.loc 1 22 0
  91 0014 40F20003 		movw	r3, #:lower16:idmanager_vars
  92 0018 C0F20003 		movt	r3, #:upper16:idmanager_vars
  93 001c 0022     		movs	r2, #0
  94 001e 83F84520 		strb	r2, [r3, #69]
  23:build/openmote-cc2538_armgcc/openstack/cross-layers/idmanager.c ****    
  24:build/openmote-cc2538_armgcc/openstack/cross-layers/idmanager.c ****    // isDAGroot
  25:build/openmote-cc2538_armgcc/openstack/cross-layers/idmanager.c **** #ifdef DAGROOT
  26:build/openmote-cc2538_armgcc/openstack/cross-layers/idmanager.c ****    idmanager_vars.isDAGroot            = TRUE;
  27:build/openmote-cc2538_armgcc/openstack/cross-layers/idmanager.c **** #else
  28:build/openmote-cc2538_armgcc/openstack/cross-layers/idmanager.c ****    idmanager_vars.isDAGroot            = FALSE;
  95              		.loc 1 28 0
  96 0022 40F20003 		movw	r3, #:lower16:idmanager_vars
  97 0026 C0F20003 		movt	r3, #:upper16:idmanager_vars
  98 002a 0022     		movs	r2, #0
  99 002c 1A70     		strb	r2, [r3]
  29:build/openmote-cc2538_armgcc/openstack/cross-layers/idmanager.c **** #endif
  30:build/openmote-cc2538_armgcc/openstack/cross-layers/idmanager.c ****    
  31:build/openmote-cc2538_armgcc/openstack/cross-layers/idmanager.c ****    // myPANID
  32:build/openmote-cc2538_armgcc/openstack/cross-layers/idmanager.c ****    idmanager_vars.myPANID.type         = ADDR_PANID;
 100              		.loc 1 32 0
 101 002e 40F20003 		movw	r3, #:lower16:idmanager_vars
 102 0032 C0F20003 		movt	r3, #:upper16:idmanager_vars
 103 0036 0422     		movs	r2, #4
 104 0038 5A70     		strb	r2, [r3, #1]
  33:build/openmote-cc2538_armgcc/openstack/cross-layers/idmanager.c ****    idmanager_vars.myPANID.panid[0]     = 0xca;
 105              		.loc 1 33 0
 106 003a 40F20003 		movw	r3, #:lower16:idmanager_vars
 107 003e C0F20003 		movt	r3, #:upper16:idmanager_vars
 108 0042 CA22     		movs	r2, #202
 109 0044 9A70     		strb	r2, [r3, #2]
  34:build/openmote-cc2538_armgcc/openstack/cross-layers/idmanager.c ****    idmanager_vars.myPANID.panid[1]     = 0xfe;
 110              		.loc 1 34 0
 111 0046 40F20003 		movw	r3, #:lower16:idmanager_vars
 112 004a C0F20003 		movt	r3, #:upper16:idmanager_vars
 113 004e FE22     		movs	r2, #254
 114 0050 DA70     		strb	r2, [r3, #3]
  35:build/openmote-cc2538_armgcc/openstack/cross-layers/idmanager.c **** #ifdef PANID_DEFINED 
  36:build/openmote-cc2538_armgcc/openstack/cross-layers/idmanager.c ****    idmanager_vars.myPANID.panid[0]     = PANID_DEFINED & 0x00ff;
  37:build/openmote-cc2538_armgcc/openstack/cross-layers/idmanager.c ****    idmanager_vars.myPANID.panid[1]     =(PANID_DEFINED & 0xff00)>>8;
  38:build/openmote-cc2538_armgcc/openstack/cross-layers/idmanager.c **** #else
  39:build/openmote-cc2538_armgcc/openstack/cross-layers/idmanager.c ****    idmanager_vars.myPANID.panid[0]     = 0xca;
 115              		.loc 1 39 0
 116 0052 40F20003 		movw	r3, #:lower16:idmanager_vars
 117 0056 C0F20003 		movt	r3, #:upper16:idmanager_vars
 118 005a CA22     		movs	r2, #202
 119 005c 9A70     		strb	r2, [r3, #2]
  40:build/openmote-cc2538_armgcc/openstack/cross-layers/idmanager.c ****    idmanager_vars.myPANID.panid[1]     = 0xfe;
 120              		.loc 1 40 0
 121 005e 40F20003 		movw	r3, #:lower16:idmanager_vars
 122 0062 C0F20003 		movt	r3, #:upper16:idmanager_vars
 123 0066 FE22     		movs	r2, #254
 124 0068 DA70     		strb	r2, [r3, #3]
  41:build/openmote-cc2538_armgcc/openstack/cross-layers/idmanager.c **** #endif
  42:build/openmote-cc2538_armgcc/openstack/cross-layers/idmanager.c ****    // myPrefix
  43:build/openmote-cc2538_armgcc/openstack/cross-layers/idmanager.c ****    idmanager_vars.myPrefix.type        = ADDR_PREFIX;
 125              		.loc 1 43 0
 126 006a 40F20003 		movw	r3, #:lower16:idmanager_vars
 127 006e C0F20003 		movt	r3, #:upper16:idmanager_vars
 128 0072 0522     		movs	r2, #5
 129 0074 83F83420 		strb	r2, [r3, #52]
  44:build/openmote-cc2538_armgcc/openstack/cross-layers/idmanager.c **** #ifdef DAGROOT
  45:build/openmote-cc2538_armgcc/openstack/cross-layers/idmanager.c ****    idmanager_vars.myPrefix.prefix[0]   = 0xbb;
  46:build/openmote-cc2538_armgcc/openstack/cross-layers/idmanager.c ****    idmanager_vars.myPrefix.prefix[1]   = 0xbb;
  47:build/openmote-cc2538_armgcc/openstack/cross-layers/idmanager.c ****    idmanager_vars.myPrefix.prefix[2]   = 0x00;
  48:build/openmote-cc2538_armgcc/openstack/cross-layers/idmanager.c ****    idmanager_vars.myPrefix.prefix[3]   = 0x00;
  49:build/openmote-cc2538_armgcc/openstack/cross-layers/idmanager.c ****    idmanager_vars.myPrefix.prefix[4]   = 0x00;
  50:build/openmote-cc2538_armgcc/openstack/cross-layers/idmanager.c ****    idmanager_vars.myPrefix.prefix[5]   = 0x00;
  51:build/openmote-cc2538_armgcc/openstack/cross-layers/idmanager.c ****    idmanager_vars.myPrefix.prefix[6]   = 0x00;
  52:build/openmote-cc2538_armgcc/openstack/cross-layers/idmanager.c ****    idmanager_vars.myPrefix.prefix[7]   = 0x00;
  53:build/openmote-cc2538_armgcc/openstack/cross-layers/idmanager.c **** #else
  54:build/openmote-cc2538_armgcc/openstack/cross-layers/idmanager.c ****    memset(&idmanager_vars.myPrefix.prefix[0], 0x00, sizeof(idmanager_vars.myPrefix.prefix));
 130              		.loc 1 54 0
 131 0078 0948     		ldr	r0, .L2
 132 007a 0021     		movs	r1, #0
 133 007c 0822     		movs	r2, #8
 134 007e FFF7FEFF 		bl	memset
  55:build/openmote-cc2538_armgcc/openstack/cross-layers/idmanager.c **** #endif
  56:build/openmote-cc2538_armgcc/openstack/cross-layers/idmanager.c ****    
  57:build/openmote-cc2538_armgcc/openstack/cross-layers/idmanager.c ****    // my64bID
  58:build/openmote-cc2538_armgcc/openstack/cross-layers/idmanager.c ****    idmanager_vars.my64bID.type         = ADDR_64B;
 135              		.loc 1 58 0
 136 0082 40F20003 		movw	r3, #:lower16:idmanager_vars
 137 0086 C0F20003 		movt	r3, #:upper16:idmanager_vars
 138 008a 0222     		movs	r2, #2
 139 008c 83F82320 		strb	r2, [r3, #35]
  59:build/openmote-cc2538_armgcc/openstack/cross-layers/idmanager.c ****    eui64_get(idmanager_vars.my64bID.addr_64b);
 140              		.loc 1 59 0
 141 0090 0448     		ldr	r0, .L2+4
 142 0092 FFF7FEFF 		bl	eui64_get
  60:build/openmote-cc2538_armgcc/openstack/cross-layers/idmanager.c ****    
  61:build/openmote-cc2538_armgcc/openstack/cross-layers/idmanager.c ****    // my16bID
  62:build/openmote-cc2538_armgcc/openstack/cross-layers/idmanager.c ****    packetfunctions_mac64bToMac16b(&idmanager_vars.my64bID,&idmanager_vars.my16bID);
 143              		.loc 1 62 0
 144 0096 0448     		ldr	r0, .L2+8
 145 0098 0449     		ldr	r1, .L2+12
 146 009a FFF7FEFF 		bl	packetfunctions_mac64bToMac16b
  63:build/openmote-cc2538_armgcc/openstack/cross-layers/idmanager.c **** }
 147              		.loc 1 63 0
 148 009e 80BD     		pop	{r7, pc}
 149              	.L3:
 150              		.align	2
 151              	.L2:
 152 00a0 35000000 		.word	idmanager_vars+53
 153 00a4 24000000 		.word	idmanager_vars+36
 154 00a8 23000000 		.word	idmanager_vars+35
 155 00ac 12000000 		.word	idmanager_vars+18
 156              		.cfi_endproc
 157              	.LFE0:
 159              		.align	2
 160              		.global	idmanager_getIsDAGroot
 161              		.thumb
 162              		.thumb_func
 164              	idmanager_getIsDAGroot:
 165              	.LFB1:
  64:build/openmote-cc2538_armgcc/openstack/cross-layers/idmanager.c **** 
  65:build/openmote-cc2538_armgcc/openstack/cross-layers/idmanager.c **** bool idmanager_getIsDAGroot() {
 166              		.loc 1 65 0
 167              		.cfi_startproc
 168              		@ args = 0, pretend = 0, frame = 8
 169              		@ frame_needed = 1, uses_anonymous_args = 0
 170 00b0 80B5     		push	{r7, lr}
 171              		.cfi_def_cfa_offset 8
 172              		.cfi_offset 7, -8
 173              		.cfi_offset 14, -4
 174 00b2 82B0     		sub	sp, sp, #8
 175              		.cfi_def_cfa_offset 16
 176 00b4 00AF     		add	r7, sp, #0
 177              		.cfi_def_cfa_register 7
  66:build/openmote-cc2538_armgcc/openstack/cross-layers/idmanager.c ****    bool res;
  67:build/openmote-cc2538_armgcc/openstack/cross-layers/idmanager.c ****    INTERRUPT_DECLARATION();
  68:build/openmote-cc2538_armgcc/openstack/cross-layers/idmanager.c ****    
  69:build/openmote-cc2538_armgcc/openstack/cross-layers/idmanager.c ****    DISABLE_INTERRUPTS();
 178              		.loc 1 69 0
 179 00b6 FFF7FEFF 		bl	IntMasterDisable
  70:build/openmote-cc2538_armgcc/openstack/cross-layers/idmanager.c ****    res=idmanager_vars.isDAGroot;
 180              		.loc 1 70 0
 181 00ba 40F20003 		movw	r3, #:lower16:idmanager_vars
 182 00be C0F20003 		movt	r3, #:upper16:idmanager_vars
 183 00c2 1B78     		ldrb	r3, [r3]
 184 00c4 FB71     		strb	r3, [r7, #7]
  71:build/openmote-cc2538_armgcc/openstack/cross-layers/idmanager.c ****    ENABLE_INTERRUPTS();
 185              		.loc 1 71 0
 186 00c6 FFF7FEFF 		bl	IntMasterEnable
  72:build/openmote-cc2538_armgcc/openstack/cross-layers/idmanager.c ****    return res;
 187              		.loc 1 72 0
 188 00ca FB79     		ldrb	r3, [r7, #7]	@ zero_extendqisi2
  73:build/openmote-cc2538_armgcc/openstack/cross-layers/idmanager.c **** }
 189              		.loc 1 73 0
 190 00cc 1846     		mov	r0, r3
 191 00ce 0837     		adds	r7, r7, #8
 192 00d0 BD46     		mov	sp, r7
 193              		@ sp needed
 194 00d2 80BD     		pop	{r7, pc}
 195              		.cfi_endproc
 196              	.LFE1:
 198              		.align	2
 199              		.global	idmanager_setIsDAGroot
 200              		.thumb
 201              		.thumb_func
 203              	idmanager_setIsDAGroot:
 204              	.LFB2:
  74:build/openmote-cc2538_armgcc/openstack/cross-layers/idmanager.c **** 
  75:build/openmote-cc2538_armgcc/openstack/cross-layers/idmanager.c **** void idmanager_setIsDAGroot(bool newRole) {
 205              		.loc 1 75 0
 206              		.cfi_startproc
 207              		@ args = 0, pretend = 0, frame = 8
 208              		@ frame_needed = 1, uses_anonymous_args = 0
 209 00d4 80B5     		push	{r7, lr}
 210              		.cfi_def_cfa_offset 8
 211              		.cfi_offset 7, -8
 212              		.cfi_offset 14, -4
 213 00d6 82B0     		sub	sp, sp, #8
 214              		.cfi_def_cfa_offset 16
 215 00d8 00AF     		add	r7, sp, #0
 216              		.cfi_def_cfa_register 7
 217 00da 0346     		mov	r3, r0
 218 00dc FB71     		strb	r3, [r7, #7]
  76:build/openmote-cc2538_armgcc/openstack/cross-layers/idmanager.c ****    INTERRUPT_DECLARATION();
  77:build/openmote-cc2538_armgcc/openstack/cross-layers/idmanager.c ****    DISABLE_INTERRUPTS();
 219              		.loc 1 77 0
 220 00de FFF7FEFF 		bl	IntMasterDisable
  78:build/openmote-cc2538_armgcc/openstack/cross-layers/idmanager.c ****    idmanager_vars.isDAGroot = newRole;
 221              		.loc 1 78 0
 222 00e2 40F20003 		movw	r3, #:lower16:idmanager_vars
 223 00e6 C0F20003 		movt	r3, #:upper16:idmanager_vars
 224 00ea FA79     		ldrb	r2, [r7, #7]
 225 00ec 1A70     		strb	r2, [r3]
  79:build/openmote-cc2538_armgcc/openstack/cross-layers/idmanager.c ****    icmpv6rpl_updateMyDAGrankAndParentSelection();
 226              		.loc 1 79 0
 227 00ee FFF7FEFF 		bl	icmpv6rpl_updateMyDAGrankAndParentSelection
  80:build/openmote-cc2538_armgcc/openstack/cross-layers/idmanager.c ****    schedule_startDAGroot();
 228              		.loc 1 80 0
 229 00f2 FFF7FEFF 		bl	schedule_startDAGroot
  81:build/openmote-cc2538_armgcc/openstack/cross-layers/idmanager.c ****    ENABLE_INTERRUPTS();
 230              		.loc 1 81 0
 231 00f6 FFF7FEFF 		bl	IntMasterEnable
  82:build/openmote-cc2538_armgcc/openstack/cross-layers/idmanager.c **** }
 232              		.loc 1 82 0
 233 00fa 0837     		adds	r7, r7, #8
 234 00fc BD46     		mov	sp, r7
 235              		@ sp needed
 236 00fe 80BD     		pop	{r7, pc}
 237              		.cfi_endproc
 238              	.LFE2:
 240              		.align	2
 241              		.global	idmanager_getIsSlotSkip
 242              		.thumb
 243              		.thumb_func
 245              	idmanager_getIsSlotSkip:
 246              	.LFB3:
  83:build/openmote-cc2538_armgcc/openstack/cross-layers/idmanager.c **** 
  84:build/openmote-cc2538_armgcc/openstack/cross-layers/idmanager.c **** bool idmanager_getIsSlotSkip() {
 247              		.loc 1 84 0
 248              		.cfi_startproc
 249              		@ args = 0, pretend = 0, frame = 8
 250              		@ frame_needed = 1, uses_anonymous_args = 0
 251 0100 80B5     		push	{r7, lr}
 252              		.cfi_def_cfa_offset 8
 253              		.cfi_offset 7, -8
 254              		.cfi_offset 14, -4
 255 0102 82B0     		sub	sp, sp, #8
 256              		.cfi_def_cfa_offset 16
 257 0104 00AF     		add	r7, sp, #0
 258              		.cfi_def_cfa_register 7
  85:build/openmote-cc2538_armgcc/openstack/cross-layers/idmanager.c ****    bool res;
  86:build/openmote-cc2538_armgcc/openstack/cross-layers/idmanager.c ****    INTERRUPT_DECLARATION();
  87:build/openmote-cc2538_armgcc/openstack/cross-layers/idmanager.c ****    
  88:build/openmote-cc2538_armgcc/openstack/cross-layers/idmanager.c ****    DISABLE_INTERRUPTS();
 259              		.loc 1 88 0
 260 0106 FFF7FEFF 		bl	IntMasterDisable
  89:build/openmote-cc2538_armgcc/openstack/cross-layers/idmanager.c ****    res=idmanager_vars.slotSkip;
 261              		.loc 1 89 0
 262 010a 40F20003 		movw	r3, #:lower16:idmanager_vars
 263 010e C0F20003 		movt	r3, #:upper16:idmanager_vars
 264 0112 93F84530 		ldrb	r3, [r3, #69]
 265 0116 FB71     		strb	r3, [r7, #7]
  90:build/openmote-cc2538_armgcc/openstack/cross-layers/idmanager.c ****    ENABLE_INTERRUPTS();
 266              		.loc 1 90 0
 267 0118 FFF7FEFF 		bl	IntMasterEnable
  91:build/openmote-cc2538_armgcc/openstack/cross-layers/idmanager.c ****    return res;
 268              		.loc 1 91 0
 269 011c FB79     		ldrb	r3, [r7, #7]	@ zero_extendqisi2
  92:build/openmote-cc2538_armgcc/openstack/cross-layers/idmanager.c **** }
 270              		.loc 1 92 0
 271 011e 1846     		mov	r0, r3
 272 0120 0837     		adds	r7, r7, #8
 273 0122 BD46     		mov	sp, r7
 274              		@ sp needed
 275 0124 80BD     		pop	{r7, pc}
 276              		.cfi_endproc
 277              	.LFE3:
 279 0126 00BF     		.align	2
 280              		.global	idmanager_getMyID
 281              		.thumb
 282              		.thumb_func
 284              	idmanager_getMyID:
 285              	.LFB4:
  93:build/openmote-cc2538_armgcc/openstack/cross-layers/idmanager.c **** 
  94:build/openmote-cc2538_armgcc/openstack/cross-layers/idmanager.c **** open_addr_t* idmanager_getMyID(uint8_t type) {
 286              		.loc 1 94 0
 287              		.cfi_startproc
 288              		@ args = 0, pretend = 0, frame = 16
 289              		@ frame_needed = 1, uses_anonymous_args = 0
 290 0128 80B5     		push	{r7, lr}
 291              		.cfi_def_cfa_offset 8
 292              		.cfi_offset 7, -8
 293              		.cfi_offset 14, -4
 294 012a 84B0     		sub	sp, sp, #16
 295              		.cfi_def_cfa_offset 24
 296 012c 00AF     		add	r7, sp, #0
 297              		.cfi_def_cfa_register 7
 298 012e 0346     		mov	r3, r0
 299 0130 FB71     		strb	r3, [r7, #7]
  95:build/openmote-cc2538_armgcc/openstack/cross-layers/idmanager.c ****    open_addr_t* res;
  96:build/openmote-cc2538_armgcc/openstack/cross-layers/idmanager.c ****    INTERRUPT_DECLARATION();
  97:build/openmote-cc2538_armgcc/openstack/cross-layers/idmanager.c ****    DISABLE_INTERRUPTS();
 300              		.loc 1 97 0
 301 0132 FFF7FEFF 		bl	IntMasterDisable
  98:build/openmote-cc2538_armgcc/openstack/cross-layers/idmanager.c ****    switch (type) {
 302              		.loc 1 98 0
 303 0136 FB79     		ldrb	r3, [r7, #7]	@ zero_extendqisi2
 304 0138 013B     		subs	r3, r3, #1
 305 013a 042B     		cmp	r3, #4
 306 013c 18D8     		bhi	.L10
 307 013e 01A2     		adr	r2, .L12
 308 0140 52F823F0 		ldr	pc, [r2, r3, lsl #2]
 309              		.p2align 2
 310              	.L12:
 311 0144 59010000 		.word	.L11+1
 312 0148 5F010000 		.word	.L13+1
 313 014c 71010000 		.word	.L10+1
 314 0150 65010000 		.word	.L14+1
 315 0154 6B010000 		.word	.L15+1
 316              	.L11:
  99:build/openmote-cc2538_armgcc/openstack/cross-layers/idmanager.c ****      case ADDR_16B:
 100:build/openmote-cc2538_armgcc/openstack/cross-layers/idmanager.c ****         res= &idmanager_vars.my16bID;
 317              		.loc 1 100 0
 318 0158 0E4B     		ldr	r3, .L18
 319 015a FB60     		str	r3, [r7, #12]
 101:build/openmote-cc2538_armgcc/openstack/cross-layers/idmanager.c ****         break;
 320              		.loc 1 101 0
 321 015c 13E0     		b	.L16
 322              	.L13:
 102:build/openmote-cc2538_armgcc/openstack/cross-layers/idmanager.c ****      case ADDR_64B:
 103:build/openmote-cc2538_armgcc/openstack/cross-layers/idmanager.c ****         res= &idmanager_vars.my64bID;
 323              		.loc 1 103 0
 324 015e 0E4B     		ldr	r3, .L18+4
 325 0160 FB60     		str	r3, [r7, #12]
 104:build/openmote-cc2538_armgcc/openstack/cross-layers/idmanager.c ****         break;
 326              		.loc 1 104 0
 327 0162 10E0     		b	.L16
 328              	.L14:
 105:build/openmote-cc2538_armgcc/openstack/cross-layers/idmanager.c ****      case ADDR_PANID:
 106:build/openmote-cc2538_armgcc/openstack/cross-layers/idmanager.c ****         res= &idmanager_vars.myPANID;
 329              		.loc 1 106 0
 330 0164 0D4B     		ldr	r3, .L18+8
 331 0166 FB60     		str	r3, [r7, #12]
 107:build/openmote-cc2538_armgcc/openstack/cross-layers/idmanager.c ****         break;
 332              		.loc 1 107 0
 333 0168 0DE0     		b	.L16
 334              	.L15:
 108:build/openmote-cc2538_armgcc/openstack/cross-layers/idmanager.c ****      case ADDR_PREFIX:
 109:build/openmote-cc2538_armgcc/openstack/cross-layers/idmanager.c ****         res= &idmanager_vars.myPrefix;
 335              		.loc 1 109 0
 336 016a 0D4B     		ldr	r3, .L18+12
 337 016c FB60     		str	r3, [r7, #12]
 110:build/openmote-cc2538_armgcc/openstack/cross-layers/idmanager.c ****         break;
 338              		.loc 1 110 0
 339 016e 0AE0     		b	.L16
 340              	.L10:
 111:build/openmote-cc2538_armgcc/openstack/cross-layers/idmanager.c ****      case ADDR_128B:
 112:build/openmote-cc2538_armgcc/openstack/cross-layers/idmanager.c ****         // you don't ask for my full address, rather for prefix, then 64b
 113:build/openmote-cc2538_armgcc/openstack/cross-layers/idmanager.c ****      default:
 114:build/openmote-cc2538_armgcc/openstack/cross-layers/idmanager.c ****         openserial_printCritical(COMPONENT_IDMANAGER,ERR_WRONG_ADDR_TYPE,
 341              		.loc 1 114 0
 342 0170 FB79     		ldrb	r3, [r7, #7]	@ zero_extendqisi2
 343 0172 9BB2     		uxth	r3, r3
 344 0174 0220     		movs	r0, #2
 345 0176 3121     		movs	r1, #49
 346 0178 1A46     		mov	r2, r3
 347 017a 0023     		movs	r3, #0
 348 017c FFF7FEFF 		bl	openserial_printCritical
 115:build/openmote-cc2538_armgcc/openstack/cross-layers/idmanager.c ****               (errorparameter_t)type,
 116:build/openmote-cc2538_armgcc/openstack/cross-layers/idmanager.c ****               (errorparameter_t)0);
 117:build/openmote-cc2538_armgcc/openstack/cross-layers/idmanager.c ****         res= NULL;
 349              		.loc 1 117 0
 350 0180 0023     		movs	r3, #0
 351 0182 FB60     		str	r3, [r7, #12]
 118:build/openmote-cc2538_armgcc/openstack/cross-layers/idmanager.c ****         break;
 352              		.loc 1 118 0
 353 0184 00BF     		nop
 354              	.L16:
 119:build/openmote-cc2538_armgcc/openstack/cross-layers/idmanager.c ****    }
 120:build/openmote-cc2538_armgcc/openstack/cross-layers/idmanager.c ****    ENABLE_INTERRUPTS();
 355              		.loc 1 120 0
 356 0186 FFF7FEFF 		bl	IntMasterEnable
 121:build/openmote-cc2538_armgcc/openstack/cross-layers/idmanager.c ****    return res;
 357              		.loc 1 121 0
 358 018a FB68     		ldr	r3, [r7, #12]
 122:build/openmote-cc2538_armgcc/openstack/cross-layers/idmanager.c **** }
 359              		.loc 1 122 0
 360 018c 1846     		mov	r0, r3
 361 018e 1037     		adds	r7, r7, #16
 362 0190 BD46     		mov	sp, r7
 363              		@ sp needed
 364 0192 80BD     		pop	{r7, pc}
 365              	.L19:
 366              		.align	2
 367              	.L18:
 368 0194 12000000 		.word	idmanager_vars+18
 369 0198 23000000 		.word	idmanager_vars+35
 370 019c 01000000 		.word	idmanager_vars+1
 371 01a0 34000000 		.word	idmanager_vars+52
 372              		.cfi_endproc
 373              	.LFE4:
 375              		.align	2
 376              		.global	idmanager_setMyID
 377              		.thumb
 378              		.thumb_func
 380              	idmanager_setMyID:
 381              	.LFB5:
 123:build/openmote-cc2538_armgcc/openstack/cross-layers/idmanager.c **** 
 124:build/openmote-cc2538_armgcc/openstack/cross-layers/idmanager.c **** owerror_t idmanager_setMyID(open_addr_t* newID) {
 382              		.loc 1 124 0
 383              		.cfi_startproc
 384              		@ args = 0, pretend = 0, frame = 8
 385              		@ frame_needed = 1, uses_anonymous_args = 0
 386 01a4 B0B5     		push	{r4, r5, r7, lr}
 387              		.cfi_def_cfa_offset 16
 388              		.cfi_offset 4, -16
 389              		.cfi_offset 5, -12
 390              		.cfi_offset 7, -8
 391              		.cfi_offset 14, -4
 392 01a6 82B0     		sub	sp, sp, #8
 393              		.cfi_def_cfa_offset 24
 394 01a8 00AF     		add	r7, sp, #0
 395              		.cfi_def_cfa_register 7
 396 01aa 7860     		str	r0, [r7, #4]
 125:build/openmote-cc2538_armgcc/openstack/cross-layers/idmanager.c ****    INTERRUPT_DECLARATION();
 126:build/openmote-cc2538_armgcc/openstack/cross-layers/idmanager.c ****    DISABLE_INTERRUPTS();
 397              		.loc 1 126 0
 398 01ac FFF7FEFF 		bl	IntMasterDisable
 127:build/openmote-cc2538_armgcc/openstack/cross-layers/idmanager.c ****    switch (newID->type) {
 399              		.loc 1 127 0
 400 01b0 7B68     		ldr	r3, [r7, #4]
 401 01b2 1B78     		ldrb	r3, [r3]	@ zero_extendqisi2
 402 01b4 013B     		subs	r3, r3, #1
 403 01b6 042B     		cmp	r3, #4
 404 01b8 4FD8     		bhi	.L21
 405 01ba 01A2     		adr	r2, .L23
 406 01bc 52F823F0 		ldr	pc, [r2, r3, lsl #2]
 407              		.p2align 2
 408              	.L23:
 409 01c0 D5010000 		.word	.L22+1
 410 01c4 F7010000 		.word	.L24+1
 411 01c8 5B020000 		.word	.L21+1
 412 01cc 19020000 		.word	.L25+1
 413 01d0 3B020000 		.word	.L26+1
 414              	.L22:
 128:build/openmote-cc2538_armgcc/openstack/cross-layers/idmanager.c ****      case ADDR_16B:
 129:build/openmote-cc2538_armgcc/openstack/cross-layers/idmanager.c ****         memcpy(&idmanager_vars.my16bID,newID,sizeof(open_addr_t));
 415              		.loc 1 129 0
 416 01d4 40F20003 		movw	r3, #:lower16:idmanager_vars
 417 01d8 C0F20003 		movt	r3, #:upper16:idmanager_vars
 418 01dc 7A68     		ldr	r2, [r7, #4]
 419 01de 1233     		adds	r3, r3, #18
 420 01e0 1568     		ldr	r5, [r2]	@ unaligned
 421 01e2 5468     		ldr	r4, [r2, #4]	@ unaligned
 422 01e4 9068     		ldr	r0, [r2, #8]	@ unaligned
 423 01e6 D168     		ldr	r1, [r2, #12]	@ unaligned
 424 01e8 1D60     		str	r5, [r3]	@ unaligned
 425 01ea 5C60     		str	r4, [r3, #4]	@ unaligned
 426 01ec 9860     		str	r0, [r3, #8]	@ unaligned
 427 01ee D960     		str	r1, [r3, #12]	@ unaligned
 428 01f0 127C     		ldrb	r2, [r2, #16]
 429 01f2 1A74     		strb	r2, [r3, #16]
 130:build/openmote-cc2538_armgcc/openstack/cross-layers/idmanager.c ****         break;
 430              		.loc 1 130 0
 431 01f4 3DE0     		b	.L27
 432              	.L24:
 131:build/openmote-cc2538_armgcc/openstack/cross-layers/idmanager.c ****      case ADDR_64B:
 132:build/openmote-cc2538_armgcc/openstack/cross-layers/idmanager.c ****         memcpy(&idmanager_vars.my64bID,newID,sizeof(open_addr_t));
 433              		.loc 1 132 0
 434 01f6 40F20003 		movw	r3, #:lower16:idmanager_vars
 435 01fa C0F20003 		movt	r3, #:upper16:idmanager_vars
 436 01fe 7A68     		ldr	r2, [r7, #4]
 437 0200 2333     		adds	r3, r3, #35
 438 0202 1568     		ldr	r5, [r2]	@ unaligned
 439 0204 5468     		ldr	r4, [r2, #4]	@ unaligned
 440 0206 9068     		ldr	r0, [r2, #8]	@ unaligned
 441 0208 D168     		ldr	r1, [r2, #12]	@ unaligned
 442 020a 1D60     		str	r5, [r3]	@ unaligned
 443 020c 5C60     		str	r4, [r3, #4]	@ unaligned
 444 020e 9860     		str	r0, [r3, #8]	@ unaligned
 445 0210 D960     		str	r1, [r3, #12]	@ unaligned
 446 0212 127C     		ldrb	r2, [r2, #16]
 447 0214 1A74     		strb	r2, [r3, #16]
 133:build/openmote-cc2538_armgcc/openstack/cross-layers/idmanager.c ****         break;
 448              		.loc 1 133 0
 449 0216 2CE0     		b	.L27
 450              	.L25:
 134:build/openmote-cc2538_armgcc/openstack/cross-layers/idmanager.c ****      case ADDR_PANID:
 135:build/openmote-cc2538_armgcc/openstack/cross-layers/idmanager.c ****         memcpy(&idmanager_vars.myPANID,newID,sizeof(open_addr_t));
 451              		.loc 1 135 0
 452 0218 40F20003 		movw	r3, #:lower16:idmanager_vars
 453 021c C0F20003 		movt	r3, #:upper16:idmanager_vars
 454 0220 7A68     		ldr	r2, [r7, #4]
 455 0222 0133     		adds	r3, r3, #1
 456 0224 1568     		ldr	r5, [r2]	@ unaligned
 457 0226 5468     		ldr	r4, [r2, #4]	@ unaligned
 458 0228 9068     		ldr	r0, [r2, #8]	@ unaligned
 459 022a D168     		ldr	r1, [r2, #12]	@ unaligned
 460 022c 1D60     		str	r5, [r3]	@ unaligned
 461 022e 5C60     		str	r4, [r3, #4]	@ unaligned
 462 0230 9860     		str	r0, [r3, #8]	@ unaligned
 463 0232 D960     		str	r1, [r3, #12]	@ unaligned
 464 0234 127C     		ldrb	r2, [r2, #16]
 465 0236 1A74     		strb	r2, [r3, #16]
 136:build/openmote-cc2538_armgcc/openstack/cross-layers/idmanager.c ****         break;
 466              		.loc 1 136 0
 467 0238 1BE0     		b	.L27
 468              	.L26:
 137:build/openmote-cc2538_armgcc/openstack/cross-layers/idmanager.c ****      case ADDR_PREFIX:
 138:build/openmote-cc2538_armgcc/openstack/cross-layers/idmanager.c ****         memcpy(&idmanager_vars.myPrefix,newID,sizeof(open_addr_t));
 469              		.loc 1 138 0
 470 023a 40F20003 		movw	r3, #:lower16:idmanager_vars
 471 023e C0F20003 		movt	r3, #:upper16:idmanager_vars
 472 0242 7A68     		ldr	r2, [r7, #4]
 473 0244 03F13404 		add	r4, r3, #52
 474 0248 1546     		mov	r5, r2
 475 024a 2868     		ldr	r0, [r5]	@ unaligned
 476 024c 6968     		ldr	r1, [r5, #4]	@ unaligned
 477 024e AA68     		ldr	r2, [r5, #8]	@ unaligned
 478 0250 EB68     		ldr	r3, [r5, #12]	@ unaligned
 479 0252 0FC4     		stmia	r4!, {r0, r1, r2, r3}
 480 0254 2B7C     		ldrb	r3, [r5, #16]
 481 0256 2370     		strb	r3, [r4]
 139:build/openmote-cc2538_armgcc/openstack/cross-layers/idmanager.c ****         break;
 482              		.loc 1 139 0
 483 0258 0BE0     		b	.L27
 484              	.L21:
 140:build/openmote-cc2538_armgcc/openstack/cross-layers/idmanager.c ****      case ADDR_128B:
 141:build/openmote-cc2538_armgcc/openstack/cross-layers/idmanager.c ****         //don't set 128b, but rather prefix and 64b
 142:build/openmote-cc2538_armgcc/openstack/cross-layers/idmanager.c ****      default:
 143:build/openmote-cc2538_armgcc/openstack/cross-layers/idmanager.c ****         openserial_printCritical(COMPONENT_IDMANAGER,ERR_WRONG_ADDR_TYPE,
 144:build/openmote-cc2538_armgcc/openstack/cross-layers/idmanager.c ****               (errorparameter_t)newID->type,
 485              		.loc 1 144 0
 486 025a 7B68     		ldr	r3, [r7, #4]
 487 025c 1B78     		ldrb	r3, [r3]	@ zero_extendqisi2
 143:build/openmote-cc2538_armgcc/openstack/cross-layers/idmanager.c ****               (errorparameter_t)newID->type,
 488              		.loc 1 143 0
 489 025e 0220     		movs	r0, #2
 490 0260 3121     		movs	r1, #49
 491 0262 1A46     		mov	r2, r3
 492 0264 0123     		movs	r3, #1
 493 0266 FFF7FEFF 		bl	openserial_printCritical
 145:build/openmote-cc2538_armgcc/openstack/cross-layers/idmanager.c ****               (errorparameter_t)1);
 146:build/openmote-cc2538_armgcc/openstack/cross-layers/idmanager.c ****         ENABLE_INTERRUPTS();
 494              		.loc 1 146 0
 495 026a FFF7FEFF 		bl	IntMasterEnable
 147:build/openmote-cc2538_armgcc/openstack/cross-layers/idmanager.c ****         return E_FAIL;
 496              		.loc 1 147 0
 497 026e 0123     		movs	r3, #1
 498 0270 02E0     		b	.L28
 499              	.L27:
 148:build/openmote-cc2538_armgcc/openstack/cross-layers/idmanager.c ****    }
 149:build/openmote-cc2538_armgcc/openstack/cross-layers/idmanager.c ****    ENABLE_INTERRUPTS();
 500              		.loc 1 149 0
 501 0272 FFF7FEFF 		bl	IntMasterEnable
 150:build/openmote-cc2538_armgcc/openstack/cross-layers/idmanager.c ****    return E_SUCCESS;
 502              		.loc 1 150 0
 503 0276 0023     		movs	r3, #0
 504              	.L28:
 151:build/openmote-cc2538_armgcc/openstack/cross-layers/idmanager.c **** }
 505              		.loc 1 151 0
 506 0278 1846     		mov	r0, r3
 507 027a 0837     		adds	r7, r7, #8
 508 027c BD46     		mov	sp, r7
 509              		@ sp needed
 510 027e B0BD     		pop	{r4, r5, r7, pc}
 511              		.cfi_endproc
 512              	.LFE5:
 514              		.align	2
 515              		.global	idmanager_isMyAddress
 516              		.thumb
 517              		.thumb_func
 519              	idmanager_isMyAddress:
 520              	.LFB6:
 152:build/openmote-cc2538_armgcc/openstack/cross-layers/idmanager.c **** 
 153:build/openmote-cc2538_armgcc/openstack/cross-layers/idmanager.c **** bool idmanager_isMyAddress(open_addr_t* addr) {
 521              		.loc 1 153 0
 522              		.cfi_startproc
 523              		@ args = 0, pretend = 0, frame = 32
 524              		@ frame_needed = 1, uses_anonymous_args = 0
 525 0280 80B5     		push	{r7, lr}
 526              		.cfi_def_cfa_offset 8
 527              		.cfi_offset 7, -8
 528              		.cfi_offset 14, -4
 529 0282 88B0     		sub	sp, sp, #32
 530              		.cfi_def_cfa_offset 40
 531 0284 00AF     		add	r7, sp, #0
 532              		.cfi_def_cfa_register 7
 533 0286 7860     		str	r0, [r7, #4]
 154:build/openmote-cc2538_armgcc/openstack/cross-layers/idmanager.c ****    open_addr_t temp_my128bID;
 155:build/openmote-cc2538_armgcc/openstack/cross-layers/idmanager.c ****    bool res;
 156:build/openmote-cc2538_armgcc/openstack/cross-layers/idmanager.c ****    INTERRUPT_DECLARATION();
 157:build/openmote-cc2538_armgcc/openstack/cross-layers/idmanager.c ****    DISABLE_INTERRUPTS();
 534              		.loc 1 157 0
 535 0288 FFF7FEFF 		bl	IntMasterDisable
 158:build/openmote-cc2538_armgcc/openstack/cross-layers/idmanager.c **** 
 159:build/openmote-cc2538_armgcc/openstack/cross-layers/idmanager.c ****    switch (addr->type) {
 536              		.loc 1 159 0
 537 028c 7B68     		ldr	r3, [r7, #4]
 538 028e 1B78     		ldrb	r3, [r3]	@ zero_extendqisi2
 539 0290 013B     		subs	r3, r3, #1
 540 0292 042B     		cmp	r3, #4
 541 0294 57D8     		bhi	.L30
 542 0296 01A2     		adr	r2, .L32
 543 0298 52F823F0 		ldr	pc, [r2, r3, lsl #2]
 544              		.p2align 2
 545              	.L32:
 546 029c B1020000 		.word	.L31+1
 547 02a0 C5020000 		.word	.L33+1
 548 02a4 D9020000 		.word	.L34+1
 549 02a8 1F030000 		.word	.L35+1
 550 02ac 33030000 		.word	.L36+1
 551              	.L31:
 160:build/openmote-cc2538_armgcc/openstack/cross-layers/idmanager.c ****      case ADDR_16B:
 161:build/openmote-cc2538_armgcc/openstack/cross-layers/idmanager.c ****         res= packetfunctions_sameAddress(addr,&idmanager_vars.my16bID);
 552              		.loc 1 161 0
 553 02b0 7868     		ldr	r0, [r7, #4]
 554 02b2 2C49     		ldr	r1, .L39
 555 02b4 FFF7FEFF 		bl	packetfunctions_sameAddress
 556 02b8 0346     		mov	r3, r0
 557 02ba FB77     		strb	r3, [r7, #31]
 162:build/openmote-cc2538_armgcc/openstack/cross-layers/idmanager.c ****         ENABLE_INTERRUPTS();
 558              		.loc 1 162 0
 559 02bc FFF7FEFF 		bl	IntMasterEnable
 163:build/openmote-cc2538_armgcc/openstack/cross-layers/idmanager.c ****         return res;
 560              		.loc 1 163 0
 561 02c0 FB7F     		ldrb	r3, [r7, #31]	@ zero_extendqisi2
 562 02c2 4BE0     		b	.L38
 563              	.L33:
 164:build/openmote-cc2538_armgcc/openstack/cross-layers/idmanager.c ****      case ADDR_64B:
 165:build/openmote-cc2538_armgcc/openstack/cross-layers/idmanager.c ****         res= packetfunctions_sameAddress(addr,&idmanager_vars.my64bID);
 564              		.loc 1 165 0
 565 02c4 7868     		ldr	r0, [r7, #4]
 566 02c6 2849     		ldr	r1, .L39+4
 567 02c8 FFF7FEFF 		bl	packetfunctions_sameAddress
 568 02cc 0346     		mov	r3, r0
 569 02ce FB77     		strb	r3, [r7, #31]
 166:build/openmote-cc2538_armgcc/openstack/cross-layers/idmanager.c ****         ENABLE_INTERRUPTS();
 570              		.loc 1 166 0
 571 02d0 FFF7FEFF 		bl	IntMasterEnable
 167:build/openmote-cc2538_armgcc/openstack/cross-layers/idmanager.c ****         return res;
 572              		.loc 1 167 0
 573 02d4 FB7F     		ldrb	r3, [r7, #31]	@ zero_extendqisi2
 574 02d6 41E0     		b	.L38
 575              	.L34:
 168:build/openmote-cc2538_armgcc/openstack/cross-layers/idmanager.c ****      case ADDR_128B:
 169:build/openmote-cc2538_armgcc/openstack/cross-layers/idmanager.c ****         // build temporary my128bID
 170:build/openmote-cc2538_armgcc/openstack/cross-layers/idmanager.c ****         temp_my128bID.type = ADDR_128B;
 576              		.loc 1 170 0
 577 02d8 0323     		movs	r3, #3
 578 02da 3B73     		strb	r3, [r7, #12]
 171:build/openmote-cc2538_armgcc/openstack/cross-layers/idmanager.c ****         memcpy(&temp_my128bID.addr_128b[0],&idmanager_vars.myPrefix.prefix,8);
 579              		.loc 1 171 0
 580 02dc 40F20003 		movw	r3, #:lower16:idmanager_vars
 581 02e0 C0F20003 		movt	r3, #:upper16:idmanager_vars
 582 02e4 07F10D02 		add	r2, r7, #13
 583 02e8 3533     		adds	r3, r3, #53
 584 02ea 1968     		ldr	r1, [r3]	@ unaligned
 585 02ec 5B68     		ldr	r3, [r3, #4]	@ unaligned
 586 02ee 1160     		str	r1, [r2]	@ unaligned
 587 02f0 5360     		str	r3, [r2, #4]	@ unaligned
 172:build/openmote-cc2538_armgcc/openstack/cross-layers/idmanager.c ****         memcpy(&temp_my128bID.addr_128b[8],&idmanager_vars.my64bID.addr_64b,8);
 588              		.loc 1 172 0
 589 02f2 40F20003 		movw	r3, #:lower16:idmanager_vars
 590 02f6 C0F20003 		movt	r3, #:upper16:idmanager_vars
 591 02fa 07F11502 		add	r2, r7, #21
 592 02fe 2433     		adds	r3, r3, #36
 593 0300 03CB     		ldmia	r3!, {r0, r1}
 594 0302 1060     		str	r0, [r2]	@ unaligned
 595 0304 5160     		str	r1, [r2, #4]	@ unaligned
 173:build/openmote-cc2538_armgcc/openstack/cross-layers/idmanager.c **** 
 174:build/openmote-cc2538_armgcc/openstack/cross-layers/idmanager.c ****         res= packetfunctions_sameAddress(addr,&temp_my128bID);
 596              		.loc 1 174 0
 597 0306 07F10C03 		add	r3, r7, #12
 598 030a 7868     		ldr	r0, [r7, #4]
 599 030c 1946     		mov	r1, r3
 600 030e FFF7FEFF 		bl	packetfunctions_sameAddress
 601 0312 0346     		mov	r3, r0
 602 0314 FB77     		strb	r3, [r7, #31]
 175:build/openmote-cc2538_armgcc/openstack/cross-layers/idmanager.c ****         ENABLE_INTERRUPTS();
 603              		.loc 1 175 0
 604 0316 FFF7FEFF 		bl	IntMasterEnable
 176:build/openmote-cc2538_armgcc/openstack/cross-layers/idmanager.c ****         return res;
 605              		.loc 1 176 0
 606 031a FB7F     		ldrb	r3, [r7, #31]	@ zero_extendqisi2
 607 031c 1EE0     		b	.L38
 608              	.L35:
 177:build/openmote-cc2538_armgcc/openstack/cross-layers/idmanager.c ****      case ADDR_PANID:
 178:build/openmote-cc2538_armgcc/openstack/cross-layers/idmanager.c ****         res= packetfunctions_sameAddress(addr,&idmanager_vars.myPANID);
 609              		.loc 1 178 0
 610 031e 7868     		ldr	r0, [r7, #4]
 611 0320 1249     		ldr	r1, .L39+8
 612 0322 FFF7FEFF 		bl	packetfunctions_sameAddress
 613 0326 0346     		mov	r3, r0
 614 0328 FB77     		strb	r3, [r7, #31]
 179:build/openmote-cc2538_armgcc/openstack/cross-layers/idmanager.c ****         ENABLE_INTERRUPTS();
 615              		.loc 1 179 0
 616 032a FFF7FEFF 		bl	IntMasterEnable
 180:build/openmote-cc2538_armgcc/openstack/cross-layers/idmanager.c ****         return res;
 617              		.loc 1 180 0
 618 032e FB7F     		ldrb	r3, [r7, #31]	@ zero_extendqisi2
 619 0330 14E0     		b	.L38
 620              	.L36:
 181:build/openmote-cc2538_armgcc/openstack/cross-layers/idmanager.c ****      case ADDR_PREFIX:
 182:build/openmote-cc2538_armgcc/openstack/cross-layers/idmanager.c ****         res= packetfunctions_sameAddress(addr,&idmanager_vars.myPrefix);
 621              		.loc 1 182 0
 622 0332 7868     		ldr	r0, [r7, #4]
 623 0334 0E49     		ldr	r1, .L39+12
 624 0336 FFF7FEFF 		bl	packetfunctions_sameAddress
 625 033a 0346     		mov	r3, r0
 626 033c FB77     		strb	r3, [r7, #31]
 183:build/openmote-cc2538_armgcc/openstack/cross-layers/idmanager.c ****         ENABLE_INTERRUPTS();
 627              		.loc 1 183 0
 628 033e FFF7FEFF 		bl	IntMasterEnable
 184:build/openmote-cc2538_armgcc/openstack/cross-layers/idmanager.c ****         return res;
 629              		.loc 1 184 0
 630 0342 FB7F     		ldrb	r3, [r7, #31]	@ zero_extendqisi2
 631 0344 0AE0     		b	.L38
 632              	.L30:
 185:build/openmote-cc2538_armgcc/openstack/cross-layers/idmanager.c ****      default:
 186:build/openmote-cc2538_armgcc/openstack/cross-layers/idmanager.c ****         openserial_printCritical(COMPONENT_IDMANAGER,ERR_WRONG_ADDR_TYPE,
 187:build/openmote-cc2538_armgcc/openstack/cross-layers/idmanager.c ****               (errorparameter_t)addr->type,
 633              		.loc 1 187 0
 634 0346 7B68     		ldr	r3, [r7, #4]
 635 0348 1B78     		ldrb	r3, [r3]	@ zero_extendqisi2
 186:build/openmote-cc2538_armgcc/openstack/cross-layers/idmanager.c ****               (errorparameter_t)addr->type,
 636              		.loc 1 186 0
 637 034a 0220     		movs	r0, #2
 638 034c 3121     		movs	r1, #49
 639 034e 1A46     		mov	r2, r3
 640 0350 0223     		movs	r3, #2
 641 0352 FFF7FEFF 		bl	openserial_printCritical
 188:build/openmote-cc2538_armgcc/openstack/cross-layers/idmanager.c ****               (errorparameter_t)2);
 189:build/openmote-cc2538_armgcc/openstack/cross-layers/idmanager.c ****         ENABLE_INTERRUPTS();
 642              		.loc 1 189 0
 643 0356 FFF7FEFF 		bl	IntMasterEnable
 190:build/openmote-cc2538_armgcc/openstack/cross-layers/idmanager.c ****         return FALSE;
 644              		.loc 1 190 0
 645 035a 0023     		movs	r3, #0
 646              	.L38:
 191:build/openmote-cc2538_armgcc/openstack/cross-layers/idmanager.c ****    }
 192:build/openmote-cc2538_armgcc/openstack/cross-layers/idmanager.c **** }
 647              		.loc 1 192 0
 648 035c 1846     		mov	r0, r3
 649 035e 2037     		adds	r7, r7, #32
 650 0360 BD46     		mov	sp, r7
 651              		@ sp needed
 652 0362 80BD     		pop	{r7, pc}
 653              	.L40:
 654              		.align	2
 655              	.L39:
 656 0364 12000000 		.word	idmanager_vars+18
 657 0368 23000000 		.word	idmanager_vars+35
 658 036c 01000000 		.word	idmanager_vars+1
 659 0370 34000000 		.word	idmanager_vars+52
 660              		.cfi_endproc
 661              	.LFE6:
 663              		.align	2
 664              		.global	idmanager_triggerAboutRoot
 665              		.thumb
 666              		.thumb_func
 668              	idmanager_triggerAboutRoot:
 669              	.LFB7:
 193:build/openmote-cc2538_armgcc/openstack/cross-layers/idmanager.c **** 
 194:build/openmote-cc2538_armgcc/openstack/cross-layers/idmanager.c **** void idmanager_triggerAboutRoot() {
 670              		.loc 1 194 0
 671              		.cfi_startproc
 672              		@ args = 0, pretend = 0, frame = 48
 673              		@ frame_needed = 1, uses_anonymous_args = 0
 674 0374 80B5     		push	{r7, lr}
 675              		.cfi_def_cfa_offset 8
 676              		.cfi_offset 7, -8
 677              		.cfi_offset 14, -4
 678 0376 8CB0     		sub	sp, sp, #48
 679              		.cfi_def_cfa_offset 56
 680 0378 00AF     		add	r7, sp, #0
 681              		.cfi_def_cfa_register 7
 195:build/openmote-cc2538_armgcc/openstack/cross-layers/idmanager.c ****    uint8_t         number_bytes_from_input_buffer;
 196:build/openmote-cc2538_armgcc/openstack/cross-layers/idmanager.c ****    uint8_t         input_buffer[9];
 197:build/openmote-cc2538_armgcc/openstack/cross-layers/idmanager.c ****    open_addr_t     myPrefix;
 198:build/openmote-cc2538_armgcc/openstack/cross-layers/idmanager.c ****    uint8_t         dodagid[16];
 199:build/openmote-cc2538_armgcc/openstack/cross-layers/idmanager.c ****    
 200:build/openmote-cc2538_armgcc/openstack/cross-layers/idmanager.c ****    //=== get command from OpenSerial
 201:build/openmote-cc2538_armgcc/openstack/cross-layers/idmanager.c ****    number_bytes_from_input_buffer = openserial_getInputBuffer(input_buffer,sizeof(input_buffer));
 682              		.loc 1 201 0
 683 037a 07F12403 		add	r3, r7, #36
 684 037e 1846     		mov	r0, r3
 685 0380 0921     		movs	r1, #9
 686 0382 FFF7FEFF 		bl	openserial_getInputBuffer
 687 0386 0346     		mov	r3, r0
 688 0388 87F82F30 		strb	r3, [r7, #47]
 202:build/openmote-cc2538_armgcc/openstack/cross-layers/idmanager.c ****    if (number_bytes_from_input_buffer!=sizeof(input_buffer)) {
 689              		.loc 1 202 0
 690 038c 97F82F30 		ldrb	r3, [r7, #47]	@ zero_extendqisi2
 691 0390 092B     		cmp	r3, #9
 692 0392 09D0     		beq	.L42
 203:build/openmote-cc2538_armgcc/openstack/cross-layers/idmanager.c ****       openserial_printError(COMPONENT_IDMANAGER,ERR_INPUTBUFFER_LENGTH,
 693              		.loc 1 203 0
 694 0394 97F82F30 		ldrb	r3, [r7, #47]	@ zero_extendqisi2
 695 0398 9BB2     		uxth	r3, r3
 696 039a 0220     		movs	r0, #2
 697 039c 3421     		movs	r1, #52
 698 039e 1A46     		mov	r2, r3
 699 03a0 0023     		movs	r3, #0
 700 03a2 FFF7FEFF 		bl	openserial_printError
 204:build/openmote-cc2538_armgcc/openstack/cross-layers/idmanager.c ****             (errorparameter_t)number_bytes_from_input_buffer,
 205:build/openmote-cc2538_armgcc/openstack/cross-layers/idmanager.c ****             (errorparameter_t)0);
 206:build/openmote-cc2538_armgcc/openstack/cross-layers/idmanager.c ****       return;
 701              		.loc 1 206 0
 702 03a6 61E0     		b	.L41
 703              	.L42:
 207:build/openmote-cc2538_armgcc/openstack/cross-layers/idmanager.c ****    };
 208:build/openmote-cc2538_armgcc/openstack/cross-layers/idmanager.c ****    
 209:build/openmote-cc2538_armgcc/openstack/cross-layers/idmanager.c ****    //=== handle command
 210:build/openmote-cc2538_armgcc/openstack/cross-layers/idmanager.c ****    
 211:build/openmote-cc2538_armgcc/openstack/cross-layers/idmanager.c ****    // take action (byte 0)
 212:build/openmote-cc2538_armgcc/openstack/cross-layers/idmanager.c ****    switch (input_buffer[0]) {
 704              		.loc 1 212 0
 705 03a8 97F82430 		ldrb	r3, [r7, #36]	@ zero_extendqisi2
 706 03ac 542B     		cmp	r3, #84
 707 03ae 1AD0     		beq	.L45
 708 03b0 592B     		cmp	r3, #89
 709 03b2 02D0     		beq	.L46
 710 03b4 4E2B     		cmp	r3, #78
 711 03b6 0BD0     		beq	.L47
 712 03b8 30E0     		b	.L44
 713              	.L46:
 213:build/openmote-cc2538_armgcc/openstack/cross-layers/idmanager.c ****      case ACTION_YES:
 214:build/openmote-cc2538_armgcc/openstack/cross-layers/idmanager.c ****         idmanager_setIsDAGroot(TRUE);
 714              		.loc 1 214 0
 715 03ba 0120     		movs	r0, #1
 716 03bc FFF7FEFF 		bl	idmanager_setIsDAGroot
 215:build/openmote-cc2538_armgcc/openstack/cross-layers/idmanager.c ****         idmanager_vars.slotSkip = FALSE;
 717              		.loc 1 215 0
 718 03c0 40F20003 		movw	r3, #:lower16:idmanager_vars
 719 03c4 C0F20003 		movt	r3, #:upper16:idmanager_vars
 720 03c8 0022     		movs	r2, #0
 721 03ca 83F84520 		strb	r2, [r3, #69]
 216:build/openmote-cc2538_armgcc/openstack/cross-layers/idmanager.c ****         break;
 722              		.loc 1 216 0
 723 03ce 25E0     		b	.L44
 724              	.L47:
 217:build/openmote-cc2538_armgcc/openstack/cross-layers/idmanager.c ****      case ACTION_NO:
 218:build/openmote-cc2538_armgcc/openstack/cross-layers/idmanager.c ****         idmanager_setIsDAGroot(FALSE);
 725              		.loc 1 218 0
 726 03d0 0020     		movs	r0, #0
 727 03d2 FFF7FEFF 		bl	idmanager_setIsDAGroot
 219:build/openmote-cc2538_armgcc/openstack/cross-layers/idmanager.c ****         idmanager_vars.slotSkip = TRUE;
 728              		.loc 1 219 0
 729 03d6 40F20003 		movw	r3, #:lower16:idmanager_vars
 730 03da C0F20003 		movt	r3, #:upper16:idmanager_vars
 731 03de 0122     		movs	r2, #1
 732 03e0 83F84520 		strb	r2, [r3, #69]
 220:build/openmote-cc2538_armgcc/openstack/cross-layers/idmanager.c ****         break;
 733              		.loc 1 220 0
 734 03e4 1AE0     		b	.L44
 735              	.L45:
 221:build/openmote-cc2538_armgcc/openstack/cross-layers/idmanager.c ****      case ACTION_TOGGLE:
 222:build/openmote-cc2538_armgcc/openstack/cross-layers/idmanager.c ****         if (idmanager_getIsDAGroot()) {
 736              		.loc 1 222 0
 737 03e6 FFF7FEFF 		bl	idmanager_getIsDAGroot
 738 03ea 0346     		mov	r3, r0
 739 03ec 002B     		cmp	r3, #0
 740 03ee 0AD0     		beq	.L48
 223:build/openmote-cc2538_armgcc/openstack/cross-layers/idmanager.c ****            idmanager_setIsDAGroot(FALSE);
 741              		.loc 1 223 0
 742 03f0 0020     		movs	r0, #0
 743 03f2 FFF7FEFF 		bl	idmanager_setIsDAGroot
 224:build/openmote-cc2538_armgcc/openstack/cross-layers/idmanager.c ****            idmanager_vars.slotSkip = TRUE;
 744              		.loc 1 224 0
 745 03f6 40F20003 		movw	r3, #:lower16:idmanager_vars
 746 03fa C0F20003 		movt	r3, #:upper16:idmanager_vars
 747 03fe 0122     		movs	r2, #1
 748 0400 83F84520 		strb	r2, [r3, #69]
 225:build/openmote-cc2538_armgcc/openstack/cross-layers/idmanager.c ****         } else {
 226:build/openmote-cc2538_armgcc/openstack/cross-layers/idmanager.c ****            idmanager_setIsDAGroot(TRUE);
 227:build/openmote-cc2538_armgcc/openstack/cross-layers/idmanager.c ****            idmanager_vars.slotSkip = FALSE;
 228:build/openmote-cc2538_armgcc/openstack/cross-layers/idmanager.c ****         }
 229:build/openmote-cc2538_armgcc/openstack/cross-layers/idmanager.c ****         break;
 749              		.loc 1 229 0
 750 0404 09E0     		b	.L51
 751              	.L48:
 226:build/openmote-cc2538_armgcc/openstack/cross-layers/idmanager.c ****            idmanager_vars.slotSkip = FALSE;
 752              		.loc 1 226 0
 753 0406 0120     		movs	r0, #1
 754 0408 FFF7FEFF 		bl	idmanager_setIsDAGroot
 227:build/openmote-cc2538_armgcc/openstack/cross-layers/idmanager.c ****         }
 755              		.loc 1 227 0
 756 040c 40F20003 		movw	r3, #:lower16:idmanager_vars
 757 0410 C0F20003 		movt	r3, #:upper16:idmanager_vars
 758 0414 0022     		movs	r2, #0
 759 0416 83F84520 		strb	r2, [r3, #69]
 760              	.L51:
 761              		.loc 1 229 0
 762 041a 00BF     		nop
 763              	.L44:
 230:build/openmote-cc2538_armgcc/openstack/cross-layers/idmanager.c ****    }
 231:build/openmote-cc2538_armgcc/openstack/cross-layers/idmanager.c ****    
 232:build/openmote-cc2538_armgcc/openstack/cross-layers/idmanager.c ****    // store prefix (bytes 1-8)
 233:build/openmote-cc2538_armgcc/openstack/cross-layers/idmanager.c ****    myPrefix.type = ADDR_PREFIX;
 764              		.loc 1 233 0
 765 041c 0523     		movs	r3, #5
 766 041e 3B74     		strb	r3, [r7, #16]
 234:build/openmote-cc2538_armgcc/openstack/cross-layers/idmanager.c ****    memcpy(
 767              		.loc 1 234 0
 768 0420 07F11103 		add	r3, r7, #17
 769 0424 07F12502 		add	r2, r7, #37
 770 0428 1168     		ldr	r1, [r2]	@ unaligned
 771 042a 5268     		ldr	r2, [r2, #4]	@ unaligned
 772 042c 1960     		str	r1, [r3]	@ unaligned
 773 042e 5A60     		str	r2, [r3, #4]	@ unaligned
 235:build/openmote-cc2538_armgcc/openstack/cross-layers/idmanager.c ****       myPrefix.prefix,
 236:build/openmote-cc2538_armgcc/openstack/cross-layers/idmanager.c ****       &input_buffer[1],
 237:build/openmote-cc2538_armgcc/openstack/cross-layers/idmanager.c ****       sizeof(myPrefix.prefix)
 238:build/openmote-cc2538_armgcc/openstack/cross-layers/idmanager.c ****    );
 239:build/openmote-cc2538_armgcc/openstack/cross-layers/idmanager.c ****    idmanager_setMyID(&myPrefix);
 774              		.loc 1 239 0
 775 0430 07F11003 		add	r3, r7, #16
 776 0434 1846     		mov	r0, r3
 777 0436 FFF7FEFF 		bl	idmanager_setMyID
 240:build/openmote-cc2538_armgcc/openstack/cross-layers/idmanager.c ****    
 241:build/openmote-cc2538_armgcc/openstack/cross-layers/idmanager.c ****    // indicate DODAGid to RPL
 242:build/openmote-cc2538_armgcc/openstack/cross-layers/idmanager.c ****    memcpy(&dodagid[0],idmanager_vars.myPrefix.prefix,8);  // prefix
 778              		.loc 1 242 0
 779 043a 40F20002 		movw	r2, #:lower16:idmanager_vars
 780 043e C0F20002 		movt	r2, #:upper16:idmanager_vars
 781 0442 3B46     		mov	r3, r7
 782 0444 3532     		adds	r2, r2, #53
 783 0446 1068     		ldr	r0, [r2]	@ unaligned
 784 0448 5168     		ldr	r1, [r2, #4]	@ unaligned
 785 044a 03C3     		stmia	r3!, {r0, r1}
 243:build/openmote-cc2538_armgcc/openstack/cross-layers/idmanager.c ****    memcpy(&dodagid[8],idmanager_vars.my64bID.addr_64b,8); // eui64
 786              		.loc 1 243 0
 787 044c 40F20003 		movw	r3, #:lower16:idmanager_vars
 788 0450 C0F20003 		movt	r3, #:upper16:idmanager_vars
 789 0454 07F10802 		add	r2, r7, #8
 790 0458 2433     		adds	r3, r3, #36
 791 045a 93E80300 		ldmia	r3, {r0, r1}
 792 045e 82E80300 		stmia	r2, {r0, r1}
 244:build/openmote-cc2538_armgcc/openstack/cross-layers/idmanager.c ****    icmpv6rpl_writeDODAGid(dodagid);
 793              		.loc 1 244 0
 794 0462 3B46     		mov	r3, r7
 795 0464 1846     		mov	r0, r3
 796 0466 FFF7FEFF 		bl	icmpv6rpl_writeDODAGid
 245:build/openmote-cc2538_armgcc/openstack/cross-layers/idmanager.c ****    
 246:build/openmote-cc2538_armgcc/openstack/cross-layers/idmanager.c ****    return;
 797              		.loc 1 246 0
 798 046a 00BF     		nop
 799              	.L41:
 247:build/openmote-cc2538_armgcc/openstack/cross-layers/idmanager.c **** }
 800              		.loc 1 247 0
 801 046c 3037     		adds	r7, r7, #48
 802 046e BD46     		mov	sp, r7
 803              		@ sp needed
 804 0470 80BD     		pop	{r7, pc}
 805              		.cfi_endproc
 806              	.LFE7:
 808 0472 00BF     		.align	2
 809              		.global	debugPrint_id
 810              		.thumb
 811              		.thumb_func
 813              	debugPrint_id:
 814              	.LFB8:
 248:build/openmote-cc2538_armgcc/openstack/cross-layers/idmanager.c **** 
 249:build/openmote-cc2538_armgcc/openstack/cross-layers/idmanager.c **** /**
 250:build/openmote-cc2538_armgcc/openstack/cross-layers/idmanager.c **** \brief Trigger this module to print status information, over serial.
 251:build/openmote-cc2538_armgcc/openstack/cross-layers/idmanager.c **** 
 252:build/openmote-cc2538_armgcc/openstack/cross-layers/idmanager.c **** debugPrint_* functions are used by the openserial module to continuously print
 253:build/openmote-cc2538_armgcc/openstack/cross-layers/idmanager.c **** status information about several modules in the OpenWSN stack.
 254:build/openmote-cc2538_armgcc/openstack/cross-layers/idmanager.c **** 
 255:build/openmote-cc2538_armgcc/openstack/cross-layers/idmanager.c **** \returns TRUE if this function printed something, FALSE otherwise.
 256:build/openmote-cc2538_armgcc/openstack/cross-layers/idmanager.c **** */
 257:build/openmote-cc2538_armgcc/openstack/cross-layers/idmanager.c **** bool debugPrint_id() {
 815              		.loc 1 257 0
 816              		.cfi_startproc
 817              		@ args = 0, pretend = 0, frame = 24
 818              		@ frame_needed = 1, uses_anonymous_args = 0
 819 0474 80B5     		push	{r7, lr}
 820              		.cfi_def_cfa_offset 8
 821              		.cfi_offset 7, -8
 822              		.cfi_offset 14, -4
 823 0476 86B0     		sub	sp, sp, #24
 824              		.cfi_def_cfa_offset 32
 825 0478 00AF     		add	r7, sp, #0
 826              		.cfi_def_cfa_register 7
 258:build/openmote-cc2538_armgcc/openstack/cross-layers/idmanager.c ****    debugIDManagerEntry_t output;
 259:build/openmote-cc2538_armgcc/openstack/cross-layers/idmanager.c ****    
 260:build/openmote-cc2538_armgcc/openstack/cross-layers/idmanager.c ****    output.isDAGroot = idmanager_vars.isDAGroot;
 827              		.loc 1 260 0
 828 047a 40F20003 		movw	r3, #:lower16:idmanager_vars
 829 047e C0F20003 		movt	r3, #:upper16:idmanager_vars
 830 0482 1B78     		ldrb	r3, [r3]	@ zero_extendqisi2
 831 0484 3B70     		strb	r3, [r7]
 261:build/openmote-cc2538_armgcc/openstack/cross-layers/idmanager.c ****    memcpy(output.myPANID,idmanager_vars.myPANID.panid,2);
 832              		.loc 1 261 0
 833 0486 40F20003 		movw	r3, #:lower16:idmanager_vars
 834 048a C0F20003 		movt	r3, #:upper16:idmanager_vars
 835 048e 7A1C     		adds	r2, r7, #1
 836 0490 0233     		adds	r3, r3, #2
 837 0492 1B88     		ldrh	r3, [r3]	@ unaligned
 838 0494 1380     		strh	r3, [r2]	@ unaligned
 262:build/openmote-cc2538_armgcc/openstack/cross-layers/idmanager.c ****    memcpy(output.my16bID,idmanager_vars.my16bID.addr_16b,2);
 839              		.loc 1 262 0
 840 0496 40F20003 		movw	r3, #:lower16:idmanager_vars
 841 049a C0F20003 		movt	r3, #:upper16:idmanager_vars
 842 049e FA1C     		adds	r2, r7, #3
 843 04a0 1333     		adds	r3, r3, #19
 844 04a2 1B88     		ldrh	r3, [r3]	@ unaligned
 845 04a4 1380     		strh	r3, [r2]	@ unaligned
 263:build/openmote-cc2538_armgcc/openstack/cross-layers/idmanager.c ****    memcpy(output.my64bID,idmanager_vars.my64bID.addr_64b,8);
 846              		.loc 1 263 0
 847 04a6 40F20003 		movw	r3, #:lower16:idmanager_vars
 848 04aa C0F20003 		movt	r3, #:upper16:idmanager_vars
 849 04ae 7A1D     		adds	r2, r7, #5
 850 04b0 2433     		adds	r3, r3, #36
 851 04b2 03CB     		ldmia	r3!, {r0, r1}
 852 04b4 1060     		str	r0, [r2]	@ unaligned
 853 04b6 5160     		str	r1, [r2, #4]	@ unaligned
 264:build/openmote-cc2538_armgcc/openstack/cross-layers/idmanager.c ****    memcpy(output.myPrefix,idmanager_vars.myPrefix.prefix,8);
 854              		.loc 1 264 0
 855 04b8 40F20003 		movw	r3, #:lower16:idmanager_vars
 856 04bc C0F20003 		movt	r3, #:upper16:idmanager_vars
 857 04c0 07F10D02 		add	r2, r7, #13
 858 04c4 3533     		adds	r3, r3, #53
 859 04c6 1968     		ldr	r1, [r3]	@ unaligned
 860 04c8 5B68     		ldr	r3, [r3, #4]	@ unaligned
 861 04ca 1160     		str	r1, [r2]	@ unaligned
 862 04cc 5360     		str	r3, [r2, #4]	@ unaligned
 265:build/openmote-cc2538_armgcc/openstack/cross-layers/idmanager.c ****    
 266:build/openmote-cc2538_armgcc/openstack/cross-layers/idmanager.c ****    openserial_printStatus(STATUS_ID,(uint8_t*)&output,sizeof(debugIDManagerEntry_t));
 863              		.loc 1 266 0
 864 04ce 3B46     		mov	r3, r7
 865 04d0 0120     		movs	r0, #1
 866 04d2 1946     		mov	r1, r3
 867 04d4 1522     		movs	r2, #21
 868 04d6 FFF7FEFF 		bl	openserial_printStatus
 267:build/openmote-cc2538_armgcc/openstack/cross-layers/idmanager.c ****    return TRUE;
 869              		.loc 1 267 0
 870 04da 0123     		movs	r3, #1
 268:build/openmote-cc2538_armgcc/openstack/cross-layers/idmanager.c **** }
 871              		.loc 1 268 0
 872 04dc 1846     		mov	r0, r3
 873 04de 1837     		adds	r7, r7, #24
 874 04e0 BD46     		mov	sp, r7
 875              		@ sp needed
 876 04e2 80BD     		pop	{r7, pc}
 877              		.cfi_endproc
 878              	.LFE8:
 880              	.Letext0:
 881              		.file 2 "/usr/include/newlib/machine/_default_types.h"
 882              		.file 3 "/usr/include/newlib/stdint.h"
 883              		.file 4 "inc/opendefs.h"
 884              		.file 5 "build/openmote-cc2538_armgcc/openstack/cross-layers/idmanager.h"
 885              		.file 6 "bsp/boards/openmote-cc2538/board_info.h"
 886              		.file 7 "openstack/03b-IPv6/icmpv6rpl.h"
DEFINED SYMBOLS
                            *ABS*:0000000000000000 idmanager.c
     /tmp/ccb8I5Th.s:19     .rodata:0000000000000000 $d
     /tmp/ccb8I5Th.s:22     .rodata:0000000000000000 rreg_uriquery
     /tmp/ccb8I5Th.s:27     .rodata:0000000000000008 infoBoardname
     /tmp/ccb8I5Th.s:32     .rodata:0000000000000010 infouCName
     /tmp/ccb8I5Th.s:37     .rodata:0000000000000018 infoRadioName
     /tmp/ccb8I5Th.s:42     .rodata:0000000000000024 infoStackName
     /tmp/ccb8I5Th.s:47     .rodata:0000000000000030 all_routers_multicast
                            *COM*:0000000000000046 idmanager_vars
     /tmp/ccb8I5Th.s:66     .text:0000000000000000 $t
     /tmp/ccb8I5Th.s:71     .text:0000000000000000 idmanager_init
     /tmp/ccb8I5Th.s:152    .text:00000000000000a0 $d
     /tmp/ccb8I5Th.s:159    .text:00000000000000b0 $t
     /tmp/ccb8I5Th.s:164    .text:00000000000000b0 idmanager_getIsDAGroot
     /tmp/ccb8I5Th.s:203    .text:00000000000000d4 idmanager_setIsDAGroot
     /tmp/ccb8I5Th.s:245    .text:0000000000000100 idmanager_getIsSlotSkip
     /tmp/ccb8I5Th.s:284    .text:0000000000000128 idmanager_getMyID
     /tmp/ccb8I5Th.s:311    .text:0000000000000144 $d
     /tmp/ccb8I5Th.s:318    .text:0000000000000158 $t
     /tmp/ccb8I5Th.s:368    .text:0000000000000194 $d
     /tmp/ccb8I5Th.s:375    .text:00000000000001a4 $t
     /tmp/ccb8I5Th.s:380    .text:00000000000001a4 idmanager_setMyID
     /tmp/ccb8I5Th.s:409    .text:00000000000001c0 $d
     /tmp/ccb8I5Th.s:416    .text:00000000000001d4 $t
     /tmp/ccb8I5Th.s:519    .text:0000000000000280 idmanager_isMyAddress
     /tmp/ccb8I5Th.s:546    .text:000000000000029c $d
     /tmp/ccb8I5Th.s:553    .text:00000000000002b0 $t
     /tmp/ccb8I5Th.s:656    .text:0000000000000364 $d
     /tmp/ccb8I5Th.s:663    .text:0000000000000374 $t
     /tmp/ccb8I5Th.s:668    .text:0000000000000374 idmanager_triggerAboutRoot
     /tmp/ccb8I5Th.s:813    .text:0000000000000474 debugPrint_id
                     .debug_frame:0000000000000010 $d
                           .group:0000000000000000 wm4.1.08074afb2ccc9da754fae8e3ee0f577b
                           .group:0000000000000000 wm4.features.h.22.6a4ca7cd053637cc1d0db6c16f39b2d7
                           .group:0000000000000000 wm4._default_types.h.15.8b2cb27e528498f8ff711db085d6e489
                           .group:0000000000000000 wm4.stdint.h.20.796e373797e732130a803d4c0338fa1b
                           .group:0000000000000000 wm4.toolchain_defs.h.2.e5fd326231d01413e5361944b26cde07
                           .group:0000000000000000 wm4.newlib.h.8.fec018e441fee7bfa1923812ad010f97
                           .group:0000000000000000 wm4.config.h.212.4163ef2871a828c674038d036b081cfd
                           .group:0000000000000000 wm4._ansi.h.23.5644b60c990a4800b02a6e654e88f93a
                           .group:0000000000000000 wm4.stddef.h.39.daafd3d79fe2f3a84d2d73d7d4e706f8
                           .group:0000000000000000 wm4.lock.h.2.9bc98482741e5e2a9450b12934a684ea
                           .group:0000000000000000 wm4._types.h.54.d3d34a3b7f3cc230cd159baf022b4b08
                           .group:0000000000000000 wm4.stddef.h.158.61317cdbfb4026324507d123a50b0fd6
                           .group:0000000000000000 wm4.reent.h.17.8bd9e4098e0428508c282cad794fae43
                           .group:0000000000000000 wm4.cdefs.h.47.339223046f475c9f2d5db3a9118d7c65
                           .group:0000000000000000 wm4.string.h.15.dab3980bf35408a4c507182805e2de3a
                           .group:0000000000000000 wm4.stddef.h.158.a7efb00f6cbc6f43213b50e183c9830c
                           .group:0000000000000000 wm4.string.h.126.6ff3aa59129e7f66b2c273baf353e066
                           .group:0000000000000000 wm4.stdbool.h.29.1c9ee6859ce8145f7838a4f2549ccec2
                           .group:0000000000000000 wm4.hw_types.h.67.b10589a0806dcc2d274d6fab6b736519
                           .group:0000000000000000 wm4.interrupt.h.41.272fc4ec0e276feb439e7974d0f77eaf
                           .group:0000000000000000 wm4.board_info.h.22.aeb00002354a4949fff54190040e37af
                           .group:0000000000000000 wm4.opendefs.h.23.16dafe2a30b31097968a5d4db894173a
                           .group:0000000000000000 wm4.idmanager.h.2.8c0e2159b32ef3125cbb1e984805cbfe
                           .group:0000000000000000 wm4.openserial.h.9.0a357d13b4113cc69ceb77572df48861
                           .group:0000000000000000 wm4.opentimers.h.8.044f2d040a134cdb0ddb58adfc2508be
                           .group:0000000000000000 wm4.icmpv6rpl.h.15.0573bca2230f8b0d62a096dd795549d0
                           .group:0000000000000000 wm4.neighbors.h.15.6d6181cbf1a5e29302c33fc055c1b200
                           .group:0000000000000000 wm4.schedule.h.2.5f1ce0fba8afc2f4b06da872a2bf3e7d

UNDEFINED SYMBOLS
memset
eui64_get
packetfunctions_mac64bToMac16b
IntMasterDisable
IntMasterEnable
icmpv6rpl_updateMyDAGrankAndParentSelection
schedule_startDAGroot
openserial_printCritical
packetfunctions_sameAddress
openserial_getInputBuffer
openserial_printError
icmpv6rpl_writeDODAGid
openserial_printStatus
