   1              		.syntax unified
   2              		.cpu cortex-m3
   3              		.fpu softvfp
   4              		.eabi_attribute 20, 1
   5              		.eabi_attribute 21, 1
   6              		.eabi_attribute 23, 3
   7              		.eabi_attribute 24, 1
   8              		.eabi_attribute 25, 1
   9              		.eabi_attribute 26, 1
  10              		.eabi_attribute 30, 6
  11              		.eabi_attribute 34, 1
  12              		.eabi_attribute 18, 4
  13              		.thumb
  14              		.file	"startup_gcc.c"
  15              		.text
  16              	.Ltext0:
  17              		.cfi_sections	.debug_frame
  18              		.bss
  19              		.align	2
  20              	pui32Stack:
  21 0000 00000000 		.space	2048
  21      00000000 
  21      00000000 
  21      00000000 
  21      00000000 
  22              		.global	__cca
  23              		.section	.flashcca,"a",%progbits
  24              		.align	2
  27              	__cca:
  28 0000 FFFFFFF6 		.word	-150994945
  29 0004 00000000 		.word	0
  30 0008 00002000 		.word	2097152
  31              		.global	gVectors
  32              		.section	.vectors,"a",%progbits
  33              		.align	2
  36              	gVectors:
  37 0000 00080000 		.word	pui32Stack+2048
  38 0004 00000000 		.word	ResetISR
  39 0008 00000000 		.word	NmiSR
  40 000c 00000000 		.word	FaultISR
  41 0010 00000000 		.word	IntDefaultHandler
  42 0014 00000000 		.word	IntDefaultHandler
  43 0018 00000000 		.word	IntDefaultHandler
  44 001c 00000000 		.word	0
  45 0020 00000000 		.word	0
  46 0024 00000000 		.word	0
  47 0028 00000000 		.word	0
  48 002c 00000000 		.word	IntDefaultHandler
  49 0030 00000000 		.word	IntDefaultHandler
  50 0034 00000000 		.word	0
  51 0038 00000000 		.word	IntDefaultHandler
  52 003c 00000000 		.word	IntDefaultHandler
  53 0040 00000000 		.word	IntDefaultHandler
  54 0044 00000000 		.word	IntDefaultHandler
  55 0048 00000000 		.word	IntDefaultHandler
  56 004c 00000000 		.word	IntDefaultHandler
  57 0050 00000000 		.word	0
  58 0054 00000000 		.word	IntDefaultHandler
  59 0058 00000000 		.word	IntDefaultHandler
  60 005c 00000000 		.word	IntDefaultHandler
  61 0060 00000000 		.word	IntDefaultHandler
  62 0064 00000000 		.word	0
  63 0068 00000000 		.word	0
  64 006c 00000000 		.word	0
  65 0070 00000000 		.word	0
  66 0074 00000000 		.word	0
  67 0078 00000000 		.word	IntDefaultHandler
  68 007c 00000000 		.word	0
  69 0080 00000000 		.word	0
  70 0084 00000000 		.word	0
  71 0088 00000000 		.word	IntDefaultHandler
  72 008c 00000000 		.word	IntDefaultHandler
  73 0090 00000000 		.word	IntDefaultHandler
  74 0094 00000000 		.word	IntDefaultHandler
  75 0098 00000000 		.word	IntDefaultHandler
  76 009c 00000000 		.word	IntDefaultHandler
  77 00a0 00000000 		.word	IntDefaultHandler
  78 00a4 00000000 		.word	IntDefaultHandler
  79 00a8 00000000 		.word	IntDefaultHandler
  80 00ac 00000000 		.word	IntDefaultHandler
  81 00b0 00000000 		.word	IntDefaultHandler
  82 00b4 00000000 		.word	IntDefaultHandler
  83 00b8 00000000 		.word	IntDefaultHandler
  84 00bc 00000000 		.word	IntDefaultHandler
  85 00c0 00000000 		.word	IntDefaultHandler
  86 00c4 00000000 		.word	IntDefaultHandler
  87 00c8 00000000 		.word	IntDefaultHandler
  88 00cc 00000000 		.word	IntDefaultHandler
  89 00d0 00000000 		.word	IntDefaultHandler
  90 00d4 00000000 		.word	0
  91 00d8 00000000 		.word	0
  92 00dc 00000000 		.word	0
  93 00e0 00000000 		.word	0
  94 00e4 00000000 		.word	0
  95 00e8 00000000 		.word	0
  96 00ec 00000000 		.word	0
  97 00f0 00000000 		.word	IntDefaultHandler
  98 00f4 00000000 		.word	0
  99 00f8 00000000 		.word	IntDefaultHandler
 100 00fc 00000000 		.word	IntDefaultHandler
 101 0100 00000000 		.word	0
 102 0104 00000000 		.word	0
 103 0108 00000000 		.word	0
 104 010c 00000000 		.word	0
 105 0110 00000000 		.word	0
 106 0114 00000000 		.word	0
 107 0118 00000000 		.word	0
 108 011c 00000000 		.word	0
 109 0120 00000000 		.word	0
 110 0124 00000000 		.word	0
 111 0128 00000000 		.word	0
 112 012c 00000000 		.word	0
 113 0130 00000000 		.word	0
 114 0134 00000000 		.word	0
 115 0138 00000000 		.word	0
 116 013c 00000000 		.word	0
 117 0140 00000000 		.word	0
 118 0144 00000000 		.word	0
 119 0148 00000000 		.word	0
 120 014c 00000000 		.word	0
 121 0150 00000000 		.word	0
 122 0154 00000000 		.word	0
 123 0158 00000000 		.word	0
 124 015c 00000000 		.word	0
 125 0160 00000000 		.word	0
 126 0164 00000000 		.word	0
 127 0168 00000000 		.word	0
 128 016c 00000000 		.word	0
 129 0170 00000000 		.word	0
 130 0174 00000000 		.word	0
 131 0178 00000000 		.word	0
 132 017c 00000000 		.word	0
 133 0180 00000000 		.word	0
 134 0184 00000000 		.word	0
 135 0188 00000000 		.word	0
 136 018c 00000000 		.word	0
 137 0190 00000000 		.word	0
 138 0194 00000000 		.word	0
 139 0198 00000000 		.word	0
 140 019c 00000000 		.word	0
 141 01a0 00000000 		.word	0
 142 01a4 00000000 		.word	0
 143 01a8 00000000 		.word	0
 144 01ac 00000000 		.word	0
 145 01b0 00000000 		.word	0
 146 01b4 00000000 		.word	0
 147 01b8 00000000 		.word	0
 148 01bc 00000000 		.word	0
 149 01c0 00000000 		.word	0
 150 01c4 00000000 		.word	0
 151 01c8 00000000 		.word	0
 152 01cc 00000000 		.word	0
 153 01d0 00000000 		.word	0
 154 01d4 00000000 		.word	0
 155 01d8 00000000 		.word	0
 156 01dc 00000000 		.word	0
 157 01e0 00000000 		.word	0
 158 01e4 00000000 		.word	0
 159 01e8 00000000 		.word	0
 160 01ec 00000000 		.word	0
 161 01f0 00000000 		.word	0
 162 01f4 00000000 		.word	0
 163 01f8 00000000 		.word	0
 164 01fc 00000000 		.word	0
 165 0200 00000000 		.word	0
 166 0204 00000000 		.word	0
 167 0208 00000000 		.word	0
 168 020c 00000000 		.word	0
 169 0210 00000000 		.word	0
 170 0214 00000000 		.word	0
 171 0218 00000000 		.word	0
 172 021c 00000000 		.word	0
 173 0220 00000000 		.word	0
 174 0224 00000000 		.word	0
 175 0228 00000000 		.word	0
 176 022c 00000000 		.word	0
 177 0230 00000000 		.word	0
 178 0234 00000000 		.word	0
 179 0238 00000000 		.word	0
 180 023c 00000000 		.word	0
 181 0240 00000000 		.word	0
 182 0244 00000000 		.word	0
 183 0248 00000000 		.word	0
 184 024c 00000000 		.word	0
 185 0250 00000000 		.word	0
 186 0254 00000000 		.word	0
 187 0258 00000000 		.word	0
 188 025c 00000000 		.word	0
 189 0260 00000000 		.word	0
 190 0264 00000000 		.word	0
 191 0268 00000000 		.word	0
 192 026c 00000000 		.word	0
 193 0270 00000000 		.word	IntDefaultHandler
 194 0274 00000000 		.word	IntDefaultHandler
 195 0278 00000000 		.word	IntDefaultHandler
 196 027c 00000000 		.word	IntDefaultHandler
 197 0280 00000000 		.word	IntDefaultHandler
 198 0284 00000000 		.word	IntDefaultHandler
 199 0288 00000000 		.word	IntDefaultHandler
 200              		.text
 201              		.align	2
 202              		.global	NmiSR
 203              		.thumb
 204              		.thumb_func
 206              	NmiSR:
 207              	.LFB0:
 208              		.file 1 "build/openmote-cc2538_armgcc/bsp/boards/openmote-cc2538/startup_gcc.c"
   1:build/openmote-cc2538_armgcc/bsp/boards/openmote-cc2538/startup_gcc.c **** //*****************************************************************************
   2:build/openmote-cc2538_armgcc/bsp/boards/openmote-cc2538/startup_gcc.c **** //! @file       startup_gcc.c
   3:build/openmote-cc2538_armgcc/bsp/boards/openmote-cc2538/startup_gcc.c **** //! @brief      Startup code for CC2538 for use with GCC.
   4:build/openmote-cc2538_armgcc/bsp/boards/openmote-cc2538/startup_gcc.c **** //!
   5:build/openmote-cc2538_armgcc/bsp/boards/openmote-cc2538/startup_gcc.c **** //! Revised     $Date: 2013-04-11 20:13:13 +0200 (Thu, 11 Apr 2013) $
   6:build/openmote-cc2538_armgcc/bsp/boards/openmote-cc2538/startup_gcc.c **** //! Revision    $Revision: 9714 $
   7:build/openmote-cc2538_armgcc/bsp/boards/openmote-cc2538/startup_gcc.c **** //
   8:build/openmote-cc2538_armgcc/bsp/boards/openmote-cc2538/startup_gcc.c **** //  Copyright (C) 2013 Texas Instruments Incorporated - http://www.ti.com/
   9:build/openmote-cc2538_armgcc/bsp/boards/openmote-cc2538/startup_gcc.c **** //
  10:build/openmote-cc2538_armgcc/bsp/boards/openmote-cc2538/startup_gcc.c **** //
  11:build/openmote-cc2538_armgcc/bsp/boards/openmote-cc2538/startup_gcc.c **** //  Redistribution and use in source and binary forms, with or without
  12:build/openmote-cc2538_armgcc/bsp/boards/openmote-cc2538/startup_gcc.c **** //  modification, are permitted provided that the following conditions
  13:build/openmote-cc2538_armgcc/bsp/boards/openmote-cc2538/startup_gcc.c **** //  are met:
  14:build/openmote-cc2538_armgcc/bsp/boards/openmote-cc2538/startup_gcc.c **** //
  15:build/openmote-cc2538_armgcc/bsp/boards/openmote-cc2538/startup_gcc.c **** //    Redistributions of source code must retain the above copyright
  16:build/openmote-cc2538_armgcc/bsp/boards/openmote-cc2538/startup_gcc.c **** //    notice, this list of conditions and the following disclaimer.
  17:build/openmote-cc2538_armgcc/bsp/boards/openmote-cc2538/startup_gcc.c **** //
  18:build/openmote-cc2538_armgcc/bsp/boards/openmote-cc2538/startup_gcc.c **** //    Redistributions in binary form must reproduce the above copyright
  19:build/openmote-cc2538_armgcc/bsp/boards/openmote-cc2538/startup_gcc.c **** //    notice, this list of conditions and the following disclaimer in the
  20:build/openmote-cc2538_armgcc/bsp/boards/openmote-cc2538/startup_gcc.c **** //    documentation and/or other materials provided with the distribution.
  21:build/openmote-cc2538_armgcc/bsp/boards/openmote-cc2538/startup_gcc.c **** //
  22:build/openmote-cc2538_armgcc/bsp/boards/openmote-cc2538/startup_gcc.c **** //    Neither the name of Texas Instruments Incorporated nor the names of
  23:build/openmote-cc2538_armgcc/bsp/boards/openmote-cc2538/startup_gcc.c **** //    its contributors may be used to endorse or promote products derived
  24:build/openmote-cc2538_armgcc/bsp/boards/openmote-cc2538/startup_gcc.c **** //    from this software without specific prior written permission.
  25:build/openmote-cc2538_armgcc/bsp/boards/openmote-cc2538/startup_gcc.c **** //
  26:build/openmote-cc2538_armgcc/bsp/boards/openmote-cc2538/startup_gcc.c **** //  THIS SOFTWARE IS PROVIDED BY THE COPYRIGHT HOLDERS AND CONTRIBUTORS
  27:build/openmote-cc2538_armgcc/bsp/boards/openmote-cc2538/startup_gcc.c **** //  "AS IS" AND ANY EXPRESS OR IMPLIED WARRANTIES, INCLUDING, BUT NOT
  28:build/openmote-cc2538_armgcc/bsp/boards/openmote-cc2538/startup_gcc.c **** //  LIMITED TO, THE IMPLIED WARRANTIES OF MERCHANTABILITY AND FITNESS FOR
  29:build/openmote-cc2538_armgcc/bsp/boards/openmote-cc2538/startup_gcc.c **** //  A PARTICULAR PURPOSE ARE DISCLAIMED. IN NO EVENT SHALL THE COPYRIGHT
  30:build/openmote-cc2538_armgcc/bsp/boards/openmote-cc2538/startup_gcc.c **** //  OWNER OR CONTRIBUTORS BE LIABLE FOR ANY DIRECT, INDIRECT, INCIDENTAL,
  31:build/openmote-cc2538_armgcc/bsp/boards/openmote-cc2538/startup_gcc.c **** //  SPECIAL, EXEMPLARY, OR CONSEQUENTIAL DAMAGES (INCLUDING, BUT NOT
  32:build/openmote-cc2538_armgcc/bsp/boards/openmote-cc2538/startup_gcc.c **** //  LIMITED TO, PROCUREMENT OF SUBSTITUTE GOODS OR SERVICES; LOSS OF USE,
  33:build/openmote-cc2538_armgcc/bsp/boards/openmote-cc2538/startup_gcc.c **** //  DATA, OR PROFITS; OR BUSINESS INTERRUPTION) HOWEVER CAUSED AND ON ANY
  34:build/openmote-cc2538_armgcc/bsp/boards/openmote-cc2538/startup_gcc.c **** //  THEORY OF LIABILITY, WHETHER IN CONTRACT, STRICT LIABILITY, OR TORT
  35:build/openmote-cc2538_armgcc/bsp/boards/openmote-cc2538/startup_gcc.c **** //  (INCLUDING NEGLIGENCE OR OTHERWISE) ARISING IN ANY WAY OUT OF THE USE
  36:build/openmote-cc2538_armgcc/bsp/boards/openmote-cc2538/startup_gcc.c **** //  OF THIS SOFTWARE, EVEN IF ADVISED OF THE POSSIBILITY OF SUCH DAMAGE.
  37:build/openmote-cc2538_armgcc/bsp/boards/openmote-cc2538/startup_gcc.c **** //****************************************************************************/
  38:build/openmote-cc2538_armgcc/bsp/boards/openmote-cc2538/startup_gcc.c **** 
  39:build/openmote-cc2538_armgcc/bsp/boards/openmote-cc2538/startup_gcc.c **** #include <stdint.h>
  40:build/openmote-cc2538_armgcc/bsp/boards/openmote-cc2538/startup_gcc.c **** 
  41:build/openmote-cc2538_armgcc/bsp/boards/openmote-cc2538/startup_gcc.c **** #include <headers/hw_nvic.h>
  42:build/openmote-cc2538_armgcc/bsp/boards/openmote-cc2538/startup_gcc.c **** 
  43:build/openmote-cc2538_armgcc/bsp/boards/openmote-cc2538/startup_gcc.c **** #define FLASH_START_ADDR                0x00200000
  44:build/openmote-cc2538_armgcc/bsp/boards/openmote-cc2538/startup_gcc.c **** #define BOOTLOADER_BACKDOOR_ENABLE      0xF6FFFFFF // ENABLED: PORT A, PIN 6, LOW
  45:build/openmote-cc2538_armgcc/bsp/boards/openmote-cc2538/startup_gcc.c **** #define BOOTLOADER_BACKDOOR_DISABLE     0xEFFFFFFF // DISABLED
  46:build/openmote-cc2538_armgcc/bsp/boards/openmote-cc2538/startup_gcc.c **** #define SYS_CTRL_EMUOVR                 0x400D20B4
  47:build/openmote-cc2538_armgcc/bsp/boards/openmote-cc2538/startup_gcc.c **** #define SYS_CTRL_I_MAP                  0x400D2098
  48:build/openmote-cc2538_armgcc/bsp/boards/openmote-cc2538/startup_gcc.c **** 
  49:build/openmote-cc2538_armgcc/bsp/boards/openmote-cc2538/startup_gcc.c **** //*****************************************************************************
  50:build/openmote-cc2538_armgcc/bsp/boards/openmote-cc2538/startup_gcc.c **** //
  51:build/openmote-cc2538_armgcc/bsp/boards/openmote-cc2538/startup_gcc.c **** // Macro for hardware access, both direct and via the bit-band region.
  52:build/openmote-cc2538_armgcc/bsp/boards/openmote-cc2538/startup_gcc.c **** //
  53:build/openmote-cc2538_armgcc/bsp/boards/openmote-cc2538/startup_gcc.c **** //*****************************************************************************
  54:build/openmote-cc2538_armgcc/bsp/boards/openmote-cc2538/startup_gcc.c **** #ifndef HWREG
  55:build/openmote-cc2538_armgcc/bsp/boards/openmote-cc2538/startup_gcc.c **** #define HWREG(x)                                                              \
  56:build/openmote-cc2538_armgcc/bsp/boards/openmote-cc2538/startup_gcc.c ****         (*((volatile unsigned long *)(x)))
  57:build/openmote-cc2538_armgcc/bsp/boards/openmote-cc2538/startup_gcc.c **** #endif
  58:build/openmote-cc2538_armgcc/bsp/boards/openmote-cc2538/startup_gcc.c **** 
  59:build/openmote-cc2538_armgcc/bsp/boards/openmote-cc2538/startup_gcc.c **** extern int main (void);
  60:build/openmote-cc2538_armgcc/bsp/boards/openmote-cc2538/startup_gcc.c **** 
  61:build/openmote-cc2538_armgcc/bsp/boards/openmote-cc2538/startup_gcc.c **** void ResetISR(void);
  62:build/openmote-cc2538_armgcc/bsp/boards/openmote-cc2538/startup_gcc.c **** void NmiSR(void);
  63:build/openmote-cc2538_armgcc/bsp/boards/openmote-cc2538/startup_gcc.c **** void FaultISR(void);
  64:build/openmote-cc2538_armgcc/bsp/boards/openmote-cc2538/startup_gcc.c **** void IntDefaultHandler(void);
  65:build/openmote-cc2538_armgcc/bsp/boards/openmote-cc2538/startup_gcc.c **** 
  66:build/openmote-cc2538_armgcc/bsp/boards/openmote-cc2538/startup_gcc.c **** //*****************************************************************************
  67:build/openmote-cc2538_armgcc/bsp/boards/openmote-cc2538/startup_gcc.c **** //
  68:build/openmote-cc2538_armgcc/bsp/boards/openmote-cc2538/startup_gcc.c **** // Reserve space for the system stack.
  69:build/openmote-cc2538_armgcc/bsp/boards/openmote-cc2538/startup_gcc.c **** //
  70:build/openmote-cc2538_armgcc/bsp/boards/openmote-cc2538/startup_gcc.c **** //*****************************************************************************
  71:build/openmote-cc2538_armgcc/bsp/boards/openmote-cc2538/startup_gcc.c **** static uint32_t pui32Stack[512];
  72:build/openmote-cc2538_armgcc/bsp/boards/openmote-cc2538/startup_gcc.c **** 
  73:build/openmote-cc2538_armgcc/bsp/boards/openmote-cc2538/startup_gcc.c **** //*****************************************************************************
  74:build/openmote-cc2538_armgcc/bsp/boards/openmote-cc2538/startup_gcc.c **** //
  75:build/openmote-cc2538_armgcc/bsp/boards/openmote-cc2538/startup_gcc.c **** // Customer Configuration Area in Lock Page
  76:build/openmote-cc2538_armgcc/bsp/boards/openmote-cc2538/startup_gcc.c **** // Holds Application entry point (bytes 2012 - 2015) and
  77:build/openmote-cc2538_armgcc/bsp/boards/openmote-cc2538/startup_gcc.c **** // Image Valid (bytes 2008 - 2011) and
  78:build/openmote-cc2538_armgcc/bsp/boards/openmote-cc2538/startup_gcc.c **** // Bootloader backdoor (byte 2007) and
  79:build/openmote-cc2538_armgcc/bsp/boards/openmote-cc2538/startup_gcc.c **** // Reserved (byte 2006 - 2004)
  80:build/openmote-cc2538_armgcc/bsp/boards/openmote-cc2538/startup_gcc.c **** //
  81:build/openmote-cc2538_armgcc/bsp/boards/openmote-cc2538/startup_gcc.c **** //*****************************************************************************
  82:build/openmote-cc2538_armgcc/bsp/boards/openmote-cc2538/startup_gcc.c **** typedef struct
  83:build/openmote-cc2538_armgcc/bsp/boards/openmote-cc2538/startup_gcc.c **** {
  84:build/openmote-cc2538_armgcc/bsp/boards/openmote-cc2538/startup_gcc.c ****     uint32_t ui32BootldrCfg;
  85:build/openmote-cc2538_armgcc/bsp/boards/openmote-cc2538/startup_gcc.c ****     uint32_t ui32ImageValid;
  86:build/openmote-cc2538_armgcc/bsp/boards/openmote-cc2538/startup_gcc.c ****     uint32_t ui32ImageVectorAddr;
  87:build/openmote-cc2538_armgcc/bsp/boards/openmote-cc2538/startup_gcc.c **** } 
  88:build/openmote-cc2538_armgcc/bsp/boards/openmote-cc2538/startup_gcc.c **** lockPageCCA_t;
  89:build/openmote-cc2538_armgcc/bsp/boards/openmote-cc2538/startup_gcc.c **** 
  90:build/openmote-cc2538_armgcc/bsp/boards/openmote-cc2538/startup_gcc.c **** __attribute__ ((section(".flashcca"), used))
  91:build/openmote-cc2538_armgcc/bsp/boards/openmote-cc2538/startup_gcc.c **** const lockPageCCA_t __cca =
  92:build/openmote-cc2538_armgcc/bsp/boards/openmote-cc2538/startup_gcc.c **** {
  93:build/openmote-cc2538_armgcc/bsp/boards/openmote-cc2538/startup_gcc.c ****   BOOTLOADER_BACKDOOR_ENABLE,   // Bootloader backdoor enabled
  94:build/openmote-cc2538_armgcc/bsp/boards/openmote-cc2538/startup_gcc.c ****   0,               				      // Image valid bytes
  95:build/openmote-cc2538_armgcc/bsp/boards/openmote-cc2538/startup_gcc.c ****   FLASH_START_ADDR 				      // Vector table located at flash start address
  96:build/openmote-cc2538_armgcc/bsp/boards/openmote-cc2538/startup_gcc.c **** };
  97:build/openmote-cc2538_armgcc/bsp/boards/openmote-cc2538/startup_gcc.c **** 
  98:build/openmote-cc2538_armgcc/bsp/boards/openmote-cc2538/startup_gcc.c **** __attribute__ ((section(".vectors"), used))
  99:build/openmote-cc2538_armgcc/bsp/boards/openmote-cc2538/startup_gcc.c **** void (* const gVectors[])(void) =
 100:build/openmote-cc2538_armgcc/bsp/boards/openmote-cc2538/startup_gcc.c **** {
 101:build/openmote-cc2538_armgcc/bsp/boards/openmote-cc2538/startup_gcc.c ****    (void (*)(void))((uint32_t)pui32Stack + sizeof(pui32Stack)), // Stack pointer
 102:build/openmote-cc2538_armgcc/bsp/boards/openmote-cc2538/startup_gcc.c ****    ResetISR,							   // Reset handler
 103:build/openmote-cc2538_armgcc/bsp/boards/openmote-cc2538/startup_gcc.c ****    NmiSR,                                  // The NMI handler
 104:build/openmote-cc2538_armgcc/bsp/boards/openmote-cc2538/startup_gcc.c ****    FaultISR,                               // The hard fault handler
 105:build/openmote-cc2538_armgcc/bsp/boards/openmote-cc2538/startup_gcc.c ****    IntDefaultHandler,                      // 4 The MPU fault handler
 106:build/openmote-cc2538_armgcc/bsp/boards/openmote-cc2538/startup_gcc.c ****    IntDefaultHandler,                      // 5 The bus fault handler
 107:build/openmote-cc2538_armgcc/bsp/boards/openmote-cc2538/startup_gcc.c ****    IntDefaultHandler,                      // 6 The usage fault handler
 108:build/openmote-cc2538_armgcc/bsp/boards/openmote-cc2538/startup_gcc.c ****    0,                                      // 7 Reserved
 109:build/openmote-cc2538_armgcc/bsp/boards/openmote-cc2538/startup_gcc.c ****    0,                                      // 8 Reserved
 110:build/openmote-cc2538_armgcc/bsp/boards/openmote-cc2538/startup_gcc.c ****    0,                                      // 9 Reserved
 111:build/openmote-cc2538_armgcc/bsp/boards/openmote-cc2538/startup_gcc.c ****    0,                                      // 10 Reserved
 112:build/openmote-cc2538_armgcc/bsp/boards/openmote-cc2538/startup_gcc.c ****    IntDefaultHandler,                      // 11 SVCall handler
 113:build/openmote-cc2538_armgcc/bsp/boards/openmote-cc2538/startup_gcc.c ****    IntDefaultHandler,                      // 12 Debug monitor handler
 114:build/openmote-cc2538_armgcc/bsp/boards/openmote-cc2538/startup_gcc.c ****    0,                                      // 13 Reserved
 115:build/openmote-cc2538_armgcc/bsp/boards/openmote-cc2538/startup_gcc.c ****    IntDefaultHandler,                      // 14 The PendSV handler
 116:build/openmote-cc2538_armgcc/bsp/boards/openmote-cc2538/startup_gcc.c ****    IntDefaultHandler,                      // 15 The SysTick handler
 117:build/openmote-cc2538_armgcc/bsp/boards/openmote-cc2538/startup_gcc.c ****    IntDefaultHandler,                      // 16 GPIO Port A
 118:build/openmote-cc2538_armgcc/bsp/boards/openmote-cc2538/startup_gcc.c ****    IntDefaultHandler,                      // 17 GPIO Port B
 119:build/openmote-cc2538_armgcc/bsp/boards/openmote-cc2538/startup_gcc.c ****    IntDefaultHandler,                      // 18 GPIO Port C
 120:build/openmote-cc2538_armgcc/bsp/boards/openmote-cc2538/startup_gcc.c ****    IntDefaultHandler,                      // 19 GPIO Port D
 121:build/openmote-cc2538_armgcc/bsp/boards/openmote-cc2538/startup_gcc.c ****    0,                                      // 20 none
 122:build/openmote-cc2538_armgcc/bsp/boards/openmote-cc2538/startup_gcc.c ****    IntDefaultHandler,                      // 21 UART0 Rx and Tx
 123:build/openmote-cc2538_armgcc/bsp/boards/openmote-cc2538/startup_gcc.c ****    IntDefaultHandler,                      // 22 UART1 Rx and Tx
 124:build/openmote-cc2538_armgcc/bsp/boards/openmote-cc2538/startup_gcc.c ****    IntDefaultHandler,                      // 23 SSI0 Rx and Tx
 125:build/openmote-cc2538_armgcc/bsp/boards/openmote-cc2538/startup_gcc.c ****    IntDefaultHandler,                      // 24 I2C Master and Slave
 126:build/openmote-cc2538_armgcc/bsp/boards/openmote-cc2538/startup_gcc.c ****    0,                                      // 25 Reserved
 127:build/openmote-cc2538_armgcc/bsp/boards/openmote-cc2538/startup_gcc.c ****    0,                                      // 26 Reserved
 128:build/openmote-cc2538_armgcc/bsp/boards/openmote-cc2538/startup_gcc.c ****    0,                                      // 27 Reserved
 129:build/openmote-cc2538_armgcc/bsp/boards/openmote-cc2538/startup_gcc.c ****    0,                                      // 28 Reserved
 130:build/openmote-cc2538_armgcc/bsp/boards/openmote-cc2538/startup_gcc.c ****    0,                                      // 29 Reserved
 131:build/openmote-cc2538_armgcc/bsp/boards/openmote-cc2538/startup_gcc.c ****    IntDefaultHandler,                      // 30 ADC Sequence 0
 132:build/openmote-cc2538_armgcc/bsp/boards/openmote-cc2538/startup_gcc.c ****    0,                                      // 31 Reserved
 133:build/openmote-cc2538_armgcc/bsp/boards/openmote-cc2538/startup_gcc.c ****    0,                                      // 32 Reserved
 134:build/openmote-cc2538_armgcc/bsp/boards/openmote-cc2538/startup_gcc.c ****    0,                                      // 33 Reserved
 135:build/openmote-cc2538_armgcc/bsp/boards/openmote-cc2538/startup_gcc.c ****    IntDefaultHandler,                      // 34 Watchdog timer, timer 0
 136:build/openmote-cc2538_armgcc/bsp/boards/openmote-cc2538/startup_gcc.c ****    IntDefaultHandler,                      // 35 Timer 0 subtimer A
 137:build/openmote-cc2538_armgcc/bsp/boards/openmote-cc2538/startup_gcc.c ****    IntDefaultHandler,                      // 36 Timer 0 subtimer B
 138:build/openmote-cc2538_armgcc/bsp/boards/openmote-cc2538/startup_gcc.c ****    IntDefaultHandler,                      // 37 Timer 1 subtimer A
 139:build/openmote-cc2538_armgcc/bsp/boards/openmote-cc2538/startup_gcc.c ****    IntDefaultHandler,                      // 38 Timer 1 subtimer B
 140:build/openmote-cc2538_armgcc/bsp/boards/openmote-cc2538/startup_gcc.c ****    IntDefaultHandler,                      // 39 Timer 2 subtimer A
 141:build/openmote-cc2538_armgcc/bsp/boards/openmote-cc2538/startup_gcc.c ****    IntDefaultHandler,                      // 40 Timer 2 subtimer B
 142:build/openmote-cc2538_armgcc/bsp/boards/openmote-cc2538/startup_gcc.c ****    IntDefaultHandler,                      // 41 Analog Comparator 0
 143:build/openmote-cc2538_armgcc/bsp/boards/openmote-cc2538/startup_gcc.c ****    IntDefaultHandler,                      // 42 RFCore Rx/Tx
 144:build/openmote-cc2538_armgcc/bsp/boards/openmote-cc2538/startup_gcc.c ****    IntDefaultHandler,                      // 43 RFCore Error
 145:build/openmote-cc2538_armgcc/bsp/boards/openmote-cc2538/startup_gcc.c ****    IntDefaultHandler,                      // 44 IcePick
 146:build/openmote-cc2538_armgcc/bsp/boards/openmote-cc2538/startup_gcc.c ****    IntDefaultHandler,                      // 45 FLASH Control
 147:build/openmote-cc2538_armgcc/bsp/boards/openmote-cc2538/startup_gcc.c ****    IntDefaultHandler,                      // 46 AES
 148:build/openmote-cc2538_armgcc/bsp/boards/openmote-cc2538/startup_gcc.c ****    IntDefaultHandler,                      // 47 PKA
 149:build/openmote-cc2538_armgcc/bsp/boards/openmote-cc2538/startup_gcc.c ****    IntDefaultHandler,                      // 48 Sleep Timer
 150:build/openmote-cc2538_armgcc/bsp/boards/openmote-cc2538/startup_gcc.c ****    IntDefaultHandler,                      // 49 MacTimer
 151:build/openmote-cc2538_armgcc/bsp/boards/openmote-cc2538/startup_gcc.c ****    IntDefaultHandler,                      // 50 SSI1 Rx and Tx
 152:build/openmote-cc2538_armgcc/bsp/boards/openmote-cc2538/startup_gcc.c ****    IntDefaultHandler,                      // 51 Timer 3 subtimer A
 153:build/openmote-cc2538_armgcc/bsp/boards/openmote-cc2538/startup_gcc.c ****    IntDefaultHandler,                      // 52 Timer 3 subtimer B
 154:build/openmote-cc2538_armgcc/bsp/boards/openmote-cc2538/startup_gcc.c ****    0,                                      // 53 Reserved
 155:build/openmote-cc2538_armgcc/bsp/boards/openmote-cc2538/startup_gcc.c ****    0,                                      // 54 Reserved
 156:build/openmote-cc2538_armgcc/bsp/boards/openmote-cc2538/startup_gcc.c ****    0,                                      // 55 Reserved
 157:build/openmote-cc2538_armgcc/bsp/boards/openmote-cc2538/startup_gcc.c ****    0,                                      // 56 Reserved
 158:build/openmote-cc2538_armgcc/bsp/boards/openmote-cc2538/startup_gcc.c ****    0,                                      // 57 Reserved
 159:build/openmote-cc2538_armgcc/bsp/boards/openmote-cc2538/startup_gcc.c ****    0,                                      // 58 Reserved
 160:build/openmote-cc2538_armgcc/bsp/boards/openmote-cc2538/startup_gcc.c ****    0,                                      // 59 Reserved
 161:build/openmote-cc2538_armgcc/bsp/boards/openmote-cc2538/startup_gcc.c ****    IntDefaultHandler,                      // 60 USB 2538
 162:build/openmote-cc2538_armgcc/bsp/boards/openmote-cc2538/startup_gcc.c ****    0,                                      // 61 Reserved
 163:build/openmote-cc2538_armgcc/bsp/boards/openmote-cc2538/startup_gcc.c ****    IntDefaultHandler,                      // 62 uDMA
 164:build/openmote-cc2538_armgcc/bsp/boards/openmote-cc2538/startup_gcc.c ****    IntDefaultHandler,                      // 63 uDMA Error
 165:build/openmote-cc2538_armgcc/bsp/boards/openmote-cc2538/startup_gcc.c **** #ifndef CC2538_USE_ALTERNATE_INTERRUPT_MAP
 166:build/openmote-cc2538_armgcc/bsp/boards/openmote-cc2538/startup_gcc.c ****    0,                                      // 64 64-155 are not in use
 167:build/openmote-cc2538_armgcc/bsp/boards/openmote-cc2538/startup_gcc.c ****    0,                                      // 65
 168:build/openmote-cc2538_armgcc/bsp/boards/openmote-cc2538/startup_gcc.c ****    0,                                      // 66
 169:build/openmote-cc2538_armgcc/bsp/boards/openmote-cc2538/startup_gcc.c ****    0,                                      // 67
 170:build/openmote-cc2538_armgcc/bsp/boards/openmote-cc2538/startup_gcc.c ****    0,                                      // 68
 171:build/openmote-cc2538_armgcc/bsp/boards/openmote-cc2538/startup_gcc.c ****    0,                                      // 69
 172:build/openmote-cc2538_armgcc/bsp/boards/openmote-cc2538/startup_gcc.c ****    0,                                      // 70
 173:build/openmote-cc2538_armgcc/bsp/boards/openmote-cc2538/startup_gcc.c ****    0,                                      // 71
 174:build/openmote-cc2538_armgcc/bsp/boards/openmote-cc2538/startup_gcc.c ****    0,                                      // 72
 175:build/openmote-cc2538_armgcc/bsp/boards/openmote-cc2538/startup_gcc.c ****    0,                                      // 73
 176:build/openmote-cc2538_armgcc/bsp/boards/openmote-cc2538/startup_gcc.c ****    0,                                      // 74
 177:build/openmote-cc2538_armgcc/bsp/boards/openmote-cc2538/startup_gcc.c ****    0,                                      // 75
 178:build/openmote-cc2538_armgcc/bsp/boards/openmote-cc2538/startup_gcc.c ****    0,                                      // 76
 179:build/openmote-cc2538_armgcc/bsp/boards/openmote-cc2538/startup_gcc.c ****    0,                                      // 77
 180:build/openmote-cc2538_armgcc/bsp/boards/openmote-cc2538/startup_gcc.c ****    0,                                      // 78
 181:build/openmote-cc2538_armgcc/bsp/boards/openmote-cc2538/startup_gcc.c ****    0,                                      // 79
 182:build/openmote-cc2538_armgcc/bsp/boards/openmote-cc2538/startup_gcc.c ****    0,                                      // 80
 183:build/openmote-cc2538_armgcc/bsp/boards/openmote-cc2538/startup_gcc.c ****    0,                                      // 81
 184:build/openmote-cc2538_armgcc/bsp/boards/openmote-cc2538/startup_gcc.c ****    0,                                      // 82
 185:build/openmote-cc2538_armgcc/bsp/boards/openmote-cc2538/startup_gcc.c ****    0,                                      // 83
 186:build/openmote-cc2538_armgcc/bsp/boards/openmote-cc2538/startup_gcc.c ****    0,                                      // 84
 187:build/openmote-cc2538_armgcc/bsp/boards/openmote-cc2538/startup_gcc.c ****    0,                                      // 85
 188:build/openmote-cc2538_armgcc/bsp/boards/openmote-cc2538/startup_gcc.c ****    0,                                      // 86
 189:build/openmote-cc2538_armgcc/bsp/boards/openmote-cc2538/startup_gcc.c ****    0,                                      // 87
 190:build/openmote-cc2538_armgcc/bsp/boards/openmote-cc2538/startup_gcc.c ****    0,                                      // 88
 191:build/openmote-cc2538_armgcc/bsp/boards/openmote-cc2538/startup_gcc.c ****    0,                                      // 89
 192:build/openmote-cc2538_armgcc/bsp/boards/openmote-cc2538/startup_gcc.c ****    0,                                      // 90
 193:build/openmote-cc2538_armgcc/bsp/boards/openmote-cc2538/startup_gcc.c ****    0,                                      // 91
 194:build/openmote-cc2538_armgcc/bsp/boards/openmote-cc2538/startup_gcc.c ****    0,                                      // 92
 195:build/openmote-cc2538_armgcc/bsp/boards/openmote-cc2538/startup_gcc.c ****    0,                                      // 93
 196:build/openmote-cc2538_armgcc/bsp/boards/openmote-cc2538/startup_gcc.c ****    0,                                      // 94
 197:build/openmote-cc2538_armgcc/bsp/boards/openmote-cc2538/startup_gcc.c ****    0,                                      // 95
 198:build/openmote-cc2538_armgcc/bsp/boards/openmote-cc2538/startup_gcc.c ****    0,                                      // 96
 199:build/openmote-cc2538_armgcc/bsp/boards/openmote-cc2538/startup_gcc.c ****    0,                                      // 97
 200:build/openmote-cc2538_armgcc/bsp/boards/openmote-cc2538/startup_gcc.c ****    0,                                      // 98
 201:build/openmote-cc2538_armgcc/bsp/boards/openmote-cc2538/startup_gcc.c ****    0,                                      // 99
 202:build/openmote-cc2538_armgcc/bsp/boards/openmote-cc2538/startup_gcc.c ****    0,                                      // 100
 203:build/openmote-cc2538_armgcc/bsp/boards/openmote-cc2538/startup_gcc.c ****    0,                                      // 101
 204:build/openmote-cc2538_armgcc/bsp/boards/openmote-cc2538/startup_gcc.c ****    0,                                      // 102
 205:build/openmote-cc2538_armgcc/bsp/boards/openmote-cc2538/startup_gcc.c ****    0,                                      // 103
 206:build/openmote-cc2538_armgcc/bsp/boards/openmote-cc2538/startup_gcc.c ****    0,                                      // 104
 207:build/openmote-cc2538_armgcc/bsp/boards/openmote-cc2538/startup_gcc.c ****    0,                                      // 105
 208:build/openmote-cc2538_armgcc/bsp/boards/openmote-cc2538/startup_gcc.c ****    0,                                      // 106
 209:build/openmote-cc2538_armgcc/bsp/boards/openmote-cc2538/startup_gcc.c ****    0,                                      // 107
 210:build/openmote-cc2538_armgcc/bsp/boards/openmote-cc2538/startup_gcc.c ****    0,                                      // 108
 211:build/openmote-cc2538_armgcc/bsp/boards/openmote-cc2538/startup_gcc.c ****    0,                                      // 109
 212:build/openmote-cc2538_armgcc/bsp/boards/openmote-cc2538/startup_gcc.c ****    0,                                      // 110
 213:build/openmote-cc2538_armgcc/bsp/boards/openmote-cc2538/startup_gcc.c ****    0,                                      // 111
 214:build/openmote-cc2538_armgcc/bsp/boards/openmote-cc2538/startup_gcc.c ****    0,                                      // 112
 215:build/openmote-cc2538_armgcc/bsp/boards/openmote-cc2538/startup_gcc.c ****    0,                                      // 113
 216:build/openmote-cc2538_armgcc/bsp/boards/openmote-cc2538/startup_gcc.c ****    0,                                      // 114
 217:build/openmote-cc2538_armgcc/bsp/boards/openmote-cc2538/startup_gcc.c ****    0,                                      // 115
 218:build/openmote-cc2538_armgcc/bsp/boards/openmote-cc2538/startup_gcc.c ****    0,                                      // 116
 219:build/openmote-cc2538_armgcc/bsp/boards/openmote-cc2538/startup_gcc.c ****    0,                                      // 117
 220:build/openmote-cc2538_armgcc/bsp/boards/openmote-cc2538/startup_gcc.c ****    0,                                      // 118
 221:build/openmote-cc2538_armgcc/bsp/boards/openmote-cc2538/startup_gcc.c ****    0,                                      // 119
 222:build/openmote-cc2538_armgcc/bsp/boards/openmote-cc2538/startup_gcc.c ****    0,                                      // 120
 223:build/openmote-cc2538_armgcc/bsp/boards/openmote-cc2538/startup_gcc.c ****    0,                                      // 121
 224:build/openmote-cc2538_armgcc/bsp/boards/openmote-cc2538/startup_gcc.c ****    0,                                      // 122
 225:build/openmote-cc2538_armgcc/bsp/boards/openmote-cc2538/startup_gcc.c ****    0,                                      // 123
 226:build/openmote-cc2538_armgcc/bsp/boards/openmote-cc2538/startup_gcc.c ****    0,                                      // 124
 227:build/openmote-cc2538_armgcc/bsp/boards/openmote-cc2538/startup_gcc.c ****    0,                                      // 125
 228:build/openmote-cc2538_armgcc/bsp/boards/openmote-cc2538/startup_gcc.c ****    0,                                      // 126
 229:build/openmote-cc2538_armgcc/bsp/boards/openmote-cc2538/startup_gcc.c ****    0,                                      // 127
 230:build/openmote-cc2538_armgcc/bsp/boards/openmote-cc2538/startup_gcc.c ****    0,                                      // 128
 231:build/openmote-cc2538_armgcc/bsp/boards/openmote-cc2538/startup_gcc.c ****    0,                                      // 129
 232:build/openmote-cc2538_armgcc/bsp/boards/openmote-cc2538/startup_gcc.c ****    0,                                      // 130
 233:build/openmote-cc2538_armgcc/bsp/boards/openmote-cc2538/startup_gcc.c ****    0,                                      // 131
 234:build/openmote-cc2538_armgcc/bsp/boards/openmote-cc2538/startup_gcc.c ****    0,                                      // 132
 235:build/openmote-cc2538_armgcc/bsp/boards/openmote-cc2538/startup_gcc.c ****    0,                                      // 133
 236:build/openmote-cc2538_armgcc/bsp/boards/openmote-cc2538/startup_gcc.c ****    0,                                      // 134
 237:build/openmote-cc2538_armgcc/bsp/boards/openmote-cc2538/startup_gcc.c ****    0,                                      // 135
 238:build/openmote-cc2538_armgcc/bsp/boards/openmote-cc2538/startup_gcc.c ****    0,                                      // 136
 239:build/openmote-cc2538_armgcc/bsp/boards/openmote-cc2538/startup_gcc.c ****    0,                                      // 137
 240:build/openmote-cc2538_armgcc/bsp/boards/openmote-cc2538/startup_gcc.c ****    0,                                      // 138
 241:build/openmote-cc2538_armgcc/bsp/boards/openmote-cc2538/startup_gcc.c ****    0,                                      // 139
 242:build/openmote-cc2538_armgcc/bsp/boards/openmote-cc2538/startup_gcc.c ****    0,                                      // 140
 243:build/openmote-cc2538_armgcc/bsp/boards/openmote-cc2538/startup_gcc.c ****    0,                                      // 141
 244:build/openmote-cc2538_armgcc/bsp/boards/openmote-cc2538/startup_gcc.c ****    0,                                      // 142
 245:build/openmote-cc2538_armgcc/bsp/boards/openmote-cc2538/startup_gcc.c ****    0,                                      // 143
 246:build/openmote-cc2538_armgcc/bsp/boards/openmote-cc2538/startup_gcc.c ****    0,                                      // 144
 247:build/openmote-cc2538_armgcc/bsp/boards/openmote-cc2538/startup_gcc.c ****    0,                                      // 145
 248:build/openmote-cc2538_armgcc/bsp/boards/openmote-cc2538/startup_gcc.c ****    0,                                      // 146
 249:build/openmote-cc2538_armgcc/bsp/boards/openmote-cc2538/startup_gcc.c ****    0,                                      // 147
 250:build/openmote-cc2538_armgcc/bsp/boards/openmote-cc2538/startup_gcc.c ****    0,                                      // 148
 251:build/openmote-cc2538_armgcc/bsp/boards/openmote-cc2538/startup_gcc.c ****    0,                                      // 149
 252:build/openmote-cc2538_armgcc/bsp/boards/openmote-cc2538/startup_gcc.c ****    0,                                      // 150
 253:build/openmote-cc2538_armgcc/bsp/boards/openmote-cc2538/startup_gcc.c ****    0,                                      // 151
 254:build/openmote-cc2538_armgcc/bsp/boards/openmote-cc2538/startup_gcc.c ****    0,                                      // 152
 255:build/openmote-cc2538_armgcc/bsp/boards/openmote-cc2538/startup_gcc.c ****    0,                                      // 153
 256:build/openmote-cc2538_armgcc/bsp/boards/openmote-cc2538/startup_gcc.c ****    0,                                      // 154
 257:build/openmote-cc2538_armgcc/bsp/boards/openmote-cc2538/startup_gcc.c ****    0,                                      // 155
 258:build/openmote-cc2538_armgcc/bsp/boards/openmote-cc2538/startup_gcc.c ****    IntDefaultHandler,                      // 156 USB
 259:build/openmote-cc2538_armgcc/bsp/boards/openmote-cc2538/startup_gcc.c ****    IntDefaultHandler,                      // 157 RFCORE RX/TX
 260:build/openmote-cc2538_armgcc/bsp/boards/openmote-cc2538/startup_gcc.c ****    IntDefaultHandler,                      // 158 RFCORE Error
 261:build/openmote-cc2538_armgcc/bsp/boards/openmote-cc2538/startup_gcc.c ****    IntDefaultHandler,                      // 159 AES
 262:build/openmote-cc2538_armgcc/bsp/boards/openmote-cc2538/startup_gcc.c ****    IntDefaultHandler,                      // 160 PKA
 263:build/openmote-cc2538_armgcc/bsp/boards/openmote-cc2538/startup_gcc.c ****    IntDefaultHandler,                      // 161 SMTimer
 264:build/openmote-cc2538_armgcc/bsp/boards/openmote-cc2538/startup_gcc.c ****    IntDefaultHandler,                      // 162 MACTimer
 265:build/openmote-cc2538_armgcc/bsp/boards/openmote-cc2538/startup_gcc.c **** #endif
 266:build/openmote-cc2538_armgcc/bsp/boards/openmote-cc2538/startup_gcc.c **** };
 267:build/openmote-cc2538_armgcc/bsp/boards/openmote-cc2538/startup_gcc.c **** 
 268:build/openmote-cc2538_armgcc/bsp/boards/openmote-cc2538/startup_gcc.c **** //*****************************************************************************
 269:build/openmote-cc2538_armgcc/bsp/boards/openmote-cc2538/startup_gcc.c **** //
 270:build/openmote-cc2538_armgcc/bsp/boards/openmote-cc2538/startup_gcc.c **** // The following are constructs created by the linker, indicating where the
 271:build/openmote-cc2538_armgcc/bsp/boards/openmote-cc2538/startup_gcc.c **** // the "data" and "bss" segments reside in memory.  The initializers for the
 272:build/openmote-cc2538_armgcc/bsp/boards/openmote-cc2538/startup_gcc.c **** // for the "data" segment resides immediately following the "text" segment.
 273:build/openmote-cc2538_armgcc/bsp/boards/openmote-cc2538/startup_gcc.c **** //
 274:build/openmote-cc2538_armgcc/bsp/boards/openmote-cc2538/startup_gcc.c **** //*****************************************************************************
 275:build/openmote-cc2538_armgcc/bsp/boards/openmote-cc2538/startup_gcc.c **** extern uint32_t _etext;
 276:build/openmote-cc2538_armgcc/bsp/boards/openmote-cc2538/startup_gcc.c **** extern uint32_t _data;
 277:build/openmote-cc2538_armgcc/bsp/boards/openmote-cc2538/startup_gcc.c **** extern uint32_t _edata;
 278:build/openmote-cc2538_armgcc/bsp/boards/openmote-cc2538/startup_gcc.c **** extern uint32_t _bss;
 279:build/openmote-cc2538_armgcc/bsp/boards/openmote-cc2538/startup_gcc.c **** extern uint32_t _ebss;
 280:build/openmote-cc2538_armgcc/bsp/boards/openmote-cc2538/startup_gcc.c **** 
 281:build/openmote-cc2538_armgcc/bsp/boards/openmote-cc2538/startup_gcc.c **** //
 282:build/openmote-cc2538_armgcc/bsp/boards/openmote-cc2538/startup_gcc.c **** // And here are the weak interrupt handlers.
 283:build/openmote-cc2538_armgcc/bsp/boards/openmote-cc2538/startup_gcc.c **** //
 284:build/openmote-cc2538_armgcc/bsp/boards/openmote-cc2538/startup_gcc.c **** void 
 285:build/openmote-cc2538_armgcc/bsp/boards/openmote-cc2538/startup_gcc.c **** NmiSR (void) 
 286:build/openmote-cc2538_armgcc/bsp/boards/openmote-cc2538/startup_gcc.c **** { 
 209              		.loc 1 286 0
 210              		.cfi_startproc
 211              		@ args = 0, pretend = 0, frame = 0
 212              		@ frame_needed = 1, uses_anonymous_args = 0
 213 0000 80B5     		push	{r7, lr}
 214              		.cfi_def_cfa_offset 8
 215              		.cfi_offset 7, -8
 216              		.cfi_offset 14, -4
 217 0002 00AF     		add	r7, sp, #0
 218              		.cfi_def_cfa_register 7
 287:build/openmote-cc2538_armgcc/bsp/boards/openmote-cc2538/startup_gcc.c ****     ResetISR(); 
 219              		.loc 1 287 0
 220 0004 FFF7FEFF 		bl	ResetISR
 221              	.L2:
 288:build/openmote-cc2538_armgcc/bsp/boards/openmote-cc2538/startup_gcc.c ****     while(1)
 289:build/openmote-cc2538_armgcc/bsp/boards/openmote-cc2538/startup_gcc.c ****     {
 290:build/openmote-cc2538_armgcc/bsp/boards/openmote-cc2538/startup_gcc.c ****     } 
 222              		.loc 1 290 0 discriminator 1
 223 0008 FEE7     		b	.L2
 224              		.cfi_endproc
 225              	.LFE0:
 227 000a 00BF     		.align	2
 228              		.global	FaultISR
 229              		.thumb
 230              		.thumb_func
 232              	FaultISR:
 233              	.LFB1:
 291:build/openmote-cc2538_armgcc/bsp/boards/openmote-cc2538/startup_gcc.c **** }
 292:build/openmote-cc2538_armgcc/bsp/boards/openmote-cc2538/startup_gcc.c **** 
 293:build/openmote-cc2538_armgcc/bsp/boards/openmote-cc2538/startup_gcc.c **** 
 294:build/openmote-cc2538_armgcc/bsp/boards/openmote-cc2538/startup_gcc.c **** void 
 295:build/openmote-cc2538_armgcc/bsp/boards/openmote-cc2538/startup_gcc.c **** FaultISR (void) 
 296:build/openmote-cc2538_armgcc/bsp/boards/openmote-cc2538/startup_gcc.c **** { 
 234              		.loc 1 296 0
 235              		.cfi_startproc
 236              		@ args = 0, pretend = 0, frame = 0
 237              		@ frame_needed = 1, uses_anonymous_args = 0
 238              		@ link register save eliminated.
 239 000c 80B4     		push	{r7}
 240              		.cfi_def_cfa_offset 4
 241              		.cfi_offset 7, -4
 242 000e 00AF     		add	r7, sp, #0
 243              		.cfi_def_cfa_register 7
 244              	.L4:
 297:build/openmote-cc2538_armgcc/bsp/boards/openmote-cc2538/startup_gcc.c ****     while(1)
 298:build/openmote-cc2538_armgcc/bsp/boards/openmote-cc2538/startup_gcc.c ****     {
 299:build/openmote-cc2538_armgcc/bsp/boards/openmote-cc2538/startup_gcc.c ****     } 
 245              		.loc 1 299 0 discriminator 1
 246 0010 FEE7     		b	.L4
 247              		.cfi_endproc
 248              	.LFE1:
 250 0012 00BF     		.align	2
 251              		.global	IntDefaultHandler
 252              		.thumb
 253              		.thumb_func
 255              	IntDefaultHandler:
 256              	.LFB2:
 300:build/openmote-cc2538_armgcc/bsp/boards/openmote-cc2538/startup_gcc.c **** }
 301:build/openmote-cc2538_armgcc/bsp/boards/openmote-cc2538/startup_gcc.c **** 
 302:build/openmote-cc2538_armgcc/bsp/boards/openmote-cc2538/startup_gcc.c **** 
 303:build/openmote-cc2538_armgcc/bsp/boards/openmote-cc2538/startup_gcc.c **** void 
 304:build/openmote-cc2538_armgcc/bsp/boards/openmote-cc2538/startup_gcc.c **** IntDefaultHandler (void) 
 305:build/openmote-cc2538_armgcc/bsp/boards/openmote-cc2538/startup_gcc.c **** { 
 257              		.loc 1 305 0
 258              		.cfi_startproc
 259              		@ args = 0, pretend = 0, frame = 0
 260              		@ frame_needed = 1, uses_anonymous_args = 0
 261              		@ link register save eliminated.
 262 0014 80B4     		push	{r7}
 263              		.cfi_def_cfa_offset 4
 264              		.cfi_offset 7, -4
 265 0016 00AF     		add	r7, sp, #0
 266              		.cfi_def_cfa_register 7
 267              	.L6:
 306:build/openmote-cc2538_armgcc/bsp/boards/openmote-cc2538/startup_gcc.c ****     while(1)
 307:build/openmote-cc2538_armgcc/bsp/boards/openmote-cc2538/startup_gcc.c ****     {
 308:build/openmote-cc2538_armgcc/bsp/boards/openmote-cc2538/startup_gcc.c ****     }
 268              		.loc 1 308 0 discriminator 1
 269 0018 FEE7     		b	.L6
 270              		.cfi_endproc
 271              	.LFE2:
 273 001a 00BF     		.align	2
 274              		.global	ResetISR
 275              		.thumb
 276              		.thumb_func
 278              	ResetISR:
 279              	.LFB3:
 309:build/openmote-cc2538_armgcc/bsp/boards/openmote-cc2538/startup_gcc.c **** }
 310:build/openmote-cc2538_armgcc/bsp/boards/openmote-cc2538/startup_gcc.c **** 
 311:build/openmote-cc2538_armgcc/bsp/boards/openmote-cc2538/startup_gcc.c **** void 
 312:build/openmote-cc2538_armgcc/bsp/boards/openmote-cc2538/startup_gcc.c **** ResetISR (void)
 313:build/openmote-cc2538_armgcc/bsp/boards/openmote-cc2538/startup_gcc.c **** {
 280              		.loc 1 313 0
 281              		.cfi_startproc
 282              		@ args = 0, pretend = 0, frame = 8
 283              		@ frame_needed = 1, uses_anonymous_args = 0
 284 001c 80B5     		push	{r7, lr}
 285              		.cfi_def_cfa_offset 8
 286              		.cfi_offset 7, -8
 287              		.cfi_offset 14, -4
 288 001e 82B0     		sub	sp, sp, #8
 289              		.cfi_def_cfa_offset 16
 290 0020 00AF     		add	r7, sp, #0
 291              		.cfi_def_cfa_register 7
 314:build/openmote-cc2538_armgcc/bsp/boards/openmote-cc2538/startup_gcc.c **** 	uint32_t *pui32Src, *pui32Dest;
 315:build/openmote-cc2538_armgcc/bsp/boards/openmote-cc2538/startup_gcc.c **** 
 316:build/openmote-cc2538_armgcc/bsp/boards/openmote-cc2538/startup_gcc.c ****     //
 317:build/openmote-cc2538_armgcc/bsp/boards/openmote-cc2538/startup_gcc.c **** 	// Workaround for PM debug issue
 318:build/openmote-cc2538_armgcc/bsp/boards/openmote-cc2538/startup_gcc.c ****     //
 319:build/openmote-cc2538_armgcc/bsp/boards/openmote-cc2538/startup_gcc.c ****     HWREG(SYS_CTRL_EMUOVR) = 0xFF;
 292              		.loc 1 319 0
 293 0022 42F2B403 		movw	r3, #8372
 294 0026 C4F20D03 		movt	r3, 16397
 295 002a FF22     		movs	r2, #255
 296 002c 1A60     		str	r2, [r3]
 320:build/openmote-cc2538_armgcc/bsp/boards/openmote-cc2538/startup_gcc.c **** 
 321:build/openmote-cc2538_armgcc/bsp/boards/openmote-cc2538/startup_gcc.c **** 
 322:build/openmote-cc2538_armgcc/bsp/boards/openmote-cc2538/startup_gcc.c ****     /* Workaround for J-Link debug issue */
 323:build/openmote-cc2538_armgcc/bsp/boards/openmote-cc2538/startup_gcc.c ****     HWREG(NVIC_VTABLE) = (uint32_t)gVectors;
 297              		.loc 1 323 0
 298 002e 4EF60853 		movw	r3, #60680
 299 0032 CEF20003 		movt	r3, 57344
 300 0036 40F20002 		movw	r2, #:lower16:gVectors
 301 003a C0F20002 		movt	r2, #:upper16:gVectors
 302 003e 1A60     		str	r2, [r3]
 324:build/openmote-cc2538_armgcc/bsp/boards/openmote-cc2538/startup_gcc.c **** 
 325:build/openmote-cc2538_armgcc/bsp/boards/openmote-cc2538/startup_gcc.c ****     //
 326:build/openmote-cc2538_armgcc/bsp/boards/openmote-cc2538/startup_gcc.c **** 	// Copy the data segment initializers from flash to SRAM.
 327:build/openmote-cc2538_armgcc/bsp/boards/openmote-cc2538/startup_gcc.c ****     //
 328:build/openmote-cc2538_armgcc/bsp/boards/openmote-cc2538/startup_gcc.c **** 	pui32Src = &_etext;
 303              		.loc 1 328 0
 304 0040 40F20003 		movw	r3, #:lower16:_etext
 305 0044 C0F20003 		movt	r3, #:upper16:_etext
 306 0048 7B60     		str	r3, [r7, #4]
 329:build/openmote-cc2538_armgcc/bsp/boards/openmote-cc2538/startup_gcc.c **** 	for(pui32Dest = &_data; pui32Dest < &_edata; )
 307              		.loc 1 329 0
 308 004a 40F20003 		movw	r3, #:lower16:_data
 309 004e C0F20003 		movt	r3, #:upper16:_data
 310 0052 3B60     		str	r3, [r7]
 311 0054 07E0     		b	.L8
 312              	.L9:
 330:build/openmote-cc2538_armgcc/bsp/boards/openmote-cc2538/startup_gcc.c **** 	{
 331:build/openmote-cc2538_armgcc/bsp/boards/openmote-cc2538/startup_gcc.c **** 		*pui32Dest++ = *pui32Src++;
 313              		.loc 1 331 0
 314 0056 3B68     		ldr	r3, [r7]
 315 0058 1A1D     		adds	r2, r3, #4
 316 005a 3A60     		str	r2, [r7]
 317 005c 7A68     		ldr	r2, [r7, #4]
 318 005e 111D     		adds	r1, r2, #4
 319 0060 7960     		str	r1, [r7, #4]
 320 0062 1268     		ldr	r2, [r2]
 321 0064 1A60     		str	r2, [r3]
 322              	.L8:
 329:build/openmote-cc2538_armgcc/bsp/boards/openmote-cc2538/startup_gcc.c **** 	for(pui32Dest = &_data; pui32Dest < &_edata; )
 323              		.loc 1 329 0 discriminator 1
 324 0066 3A68     		ldr	r2, [r7]
 325 0068 40F20003 		movw	r3, #:lower16:_edata
 326 006c C0F20003 		movt	r3, #:upper16:_edata
 327 0070 9A42     		cmp	r2, r3
 328 0072 F0D3     		bcc	.L9
 332:build/openmote-cc2538_armgcc/bsp/boards/openmote-cc2538/startup_gcc.c **** 	}
 333:build/openmote-cc2538_armgcc/bsp/boards/openmote-cc2538/startup_gcc.c **** 
 334:build/openmote-cc2538_armgcc/bsp/boards/openmote-cc2538/startup_gcc.c ****     //
 335:build/openmote-cc2538_armgcc/bsp/boards/openmote-cc2538/startup_gcc.c **** 	// Zero fill the bss segment.
 336:build/openmote-cc2538_armgcc/bsp/boards/openmote-cc2538/startup_gcc.c ****     //
 337:build/openmote-cc2538_armgcc/bsp/boards/openmote-cc2538/startup_gcc.c **** 	__asm("    ldr     r0, =_bss\n"
 329              		.loc 1 337 0
 330              	@ 337 "build/openmote-cc2538_armgcc/bsp/boards/openmote-cc2538/startup_gcc.c" 1
 331 0074 0548     		    ldr     r0, =_bss
 332 0076 0649     	    ldr     r1, =_ebss
 333 0078 4FF00002 	    mov     r2, #0
 334              	    .thumb_func
 335              	zero_loop:
 336 007c 8842     	        cmp     r0, r1
 337 007e B8BF     	        it      lt
 338 0080 40F8042B 	        strlt   r2, [r0], #4
 339 0084 FADB     	        blt     zero_loop
 340              	@ 0 "" 2
 338:build/openmote-cc2538_armgcc/bsp/boards/openmote-cc2538/startup_gcc.c **** 		  "    ldr     r1, =_ebss\n"
 339:build/openmote-cc2538_armgcc/bsp/boards/openmote-cc2538/startup_gcc.c **** 		  "    mov     r2, #0\n"
 340:build/openmote-cc2538_armgcc/bsp/boards/openmote-cc2538/startup_gcc.c **** 		  "    .thumb_func\n"
 341:build/openmote-cc2538_armgcc/bsp/boards/openmote-cc2538/startup_gcc.c **** 		  "zero_loop:\n"
 342:build/openmote-cc2538_armgcc/bsp/boards/openmote-cc2538/startup_gcc.c **** 		  "        cmp     r0, r1\n"
 343:build/openmote-cc2538_armgcc/bsp/boards/openmote-cc2538/startup_gcc.c **** 		  "        it      lt\n"
 344:build/openmote-cc2538_armgcc/bsp/boards/openmote-cc2538/startup_gcc.c **** 		  "        strlt   r2, [r0], #4\n"
 345:build/openmote-cc2538_armgcc/bsp/boards/openmote-cc2538/startup_gcc.c **** 		  "        blt     zero_loop");
 346:build/openmote-cc2538_armgcc/bsp/boards/openmote-cc2538/startup_gcc.c **** 
 347:build/openmote-cc2538_armgcc/bsp/boards/openmote-cc2538/startup_gcc.c **** #ifdef CC2538_USE_ALTERNATE_INTERRUPT_MAP
 348:build/openmote-cc2538_armgcc/bsp/boards/openmote-cc2538/startup_gcc.c ****     //
 349:build/openmote-cc2538_armgcc/bsp/boards/openmote-cc2538/startup_gcc.c ****     // Enable alternate interrupt mapping
 350:build/openmote-cc2538_armgcc/bsp/boards/openmote-cc2538/startup_gcc.c ****     //
 351:build/openmote-cc2538_armgcc/bsp/boards/openmote-cc2538/startup_gcc.c ****     HWREG(SYS_CTRL_I_MAP) |= 1;
 352:build/openmote-cc2538_armgcc/bsp/boards/openmote-cc2538/startup_gcc.c **** #endif
 353:build/openmote-cc2538_armgcc/bsp/boards/openmote-cc2538/startup_gcc.c ****    //
 354:build/openmote-cc2538_armgcc/bsp/boards/openmote-cc2538/startup_gcc.c ****    // Call the application's entry point.
 355:build/openmote-cc2538_armgcc/bsp/boards/openmote-cc2538/startup_gcc.c ****    //
 356:build/openmote-cc2538_armgcc/bsp/boards/openmote-cc2538/startup_gcc.c ****    main();
 341              		.loc 1 356 0
 342              		.thumb
 343 0086 FFF7FEFF 		bl	main
 344              	.L10:
 357:build/openmote-cc2538_armgcc/bsp/boards/openmote-cc2538/startup_gcc.c **** 
 358:build/openmote-cc2538_armgcc/bsp/boards/openmote-cc2538/startup_gcc.c ****    //
 359:build/openmote-cc2538_armgcc/bsp/boards/openmote-cc2538/startup_gcc.c ****    // End here if return from main()
 360:build/openmote-cc2538_armgcc/bsp/boards/openmote-cc2538/startup_gcc.c ****    //
 361:build/openmote-cc2538_armgcc/bsp/boards/openmote-cc2538/startup_gcc.c ****    while(1)
 362:build/openmote-cc2538_armgcc/bsp/boards/openmote-cc2538/startup_gcc.c ****    {
 363:build/openmote-cc2538_armgcc/bsp/boards/openmote-cc2538/startup_gcc.c ****    }
 345              		.loc 1 363 0 discriminator 1
 346 008a FEE7     		b	.L10
 347              		.cfi_endproc
 348              	.LFE3:
 350              	.Letext0:
 351              		.file 2 "/usr/include/newlib/machine/_default_types.h"
 352              		.file 3 "/usr/include/newlib/stdint.h"
DEFINED SYMBOLS
                            *ABS*:0000000000000000 startup_gcc.c
     /tmp/cc5A0JXL.s:19     .bss:0000000000000000 $d
     /tmp/cc5A0JXL.s:20     .bss:0000000000000000 pui32Stack
     /tmp/cc5A0JXL.s:27     .flashcca:0000000000000000 __cca
     /tmp/cc5A0JXL.s:24     .flashcca:0000000000000000 $d
     /tmp/cc5A0JXL.s:36     .vectors:0000000000000000 gVectors
     /tmp/cc5A0JXL.s:33     .vectors:0000000000000000 $d
     /tmp/cc5A0JXL.s:278    .text:000000000000001c ResetISR
     /tmp/cc5A0JXL.s:206    .text:0000000000000000 NmiSR
     /tmp/cc5A0JXL.s:232    .text:000000000000000c FaultISR
     /tmp/cc5A0JXL.s:255    .text:0000000000000014 IntDefaultHandler
     /tmp/cc5A0JXL.s:201    .text:0000000000000000 $t
     /tmp/cc5A0JXL.s:335    .text:000000000000007c zero_loop
     /tmp/cc5A0JXL.s:353    .text:000000000000008c $d
                     .debug_frame:0000000000000010 $d
                           .group:0000000000000000 wm4.1.08074afb2ccc9da754fae8e3ee0f577b
                           .group:0000000000000000 wm4.features.h.22.6a4ca7cd053637cc1d0db6c16f39b2d7
                           .group:0000000000000000 wm4._default_types.h.15.8b2cb27e528498f8ff711db085d6e489
                           .group:0000000000000000 wm4.stdint.h.20.796e373797e732130a803d4c0338fa1b
                           .group:0000000000000000 wm4.hw_nvic.h.42.f3b9efa2537e728866c85de74b3e5811

UNDEFINED SYMBOLS
_etext
_data
_edata
_bss
_ebss
main
